[31-Aug-2021 16:32:47 UTC] my 3D func input
[31-Aug-2021 16:32:47 UTC] WP_REST_Request Object
(
    [method:protected] => POST
    [params:protected] => Array
        (
            [URL] => Array
                (
                    [id] => 341
                )

            [GET] => Array
                (
                )

            [POST] => Array
                (
                    [entretoise] => blanche
                )

            [FILES] => Array
                (
                )

            [JSON] => 
            [defaults] => Array
                (
                )

        )

    [headers:protected] => Array
        (
            [authorization] => Array
                (
                    [0] => 
                )

            [host] => Array
                (
                    [0] => localhost
                )

            [user_agent] => Array
                (
                    [0] => Mozilla/5.0 (Macintosh; Intel Mac OS X 10.14; rv:87.0) Gecko/20100101 Firefox/87.0
                )

            [accept] => Array
                (
                    [0] => */*
                )

            [accept_language] => Array
                (
                    [0] => fr,fr-FR;q=0.8,en-US;q=0.5,en;q=0.3
                )

            [accept_encoding] => Array
                (
                    [0] => gzip, deflate
                )

            [content_type] => Array
                (
                    [0] => application/x-www-form-urlencoded; charset=UTF-8
                )

            [x_requested_with] => Array
                (
                    [0] => XMLHttpRequest
                )

            [content_length] => Array
                (
                    [0] => 18
                )

            [origin] => Array
                (
                    [0] => http://localhost
                )

            [connection] => Array
                (
                    [0] => keep-alive
                )

            [referer] => Array
                (
                    [0] => http://localhost/www/MCL_POC/boutique/chateau-laguiole-grand-cru-bois-debene-entretoise-blanche/
                )

            [cookie] => Array
                (
                    [0] => mailchimp_landing_site=http%3A%2F%2Flocalhost%2Fwww%2FMCL_POC%2Fwww%2FMCL_POC%2F%3Fwc-ajax%3Dget_refreshed_fragments
                )

        )

    [body:protected] => entretoise=blanche
    [route:protected] => /3D/v1/product/341
    [attributes:protected] => Array
        (
            [methods] => Array
                (
                    [POST] => 1
                )

            [accept_json] => 
            [accept_raw] => 
            [show_in_index] => 1
            [args] => Array
                (
                )

            [callback] => my_3D_func
            [permission_callback] => __return_true
        )

    [parsed_json:protected] => 1
    [parsed_body:protected] => 
)

[31-Aug-2021 16:36:49 UTC] PHP Parse error:  syntax error, unexpected identifier "write_log" in /Users/laurentbinder/Sites/www/MCL_POC/wp-content/themes/bootcommerce-5-child/functions.php on line 84
[31-Aug-2021 16:55:21 UTC] PHP Warning:  Undefined variable $sync_status in /Users/laurentbinder/Sites/www/MCL_POC/wp-content/plugins/google-listings-and-ads/views/meta-box/channel_visibility.php on line 81
