2021-08-31T12:35:15+00:00 CRITICAL Uncaught TypeError: call_user_func_array(): Argument #1 ($function) must be a valid callback, function "duplicator_global_scripts" not found or invalid function name in /Users/laurentbinder/Sites/www/MCL_POC/wp-includes/class-wp-hook.php:303
Stack trace:
#0 /Users/laurentbinder/Sites/www/MCL_POC/wp-includes/class-wp-hook.php(327): WP_Hook->apply_filters(NULL, Array)
#1 /Users/laurentbinder/Sites/www/MCL_POC/wp-includes/plugin.php(470): WP_Hook->do_action(Array)
#2 /Users/laurentbinder/Sites/www/MCL_POC/wp-includes/script-loader.php(2083): do_action('wp_enqueue_scri...')
#3 /Users/laurentbinder/Sites/www/MCL_POC/wp-includes/class-wp-hook.php(303): wp_enqueue_scripts('')
#4 /Users/laurentbinder/Sites/www/MCL_POC/wp-includes/class-wp-hook.php(327): WP_Hook->apply_filters(NULL, Array)
#5 /Users/laurentbinder/Sites/www/MCL_POC/wp-includes/plugin.php(470): WP_Hook->do_action(Array)
#6 /Users/laurentbinder/Sites/www/MCL_POC/wp-includes/general-template.php(3015): do_action('wp_head')
#7 /Users/laurentbinder/Sites/www/MCL_POC/wp-includes/blocks/legacy-widget.php(104): wp_head()
#8 /Users/laurentbinder/Sites/www/MCL_POC/wp-includes/class-wp-hook.php(303): handle_legacy_widget_preview_iframe('')
#9 /Users/laurentbinder/Sites/www/MCL_POC/wp-includes/class-wp-hook.php(327): WP_Hook->apply_filters(NULL, Array)
#10 /Users/laurentbinder/Sites/www/MCL_POC/wp-includes/plugin.php(470): WP_Hook->do_action(Array)
#11 /Users/laurentbinder/Sites/www/MCL_POC/wp-admin/admin.php(175): do_action('admin_init')
#12 /Users/laurentbinder/Sites/www/MCL_POC/wp-admin/widgets.php(10): require_once('/Users/laurentb...')
#13 {main}
  thrown in /Users/laurentbinder/Sites/www/MCL_POC/wp-includes/class-wp-hook.php on line 303

2021-08-31T12:35:15+00:00 CRITICAL Uncaught TypeError: call_user_func_array(): Argument #1 ($function) must be a valid callback, function "duplicator_global_scripts" not found or invalid function name in /Users/laurentbinder/Sites/www/MCL_POC/wp-includes/class-wp-hook.php:303
Stack trace:
#0 /Users/laurentbinder/Sites/www/MCL_POC/wp-includes/class-wp-hook.php(327): WP_Hook->apply_filters(NULL, Array)
#1 /Users/laurentbinder/Sites/www/MCL_POC/wp-includes/plugin.php(470): WP_Hook->do_action(Array)
#2 /Users/laurentbinder/Sites/www/MCL_POC/wp-includes/script-loader.php(2083): do_action('wp_enqueue_scri...')
#3 /Users/laurentbinder/Sites/www/MCL_POC/wp-includes/class-wp-hook.php(303): wp_enqueue_scripts('')
#4 /Users/laurentbinder/Sites/www/MCL_POC/wp-includes/class-wp-hook.php(327): WP_Hook->apply_filters(NULL, Array)
#5 /Users/laurentbinder/Sites/www/MCL_POC/wp-includes/plugin.php(470): WP_Hook->do_action(Array)
#6 /Users/laurentbinder/Sites/www/MCL_POC/wp-includes/general-template.php(3015): do_action('wp_head')
#7 /Users/laurentbinder/Sites/www/MCL_POC/wp-includes/blocks/legacy-widget.php(104): wp_head()
#8 /Users/laurentbinder/Sites/www/MCL_POC/wp-includes/class-wp-hook.php(303): handle_legacy_widget_preview_iframe('')
#9 /Users/laurentbinder/Sites/www/MCL_POC/wp-includes/class-wp-hook.php(327): WP_Hook->apply_filters(NULL, Array)
#10 /Users/laurentbinder/Sites/www/MCL_POC/wp-includes/plugin.php(470): WP_Hook->do_action(Array)
#11 /Users/laurentbinder/Sites/www/MCL_POC/wp-admin/admin.php(175): do_action('admin_init')
#12 /Users/laurentbinder/Sites/www/MCL_POC/wp-admin/widgets.php(10): require_once('/Users/laurentb...')
#13 {main}
  thrown in /Users/laurentbinder/Sites/www/MCL_POC/wp-includes/class-wp-hook.php on line 303

2021-08-31T12:35:15+00:00 CRITICAL Uncaught TypeError: call_user_func_array(): Argument #1 ($function) must be a valid callback, function "duplicator_global_scripts" not found or invalid function name in /Users/laurentbinder/Sites/www/MCL_POC/wp-includes/class-wp-hook.php:303
Stack trace:
#0 /Users/laurentbinder/Sites/www/MCL_POC/wp-includes/class-wp-hook.php(327): WP_Hook->apply_filters(NULL, Array)
#1 /Users/laurentbinder/Sites/www/MCL_POC/wp-includes/plugin.php(470): WP_Hook->do_action(Array)
#2 /Users/laurentbinder/Sites/www/MCL_POC/wp-includes/script-loader.php(2083): do_action('wp_enqueue_scri...')
#3 /Users/laurentbinder/Sites/www/MCL_POC/wp-includes/class-wp-hook.php(303): wp_enqueue_scripts('')
#4 /Users/laurentbinder/Sites/www/MCL_POC/wp-includes/class-wp-hook.php(327): WP_Hook->apply_filters(NULL, Array)
#5 /Users/laurentbinder/Sites/www/MCL_POC/wp-includes/plugin.php(470): WP_Hook->do_action(Array)
#6 /Users/laurentbinder/Sites/www/MCL_POC/wp-includes/general-template.php(3015): do_action('wp_head')
#7 /Users/laurentbinder/Sites/www/MCL_POC/wp-includes/blocks/legacy-widget.php(104): wp_head()
#8 /Users/laurentbinder/Sites/www/MCL_POC/wp-includes/class-wp-hook.php(303): handle_legacy_widget_preview_iframe('')
#9 /Users/laurentbinder/Sites/www/MCL_POC/wp-includes/class-wp-hook.php(327): WP_Hook->apply_filters(NULL, Array)
#10 /Users/laurentbinder/Sites/www/MCL_POC/wp-includes/plugin.php(470): WP_Hook->do_action(Array)
#11 /Users/laurentbinder/Sites/www/MCL_POC/wp-admin/admin.php(175): do_action('admin_init')
#12 /Users/laurentbinder/Sites/www/MCL_POC/wp-admin/widgets.php(10): require_once('/Users/laurentb...')
#13 {main}
  thrown in /Users/laurentbinder/Sites/www/MCL_POC/wp-includes/class-wp-hook.php on line 303

2021-08-31T12:35:15+00:00 CRITICAL Uncaught TypeError: call_user_func_array(): Argument #1 ($function) must be a valid callback, function "duplicator_global_scripts" not found or invalid function name in /Users/laurentbinder/Sites/www/MCL_POC/wp-includes/class-wp-hook.php:303
Stack trace:
#0 /Users/laurentbinder/Sites/www/MCL_POC/wp-includes/class-wp-hook.php(327): WP_Hook->apply_filters(NULL, Array)
#1 /Users/laurentbinder/Sites/www/MCL_POC/wp-includes/plugin.php(470): WP_Hook->do_action(Array)
#2 /Users/laurentbinder/Sites/www/MCL_POC/wp-includes/script-loader.php(2083): do_action('wp_enqueue_scri...')
#3 /Users/laurentbinder/Sites/www/MCL_POC/wp-includes/class-wp-hook.php(303): wp_enqueue_scripts('')
#4 /Users/laurentbinder/Sites/www/MCL_POC/wp-includes/class-wp-hook.php(327): WP_Hook->apply_filters(NULL, Array)
#5 /Users/laurentbinder/Sites/www/MCL_POC/wp-includes/plugin.php(470): WP_Hook->do_action(Array)
#6 /Users/laurentbinder/Sites/www/MCL_POC/wp-includes/general-template.php(3015): do_action('wp_head')
#7 /Users/laurentbinder/Sites/www/MCL_POC/wp-includes/blocks/legacy-widget.php(104): wp_head()
#8 /Users/laurentbinder/Sites/www/MCL_POC/wp-includes/class-wp-hook.php(303): handle_legacy_widget_preview_iframe('')
#9 /Users/laurentbinder/Sites/www/MCL_POC/wp-includes/class-wp-hook.php(327): WP_Hook->apply_filters(NULL, Array)
#10 /Users/laurentbinder/Sites/www/MCL_POC/wp-includes/plugin.php(470): WP_Hook->do_action(Array)
#11 /Users/laurentbinder/Sites/www/MCL_POC/wp-admin/admin.php(175): do_action('admin_init')
#12 /Users/laurentbinder/Sites/www/MCL_POC/wp-admin/widgets.php(10): require_once('/Users/laurentb...')
#13 {main}
  thrown in /Users/laurentbinder/Sites/www/MCL_POC/wp-includes/class-wp-hook.php on line 303

2021-08-31T12:35:16+00:00 CRITICAL Uncaught TypeError: call_user_func_array(): Argument #1 ($function) must be a valid callback, function "duplicator_global_scripts" not found or invalid function name in /Users/laurentbinder/Sites/www/MCL_POC/wp-includes/class-wp-hook.php:303
Stack trace:
#0 /Users/laurentbinder/Sites/www/MCL_POC/wp-includes/class-wp-hook.php(327): WP_Hook->apply_filters(NULL, Array)
#1 /Users/laurentbinder/Sites/www/MCL_POC/wp-includes/plugin.php(470): WP_Hook->do_action(Array)
#2 /Users/laurentbinder/Sites/www/MCL_POC/wp-includes/script-loader.php(2083): do_action('wp_enqueue_scri...')
#3 /Users/laurentbinder/Sites/www/MCL_POC/wp-includes/class-wp-hook.php(303): wp_enqueue_scripts('')
#4 /Users/laurentbinder/Sites/www/MCL_POC/wp-includes/class-wp-hook.php(327): WP_Hook->apply_filters(NULL, Array)
#5 /Users/laurentbinder/Sites/www/MCL_POC/wp-includes/plugin.php(470): WP_Hook->do_action(Array)
#6 /Users/laurentbinder/Sites/www/MCL_POC/wp-includes/general-template.php(3015): do_action('wp_head')
#7 /Users/laurentbinder/Sites/www/MCL_POC/wp-includes/blocks/legacy-widget.php(104): wp_head()
#8 /Users/laurentbinder/Sites/www/MCL_POC/wp-includes/class-wp-hook.php(303): handle_legacy_widget_preview_iframe('')
#9 /Users/laurentbinder/Sites/www/MCL_POC/wp-includes/class-wp-hook.php(327): WP_Hook->apply_filters(NULL, Array)
#10 /Users/laurentbinder/Sites/www/MCL_POC/wp-includes/plugin.php(470): WP_Hook->do_action(Array)
#11 /Users/laurentbinder/Sites/www/MCL_POC/wp-admin/admin.php(175): do_action('admin_init')
#12 /Users/laurentbinder/Sites/www/MCL_POC/wp-admin/widgets.php(10): require_once('/Users/laurentb...')
#13 {main}
  thrown in /Users/laurentbinder/Sites/www/MCL_POC/wp-includes/class-wp-hook.php on line 303

2021-08-31T12:35:16+00:00 CRITICAL Uncaught TypeError: call_user_func_array(): Argument #1 ($function) must be a valid callback, function "duplicator_global_scripts" not found or invalid function name in /Users/laurentbinder/Sites/www/MCL_POC/wp-includes/class-wp-hook.php:303
Stack trace:
#0 /Users/laurentbinder/Sites/www/MCL_POC/wp-includes/class-wp-hook.php(327): WP_Hook->apply_filters(NULL, Array)
#1 /Users/laurentbinder/Sites/www/MCL_POC/wp-includes/plugin.php(470): WP_Hook->do_action(Array)
#2 /Users/laurentbinder/Sites/www/MCL_POC/wp-includes/script-loader.php(2083): do_action('wp_enqueue_scri...')
#3 /Users/laurentbinder/Sites/www/MCL_POC/wp-includes/class-wp-hook.php(303): wp_enqueue_scripts('')
#4 /Users/laurentbinder/Sites/www/MCL_POC/wp-includes/class-wp-hook.php(327): WP_Hook->apply_filters(NULL, Array)
#5 /Users/laurentbinder/Sites/www/MCL_POC/wp-includes/plugin.php(470): WP_Hook->do_action(Array)
#6 /Users/laurentbinder/Sites/www/MCL_POC/wp-includes/general-template.php(3015): do_action('wp_head')
#7 /Users/laurentbinder/Sites/www/MCL_POC/wp-includes/blocks/legacy-widget.php(104): wp_head()
#8 /Users/laurentbinder/Sites/www/MCL_POC/wp-includes/class-wp-hook.php(303): handle_legacy_widget_preview_iframe('')
#9 /Users/laurentbinder/Sites/www/MCL_POC/wp-includes/class-wp-hook.php(327): WP_Hook->apply_filters(NULL, Array)
#10 /Users/laurentbinder/Sites/www/MCL_POC/wp-includes/plugin.php(470): WP_Hook->do_action(Array)
#11 /Users/laurentbinder/Sites/www/MCL_POC/wp-admin/admin.php(175): do_action('admin_init')
#12 /Users/laurentbinder/Sites/www/MCL_POC/wp-admin/widgets.php(10): require_once('/Users/laurentb...')
#13 {main}
  thrown in /Users/laurentbinder/Sites/www/MCL_POC/wp-includes/class-wp-hook.php on line 303

2021-08-31T12:35:17+00:00 CRITICAL Uncaught TypeError: call_user_func_array(): Argument #1 ($function) must be a valid callback, function "duplicator_global_scripts" not found or invalid function name in /Users/laurentbinder/Sites/www/MCL_POC/wp-includes/class-wp-hook.php:303
Stack trace:
#0 /Users/laurentbinder/Sites/www/MCL_POC/wp-includes/class-wp-hook.php(327): WP_Hook->apply_filters(NULL, Array)
#1 /Users/laurentbinder/Sites/www/MCL_POC/wp-includes/plugin.php(470): WP_Hook->do_action(Array)
#2 /Users/laurentbinder/Sites/www/MCL_POC/wp-includes/script-loader.php(2083): do_action('wp_enqueue_scri...')
#3 /Users/laurentbinder/Sites/www/MCL_POC/wp-includes/class-wp-hook.php(303): wp_enqueue_scripts('')
#4 /Users/laurentbinder/Sites/www/MCL_POC/wp-includes/class-wp-hook.php(327): WP_Hook->apply_filters(NULL, Array)
#5 /Users/laurentbinder/Sites/www/MCL_POC/wp-includes/plugin.php(470): WP_Hook->do_action(Array)
#6 /Users/laurentbinder/Sites/www/MCL_POC/wp-includes/general-template.php(3015): do_action('wp_head')
#7 /Users/laurentbinder/Sites/www/MCL_POC/wp-includes/blocks/legacy-widget.php(104): wp_head()
#8 /Users/laurentbinder/Sites/www/MCL_POC/wp-includes/class-wp-hook.php(303): handle_legacy_widget_preview_iframe('')
#9 /Users/laurentbinder/Sites/www/MCL_POC/wp-includes/class-wp-hook.php(327): WP_Hook->apply_filters(NULL, Array)
#10 /Users/laurentbinder/Sites/www/MCL_POC/wp-includes/plugin.php(470): WP_Hook->do_action(Array)
#11 /Users/laurentbinder/Sites/www/MCL_POC/wp-admin/admin.php(175): do_action('admin_init')
#12 /Users/laurentbinder/Sites/www/MCL_POC/wp-admin/widgets.php(10): require_once('/Users/laurentb...')
#13 {main}
  thrown in /Users/laurentbinder/Sites/www/MCL_POC/wp-includes/class-wp-hook.php on line 303

2021-08-31T12:35:17+00:00 CRITICAL Uncaught TypeError: call_user_func_array(): Argument #1 ($function) must be a valid callback, function "duplicator_global_scripts" not found or invalid function name in /Users/laurentbinder/Sites/www/MCL_POC/wp-includes/class-wp-hook.php:303
Stack trace:
#0 /Users/laurentbinder/Sites/www/MCL_POC/wp-includes/class-wp-hook.php(327): WP_Hook->apply_filters(NULL, Array)
#1 /Users/laurentbinder/Sites/www/MCL_POC/wp-includes/plugin.php(470): WP_Hook->do_action(Array)
#2 /Users/laurentbinder/Sites/www/MCL_POC/wp-includes/script-loader.php(2083): do_action('wp_enqueue_scri...')
#3 /Users/laurentbinder/Sites/www/MCL_POC/wp-includes/class-wp-hook.php(303): wp_enqueue_scripts('')
#4 /Users/laurentbinder/Sites/www/MCL_POC/wp-includes/class-wp-hook.php(327): WP_Hook->apply_filters(NULL, Array)
#5 /Users/laurentbinder/Sites/www/MCL_POC/wp-includes/plugin.php(470): WP_Hook->do_action(Array)
#6 /Users/laurentbinder/Sites/www/MCL_POC/wp-includes/general-template.php(3015): do_action('wp_head')
#7 /Users/laurentbinder/Sites/www/MCL_POC/wp-includes/blocks/legacy-widget.php(104): wp_head()
#8 /Users/laurentbinder/Sites/www/MCL_POC/wp-includes/class-wp-hook.php(303): handle_legacy_widget_preview_iframe('')
#9 /Users/laurentbinder/Sites/www/MCL_POC/wp-includes/class-wp-hook.php(327): WP_Hook->apply_filters(NULL, Array)
#10 /Users/laurentbinder/Sites/www/MCL_POC/wp-includes/plugin.php(470): WP_Hook->do_action(Array)
#11 /Users/laurentbinder/Sites/www/MCL_POC/wp-admin/admin.php(175): do_action('admin_init')
#12 /Users/laurentbinder/Sites/www/MCL_POC/wp-admin/widgets.php(10): require_once('/Users/laurentb...')
#13 {main}
  thrown in /Users/laurentbinder/Sites/www/MCL_POC/wp-includes/class-wp-hook.php on line 303

2021-08-31T12:35:17+00:00 CRITICAL Uncaught TypeError: call_user_func_array(): Argument #1 ($function) must be a valid callback, function "duplicator_global_scripts" not found or invalid function name in /Users/laurentbinder/Sites/www/MCL_POC/wp-includes/class-wp-hook.php:303
Stack trace:
#0 /Users/laurentbinder/Sites/www/MCL_POC/wp-includes/class-wp-hook.php(327): WP_Hook->apply_filters(NULL, Array)
#1 /Users/laurentbinder/Sites/www/MCL_POC/wp-includes/plugin.php(470): WP_Hook->do_action(Array)
#2 /Users/laurentbinder/Sites/www/MCL_POC/wp-includes/script-loader.php(2083): do_action('wp_enqueue_scri...')
#3 /Users/laurentbinder/Sites/www/MCL_POC/wp-includes/class-wp-hook.php(303): wp_enqueue_scripts('')
#4 /Users/laurentbinder/Sites/www/MCL_POC/wp-includes/class-wp-hook.php(327): WP_Hook->apply_filters(NULL, Array)
#5 /Users/laurentbinder/Sites/www/MCL_POC/wp-includes/plugin.php(470): WP_Hook->do_action(Array)
#6 /Users/laurentbinder/Sites/www/MCL_POC/wp-includes/general-template.php(3015): do_action('wp_head')
#7 /Users/laurentbinder/Sites/www/MCL_POC/wp-includes/blocks/legacy-widget.php(104): wp_head()
#8 /Users/laurentbinder/Sites/www/MCL_POC/wp-includes/class-wp-hook.php(303): handle_legacy_widget_preview_iframe('')
#9 /Users/laurentbinder/Sites/www/MCL_POC/wp-includes/class-wp-hook.php(327): WP_Hook->apply_filters(NULL, Array)
#10 /Users/laurentbinder/Sites/www/MCL_POC/wp-includes/plugin.php(470): WP_Hook->do_action(Array)
#11 /Users/laurentbinder/Sites/www/MCL_POC/wp-admin/admin.php(175): do_action('admin_init')
#12 /Users/laurentbinder/Sites/www/MCL_POC/wp-admin/widgets.php(10): require_once('/Users/laurentb...')
#13 {main}
  thrown in /Users/laurentbinder/Sites/www/MCL_POC/wp-includes/class-wp-hook.php on line 303

2021-08-31T12:35:17+00:00 CRITICAL Uncaught TypeError: call_user_func_array(): Argument #1 ($function) must be a valid callback, function "duplicator_global_scripts" not found or invalid function name in /Users/laurentbinder/Sites/www/MCL_POC/wp-includes/class-wp-hook.php:303
Stack trace:
#0 /Users/laurentbinder/Sites/www/MCL_POC/wp-includes/class-wp-hook.php(327): WP_Hook->apply_filters(NULL, Array)
#1 /Users/laurentbinder/Sites/www/MCL_POC/wp-includes/plugin.php(470): WP_Hook->do_action(Array)
#2 /Users/laurentbinder/Sites/www/MCL_POC/wp-includes/script-loader.php(2083): do_action('wp_enqueue_scri...')
#3 /Users/laurentbinder/Sites/www/MCL_POC/wp-includes/class-wp-hook.php(303): wp_enqueue_scripts('')
#4 /Users/laurentbinder/Sites/www/MCL_POC/wp-includes/class-wp-hook.php(327): WP_Hook->apply_filters(NULL, Array)
#5 /Users/laurentbinder/Sites/www/MCL_POC/wp-includes/plugin.php(470): WP_Hook->do_action(Array)
#6 /Users/laurentbinder/Sites/www/MCL_POC/wp-includes/general-template.php(3015): do_action('wp_head')
#7 /Users/laurentbinder/Sites/www/MCL_POC/wp-includes/blocks/legacy-widget.php(104): wp_head()
#8 /Users/laurentbinder/Sites/www/MCL_POC/wp-includes/class-wp-hook.php(303): handle_legacy_widget_preview_iframe('')
#9 /Users/laurentbinder/Sites/www/MCL_POC/wp-includes/class-wp-hook.php(327): WP_Hook->apply_filters(NULL, Array)
#10 /Users/laurentbinder/Sites/www/MCL_POC/wp-includes/plugin.php(470): WP_Hook->do_action(Array)
#11 /Users/laurentbinder/Sites/www/MCL_POC/wp-admin/admin.php(175): do_action('admin_init')
#12 /Users/laurentbinder/Sites/www/MCL_POC/wp-admin/widgets.php(10): require_once('/Users/laurentb...')
#13 {main}
  thrown in /Users/laurentbinder/Sites/www/MCL_POC/wp-includes/class-wp-hook.php on line 303

2021-08-31T12:35:17+00:00 CRITICAL Uncaught TypeError: call_user_func_array(): Argument #1 ($function) must be a valid callback, function "duplicator_global_scripts" not found or invalid function name in /Users/laurentbinder/Sites/www/MCL_POC/wp-includes/class-wp-hook.php:303
Stack trace:
#0 /Users/laurentbinder/Sites/www/MCL_POC/wp-includes/class-wp-hook.php(327): WP_Hook->apply_filters(NULL, Array)
#1 /Users/laurentbinder/Sites/www/MCL_POC/wp-includes/plugin.php(470): WP_Hook->do_action(Array)
#2 /Users/laurentbinder/Sites/www/MCL_POC/wp-includes/script-loader.php(2083): do_action('wp_enqueue_scri...')
#3 /Users/laurentbinder/Sites/www/MCL_POC/wp-includes/class-wp-hook.php(303): wp_enqueue_scripts('')
#4 /Users/laurentbinder/Sites/www/MCL_POC/wp-includes/class-wp-hook.php(327): WP_Hook->apply_filters(NULL, Array)
#5 /Users/laurentbinder/Sites/www/MCL_POC/wp-includes/plugin.php(470): WP_Hook->do_action(Array)
#6 /Users/laurentbinder/Sites/www/MCL_POC/wp-includes/general-template.php(3015): do_action('wp_head')
#7 /Users/laurentbinder/Sites/www/MCL_POC/wp-includes/blocks/legacy-widget.php(104): wp_head()
#8 /Users/laurentbinder/Sites/www/MCL_POC/wp-includes/class-wp-hook.php(303): handle_legacy_widget_preview_iframe('')
#9 /Users/laurentbinder/Sites/www/MCL_POC/wp-includes/class-wp-hook.php(327): WP_Hook->apply_filters(NULL, Array)
#10 /Users/laurentbinder/Sites/www/MCL_POC/wp-includes/plugin.php(470): WP_Hook->do_action(Array)
#11 /Users/laurentbinder/Sites/www/MCL_POC/wp-admin/admin.php(175): do_action('admin_init')
#12 /Users/laurentbinder/Sites/www/MCL_POC/wp-admin/widgets.php(10): require_once('/Users/laurentb...')
#13 {main}
  thrown in /Users/laurentbinder/Sites/www/MCL_POC/wp-includes/class-wp-hook.php on line 303

2021-08-31T13:28:41+00:00 CRITICAL Uncaught TypeError: call_user_func_array(): Argument #1 ($function) must be a valid callback, function "duplicator_global_scripts" not found or invalid function name in /Users/laurentbinder/Sites/www/MCL_POC/wp-includes/class-wp-hook.php:303
Stack trace:
#0 /Users/laurentbinder/Sites/www/MCL_POC/wp-includes/class-wp-hook.php(327): WP_Hook->apply_filters(NULL, Array)
#1 /Users/laurentbinder/Sites/www/MCL_POC/wp-includes/plugin.php(470): WP_Hook->do_action(Array)
#2 /Users/laurentbinder/Sites/www/MCL_POC/wp-includes/script-loader.php(2083): do_action('wp_enqueue_scri...')
#3 /Users/laurentbinder/Sites/www/MCL_POC/wp-includes/class-wp-hook.php(303): wp_enqueue_scripts('')
#4 /Users/laurentbinder/Sites/www/MCL_POC/wp-includes/class-wp-hook.php(327): WP_Hook->apply_filters(NULL, Array)
#5 /Users/laurentbinder/Sites/www/MCL_POC/wp-includes/plugin.php(470): WP_Hook->do_action(Array)
#6 /Users/laurentbinder/Sites/www/MCL_POC/wp-includes/general-template.php(3015): do_action('wp_head')
#7 /Users/laurentbinder/Sites/www/MCL_POC/wp-includes/blocks/legacy-widget.php(104): wp_head()
#8 /Users/laurentbinder/Sites/www/MCL_POC/wp-includes/class-wp-hook.php(303): handle_legacy_widget_preview_iframe('')
#9 /Users/laurentbinder/Sites/www/MCL_POC/wp-includes/class-wp-hook.php(327): WP_Hook->apply_filters(NULL, Array)
#10 /Users/laurentbinder/Sites/www/MCL_POC/wp-includes/plugin.php(470): WP_Hook->do_action(Array)
#11 /Users/laurentbinder/Sites/www/MCL_POC/wp-admin/admin.php(175): do_action('admin_init')
#12 /Users/laurentbinder/Sites/www/MCL_POC/wp-admin/widgets.php(10): require_once('/Users/laurentb...')
#13 {main}
  thrown in /Users/laurentbinder/Sites/www/MCL_POC/wp-includes/class-wp-hook.php on line 303

2021-08-31T13:28:42+00:00 CRITICAL Uncaught TypeError: call_user_func_array(): Argument #1 ($function) must be a valid callback, function "duplicator_global_scripts" not found or invalid function name in /Users/laurentbinder/Sites/www/MCL_POC/wp-includes/class-wp-hook.php:303
Stack trace:
#0 /Users/laurentbinder/Sites/www/MCL_POC/wp-includes/class-wp-hook.php(327): WP_Hook->apply_filters(NULL, Array)
#1 /Users/laurentbinder/Sites/www/MCL_POC/wp-includes/plugin.php(470): WP_Hook->do_action(Array)
#2 /Users/laurentbinder/Sites/www/MCL_POC/wp-includes/script-loader.php(2083): do_action('wp_enqueue_scri...')
#3 /Users/laurentbinder/Sites/www/MCL_POC/wp-includes/class-wp-hook.php(303): wp_enqueue_scripts('')
#4 /Users/laurentbinder/Sites/www/MCL_POC/wp-includes/class-wp-hook.php(327): WP_Hook->apply_filters(NULL, Array)
#5 /Users/laurentbinder/Sites/www/MCL_POC/wp-includes/plugin.php(470): WP_Hook->do_action(Array)
#6 /Users/laurentbinder/Sites/www/MCL_POC/wp-includes/general-template.php(3015): do_action('wp_head')
#7 /Users/laurentbinder/Sites/www/MCL_POC/wp-includes/blocks/legacy-widget.php(104): wp_head()
#8 /Users/laurentbinder/Sites/www/MCL_POC/wp-includes/class-wp-hook.php(303): handle_legacy_widget_preview_iframe('')
#9 /Users/laurentbinder/Sites/www/MCL_POC/wp-includes/class-wp-hook.php(327): WP_Hook->apply_filters(NULL, Array)
#10 /Users/laurentbinder/Sites/www/MCL_POC/wp-includes/plugin.php(470): WP_Hook->do_action(Array)
#11 /Users/laurentbinder/Sites/www/MCL_POC/wp-admin/admin.php(175): do_action('admin_init')
#12 /Users/laurentbinder/Sites/www/MCL_POC/wp-admin/widgets.php(10): require_once('/Users/laurentb...')
#13 {main}
  thrown in /Users/laurentbinder/Sites/www/MCL_POC/wp-includes/class-wp-hook.php on line 303

2021-08-31T13:28:42+00:00 CRITICAL Uncaught TypeError: call_user_func_array(): Argument #1 ($function) must be a valid callback, function "duplicator_global_scripts" not found or invalid function name in /Users/laurentbinder/Sites/www/MCL_POC/wp-includes/class-wp-hook.php:303
Stack trace:
#0 /Users/laurentbinder/Sites/www/MCL_POC/wp-includes/class-wp-hook.php(327): WP_Hook->apply_filters(NULL, Array)
#1 /Users/laurentbinder/Sites/www/MCL_POC/wp-includes/plugin.php(470): WP_Hook->do_action(Array)
#2 /Users/laurentbinder/Sites/www/MCL_POC/wp-includes/script-loader.php(2083): do_action('wp_enqueue_scri...')
#3 /Users/laurentbinder/Sites/www/MCL_POC/wp-includes/class-wp-hook.php(303): wp_enqueue_scripts('')
#4 /Users/laurentbinder/Sites/www/MCL_POC/wp-includes/class-wp-hook.php(327): WP_Hook->apply_filters(NULL, Array)
#5 /Users/laurentbinder/Sites/www/MCL_POC/wp-includes/plugin.php(470): WP_Hook->do_action(Array)
#6 /Users/laurentbinder/Sites/www/MCL_POC/wp-includes/general-template.php(3015): do_action('wp_head')
#7 /Users/laurentbinder/Sites/www/MCL_POC/wp-includes/blocks/legacy-widget.php(104): wp_head()
#8 /Users/laurentbinder/Sites/www/MCL_POC/wp-includes/class-wp-hook.php(303): handle_legacy_widget_preview_iframe('')
#9 /Users/laurentbinder/Sites/www/MCL_POC/wp-includes/class-wp-hook.php(327): WP_Hook->apply_filters(NULL, Array)
#10 /Users/laurentbinder/Sites/www/MCL_POC/wp-includes/plugin.php(470): WP_Hook->do_action(Array)
#11 /Users/laurentbinder/Sites/www/MCL_POC/wp-admin/admin.php(175): do_action('admin_init')
#12 /Users/laurentbinder/Sites/www/MCL_POC/wp-admin/widgets.php(10): require_once('/Users/laurentb...')
#13 {main}
  thrown in /Users/laurentbinder/Sites/www/MCL_POC/wp-includes/class-wp-hook.php on line 303

2021-08-31T13:28:42+00:00 CRITICAL Uncaught TypeError: call_user_func_array(): Argument #1 ($function) must be a valid callback, function "duplicator_global_scripts" not found or invalid function name in /Users/laurentbinder/Sites/www/MCL_POC/wp-includes/class-wp-hook.php:303
Stack trace:
#0 /Users/laurentbinder/Sites/www/MCL_POC/wp-includes/class-wp-hook.php(327): WP_Hook->apply_filters(NULL, Array)
#1 /Users/laurentbinder/Sites/www/MCL_POC/wp-includes/plugin.php(470): WP_Hook->do_action(Array)
#2 /Users/laurentbinder/Sites/www/MCL_POC/wp-includes/script-loader.php(2083): do_action('wp_enqueue_scri...')
#3 /Users/laurentbinder/Sites/www/MCL_POC/wp-includes/class-wp-hook.php(303): wp_enqueue_scripts('')
#4 /Users/laurentbinder/Sites/www/MCL_POC/wp-includes/class-wp-hook.php(327): WP_Hook->apply_filters(NULL, Array)
#5 /Users/laurentbinder/Sites/www/MCL_POC/wp-includes/plugin.php(470): WP_Hook->do_action(Array)
#6 /Users/laurentbinder/Sites/www/MCL_POC/wp-includes/general-template.php(3015): do_action('wp_head')
#7 /Users/laurentbinder/Sites/www/MCL_POC/wp-includes/blocks/legacy-widget.php(104): wp_head()
#8 /Users/laurentbinder/Sites/www/MCL_POC/wp-includes/class-wp-hook.php(303): handle_legacy_widget_preview_iframe('')
#9 /Users/laurentbinder/Sites/www/MCL_POC/wp-includes/class-wp-hook.php(327): WP_Hook->apply_filters(NULL, Array)
#10 /Users/laurentbinder/Sites/www/MCL_POC/wp-includes/plugin.php(470): WP_Hook->do_action(Array)
#11 /Users/laurentbinder/Sites/www/MCL_POC/wp-admin/admin.php(175): do_action('admin_init')
#12 /Users/laurentbinder/Sites/www/MCL_POC/wp-admin/widgets.php(10): require_once('/Users/laurentb...')
#13 {main}
  thrown in /Users/laurentbinder/Sites/www/MCL_POC/wp-includes/class-wp-hook.php on line 303

2021-08-31T13:28:42+00:00 CRITICAL Uncaught TypeError: call_user_func_array(): Argument #1 ($function) must be a valid callback, function "duplicator_global_scripts" not found or invalid function name in /Users/laurentbinder/Sites/www/MCL_POC/wp-includes/class-wp-hook.php:303
Stack trace:
#0 /Users/laurentbinder/Sites/www/MCL_POC/wp-includes/class-wp-hook.php(327): WP_Hook->apply_filters(NULL, Array)
#1 /Users/laurentbinder/Sites/www/MCL_POC/wp-includes/plugin.php(470): WP_Hook->do_action(Array)
#2 /Users/laurentbinder/Sites/www/MCL_POC/wp-includes/script-loader.php(2083): do_action('wp_enqueue_scri...')
#3 /Users/laurentbinder/Sites/www/MCL_POC/wp-includes/class-wp-hook.php(303): wp_enqueue_scripts('')
#4 /Users/laurentbinder/Sites/www/MCL_POC/wp-includes/class-wp-hook.php(327): WP_Hook->apply_filters(NULL, Array)
#5 /Users/laurentbinder/Sites/www/MCL_POC/wp-includes/plugin.php(470): WP_Hook->do_action(Array)
#6 /Users/laurentbinder/Sites/www/MCL_POC/wp-includes/general-template.php(3015): do_action('wp_head')
#7 /Users/laurentbinder/Sites/www/MCL_POC/wp-includes/blocks/legacy-widget.php(104): wp_head()
#8 /Users/laurentbinder/Sites/www/MCL_POC/wp-includes/class-wp-hook.php(303): handle_legacy_widget_preview_iframe('')
#9 /Users/laurentbinder/Sites/www/MCL_POC/wp-includes/class-wp-hook.php(327): WP_Hook->apply_filters(NULL, Array)
#10 /Users/laurentbinder/Sites/www/MCL_POC/wp-includes/plugin.php(470): WP_Hook->do_action(Array)
#11 /Users/laurentbinder/Sites/www/MCL_POC/wp-admin/admin.php(175): do_action('admin_init')
#12 /Users/laurentbinder/Sites/www/MCL_POC/wp-admin/widgets.php(10): require_once('/Users/laurentb...')
#13 {main}
  thrown in /Users/laurentbinder/Sites/www/MCL_POC/wp-includes/class-wp-hook.php on line 303

2021-08-31T13:28:43+00:00 CRITICAL Uncaught TypeError: call_user_func_array(): Argument #1 ($function) must be a valid callback, function "duplicator_global_scripts" not found or invalid function name in /Users/laurentbinder/Sites/www/MCL_POC/wp-includes/class-wp-hook.php:303
Stack trace:
#0 /Users/laurentbinder/Sites/www/MCL_POC/wp-includes/class-wp-hook.php(327): WP_Hook->apply_filters(NULL, Array)
#1 /Users/laurentbinder/Sites/www/MCL_POC/wp-includes/plugin.php(470): WP_Hook->do_action(Array)
#2 /Users/laurentbinder/Sites/www/MCL_POC/wp-includes/script-loader.php(2083): do_action('wp_enqueue_scri...')
#3 /Users/laurentbinder/Sites/www/MCL_POC/wp-includes/class-wp-hook.php(303): wp_enqueue_scripts('')
#4 /Users/laurentbinder/Sites/www/MCL_POC/wp-includes/class-wp-hook.php(327): WP_Hook->apply_filters(NULL, Array)
#5 /Users/laurentbinder/Sites/www/MCL_POC/wp-includes/plugin.php(470): WP_Hook->do_action(Array)
#6 /Users/laurentbinder/Sites/www/MCL_POC/wp-includes/general-template.php(3015): do_action('wp_head')
#7 /Users/laurentbinder/Sites/www/MCL_POC/wp-includes/blocks/legacy-widget.php(104): wp_head()
#8 /Users/laurentbinder/Sites/www/MCL_POC/wp-includes/class-wp-hook.php(303): handle_legacy_widget_preview_iframe('')
#9 /Users/laurentbinder/Sites/www/MCL_POC/wp-includes/class-wp-hook.php(327): WP_Hook->apply_filters(NULL, Array)
#10 /Users/laurentbinder/Sites/www/MCL_POC/wp-includes/plugin.php(470): WP_Hook->do_action(Array)
#11 /Users/laurentbinder/Sites/www/MCL_POC/wp-admin/admin.php(175): do_action('admin_init')
#12 /Users/laurentbinder/Sites/www/MCL_POC/wp-admin/widgets.php(10): require_once('/Users/laurentb...')
#13 {main}
  thrown in /Users/laurentbinder/Sites/www/MCL_POC/wp-includes/class-wp-hook.php on line 303

2021-08-31T13:28:43+00:00 CRITICAL Uncaught TypeError: call_user_func_array(): Argument #1 ($function) must be a valid callback, function "duplicator_global_scripts" not found or invalid function name in /Users/laurentbinder/Sites/www/MCL_POC/wp-includes/class-wp-hook.php:303
Stack trace:
#0 /Users/laurentbinder/Sites/www/MCL_POC/wp-includes/class-wp-hook.php(327): WP_Hook->apply_filters(NULL, Array)
#1 /Users/laurentbinder/Sites/www/MCL_POC/wp-includes/plugin.php(470): WP_Hook->do_action(Array)
#2 /Users/laurentbinder/Sites/www/MCL_POC/wp-includes/script-loader.php(2083): do_action('wp_enqueue_scri...')
#3 /Users/laurentbinder/Sites/www/MCL_POC/wp-includes/class-wp-hook.php(303): wp_enqueue_scripts('')
#4 /Users/laurentbinder/Sites/www/MCL_POC/wp-includes/class-wp-hook.php(327): WP_Hook->apply_filters(NULL, Array)
#5 /Users/laurentbinder/Sites/www/MCL_POC/wp-includes/plugin.php(470): WP_Hook->do_action(Array)
#6 /Users/laurentbinder/Sites/www/MCL_POC/wp-includes/general-template.php(3015): do_action('wp_head')
#7 /Users/laurentbinder/Sites/www/MCL_POC/wp-includes/blocks/legacy-widget.php(104): wp_head()
#8 /Users/laurentbinder/Sites/www/MCL_POC/wp-includes/class-wp-hook.php(303): handle_legacy_widget_preview_iframe('')
#9 /Users/laurentbinder/Sites/www/MCL_POC/wp-includes/class-wp-hook.php(327): WP_Hook->apply_filters(NULL, Array)
#10 /Users/laurentbinder/Sites/www/MCL_POC/wp-includes/plugin.php(470): WP_Hook->do_action(Array)
#11 /Users/laurentbinder/Sites/www/MCL_POC/wp-admin/admin.php(175): do_action('admin_init')
#12 /Users/laurentbinder/Sites/www/MCL_POC/wp-admin/widgets.php(10): require_once('/Users/laurentb...')
#13 {main}
  thrown in /Users/laurentbinder/Sites/www/MCL_POC/wp-includes/class-wp-hook.php on line 303

2021-08-31T13:28:43+00:00 CRITICAL Uncaught TypeError: call_user_func_array(): Argument #1 ($function) must be a valid callback, function "duplicator_global_scripts" not found or invalid function name in /Users/laurentbinder/Sites/www/MCL_POC/wp-includes/class-wp-hook.php:303
Stack trace:
#0 /Users/laurentbinder/Sites/www/MCL_POC/wp-includes/class-wp-hook.php(327): WP_Hook->apply_filters(NULL, Array)
#1 /Users/laurentbinder/Sites/www/MCL_POC/wp-includes/plugin.php(470): WP_Hook->do_action(Array)
#2 /Users/laurentbinder/Sites/www/MCL_POC/wp-includes/script-loader.php(2083): do_action('wp_enqueue_scri...')
#3 /Users/laurentbinder/Sites/www/MCL_POC/wp-includes/class-wp-hook.php(303): wp_enqueue_scripts('')
#4 /Users/laurentbinder/Sites/www/MCL_POC/wp-includes/class-wp-hook.php(327): WP_Hook->apply_filters(NULL, Array)
#5 /Users/laurentbinder/Sites/www/MCL_POC/wp-includes/plugin.php(470): WP_Hook->do_action(Array)
#6 /Users/laurentbinder/Sites/www/MCL_POC/wp-includes/general-template.php(3015): do_action('wp_head')
#7 /Users/laurentbinder/Sites/www/MCL_POC/wp-includes/blocks/legacy-widget.php(104): wp_head()
#8 /Users/laurentbinder/Sites/www/MCL_POC/wp-includes/class-wp-hook.php(303): handle_legacy_widget_preview_iframe('')
#9 /Users/laurentbinder/Sites/www/MCL_POC/wp-includes/class-wp-hook.php(327): WP_Hook->apply_filters(NULL, Array)
#10 /Users/laurentbinder/Sites/www/MCL_POC/wp-includes/plugin.php(470): WP_Hook->do_action(Array)
#11 /Users/laurentbinder/Sites/www/MCL_POC/wp-admin/admin.php(175): do_action('admin_init')
#12 /Users/laurentbinder/Sites/www/MCL_POC/wp-admin/widgets.php(10): require_once('/Users/laurentb...')
#13 {main}
  thrown in /Users/laurentbinder/Sites/www/MCL_POC/wp-includes/class-wp-hook.php on line 303

2021-08-31T13:28:43+00:00 CRITICAL Uncaught TypeError: call_user_func_array(): Argument #1 ($function) must be a valid callback, function "duplicator_global_scripts" not found or invalid function name in /Users/laurentbinder/Sites/www/MCL_POC/wp-includes/class-wp-hook.php:303
Stack trace:
#0 /Users/laurentbinder/Sites/www/MCL_POC/wp-includes/class-wp-hook.php(327): WP_Hook->apply_filters(NULL, Array)
#1 /Users/laurentbinder/Sites/www/MCL_POC/wp-includes/plugin.php(470): WP_Hook->do_action(Array)
#2 /Users/laurentbinder/Sites/www/MCL_POC/wp-includes/script-loader.php(2083): do_action('wp_enqueue_scri...')
#3 /Users/laurentbinder/Sites/www/MCL_POC/wp-includes/class-wp-hook.php(303): wp_enqueue_scripts('')
#4 /Users/laurentbinder/Sites/www/MCL_POC/wp-includes/class-wp-hook.php(327): WP_Hook->apply_filters(NULL, Array)
#5 /Users/laurentbinder/Sites/www/MCL_POC/wp-includes/plugin.php(470): WP_Hook->do_action(Array)
#6 /Users/laurentbinder/Sites/www/MCL_POC/wp-includes/general-template.php(3015): do_action('wp_head')
#7 /Users/laurentbinder/Sites/www/MCL_POC/wp-includes/blocks/legacy-widget.php(104): wp_head()
#8 /Users/laurentbinder/Sites/www/MCL_POC/wp-includes/class-wp-hook.php(303): handle_legacy_widget_preview_iframe('')
#9 /Users/laurentbinder/Sites/www/MCL_POC/wp-includes/class-wp-hook.php(327): WP_Hook->apply_filters(NULL, Array)
#10 /Users/laurentbinder/Sites/www/MCL_POC/wp-includes/plugin.php(470): WP_Hook->do_action(Array)
#11 /Users/laurentbinder/Sites/www/MCL_POC/wp-admin/admin.php(175): do_action('admin_init')
#12 /Users/laurentbinder/Sites/www/MCL_POC/wp-admin/widgets.php(10): require_once('/Users/laurentb...')
#13 {main}
  thrown in /Users/laurentbinder/Sites/www/MCL_POC/wp-includes/class-wp-hook.php on line 303

2021-08-31T13:28:43+00:00 CRITICAL Uncaught TypeError: call_user_func_array(): Argument #1 ($function) must be a valid callback, function "duplicator_global_scripts" not found or invalid function name in /Users/laurentbinder/Sites/www/MCL_POC/wp-includes/class-wp-hook.php:303
Stack trace:
#0 /Users/laurentbinder/Sites/www/MCL_POC/wp-includes/class-wp-hook.php(327): WP_Hook->apply_filters(NULL, Array)
#1 /Users/laurentbinder/Sites/www/MCL_POC/wp-includes/plugin.php(470): WP_Hook->do_action(Array)
#2 /Users/laurentbinder/Sites/www/MCL_POC/wp-includes/script-loader.php(2083): do_action('wp_enqueue_scri...')
#3 /Users/laurentbinder/Sites/www/MCL_POC/wp-includes/class-wp-hook.php(303): wp_enqueue_scripts('')
#4 /Users/laurentbinder/Sites/www/MCL_POC/wp-includes/class-wp-hook.php(327): WP_Hook->apply_filters(NULL, Array)
#5 /Users/laurentbinder/Sites/www/MCL_POC/wp-includes/plugin.php(470): WP_Hook->do_action(Array)
#6 /Users/laurentbinder/Sites/www/MCL_POC/wp-includes/general-template.php(3015): do_action('wp_head')
#7 /Users/laurentbinder/Sites/www/MCL_POC/wp-includes/blocks/legacy-widget.php(104): wp_head()
#8 /Users/laurentbinder/Sites/www/MCL_POC/wp-includes/class-wp-hook.php(303): handle_legacy_widget_preview_iframe('')
#9 /Users/laurentbinder/Sites/www/MCL_POC/wp-includes/class-wp-hook.php(327): WP_Hook->apply_filters(NULL, Array)
#10 /Users/laurentbinder/Sites/www/MCL_POC/wp-includes/plugin.php(470): WP_Hook->do_action(Array)
#11 /Users/laurentbinder/Sites/www/MCL_POC/wp-admin/admin.php(175): do_action('admin_init')
#12 /Users/laurentbinder/Sites/www/MCL_POC/wp-admin/widgets.php(10): require_once('/Users/laurentb...')
#13 {main}
  thrown in /Users/laurentbinder/Sites/www/MCL_POC/wp-includes/class-wp-hook.php on line 303

2021-08-31T13:28:43+00:00 CRITICAL Uncaught TypeError: call_user_func_array(): Argument #1 ($function) must be a valid callback, function "duplicator_global_scripts" not found or invalid function name in /Users/laurentbinder/Sites/www/MCL_POC/wp-includes/class-wp-hook.php:303
Stack trace:
#0 /Users/laurentbinder/Sites/www/MCL_POC/wp-includes/class-wp-hook.php(327): WP_Hook->apply_filters(NULL, Array)
#1 /Users/laurentbinder/Sites/www/MCL_POC/wp-includes/plugin.php(470): WP_Hook->do_action(Array)
#2 /Users/laurentbinder/Sites/www/MCL_POC/wp-includes/script-loader.php(2083): do_action('wp_enqueue_scri...')
#3 /Users/laurentbinder/Sites/www/MCL_POC/wp-includes/class-wp-hook.php(303): wp_enqueue_scripts('')
#4 /Users/laurentbinder/Sites/www/MCL_POC/wp-includes/class-wp-hook.php(327): WP_Hook->apply_filters(NULL, Array)
#5 /Users/laurentbinder/Sites/www/MCL_POC/wp-includes/plugin.php(470): WP_Hook->do_action(Array)
#6 /Users/laurentbinder/Sites/www/MCL_POC/wp-includes/general-template.php(3015): do_action('wp_head')
#7 /Users/laurentbinder/Sites/www/MCL_POC/wp-includes/blocks/legacy-widget.php(104): wp_head()
#8 /Users/laurentbinder/Sites/www/MCL_POC/wp-includes/class-wp-hook.php(303): handle_legacy_widget_preview_iframe('')
#9 /Users/laurentbinder/Sites/www/MCL_POC/wp-includes/class-wp-hook.php(327): WP_Hook->apply_filters(NULL, Array)
#10 /Users/laurentbinder/Sites/www/MCL_POC/wp-includes/plugin.php(470): WP_Hook->do_action(Array)
#11 /Users/laurentbinder/Sites/www/MCL_POC/wp-admin/admin.php(175): do_action('admin_init')
#12 /Users/laurentbinder/Sites/www/MCL_POC/wp-admin/widgets.php(10): require_once('/Users/laurentb...')
#13 {main}
  thrown in /Users/laurentbinder/Sites/www/MCL_POC/wp-includes/class-wp-hook.php on line 303

2021-08-31T13:32:36+00:00 CRITICAL Uncaught TypeError: call_user_func_array(): Argument #1 ($function) must be a valid callback, function "duplicator_global_scripts" not found or invalid function name in /Users/laurentbinder/Sites/www/MCL_POC/wp-includes/class-wp-hook.php:303
Stack trace:
#0 /Users/laurentbinder/Sites/www/MCL_POC/wp-includes/class-wp-hook.php(327): WP_Hook->apply_filters(NULL, Array)
#1 /Users/laurentbinder/Sites/www/MCL_POC/wp-includes/plugin.php(470): WP_Hook->do_action(Array)
#2 /Users/laurentbinder/Sites/www/MCL_POC/wp-includes/script-loader.php(2083): do_action('wp_enqueue_scri...')
#3 /Users/laurentbinder/Sites/www/MCL_POC/wp-includes/class-wp-hook.php(303): wp_enqueue_scripts('')
#4 /Users/laurentbinder/Sites/www/MCL_POC/wp-includes/class-wp-hook.php(327): WP_Hook->apply_filters(NULL, Array)
#5 /Users/laurentbinder/Sites/www/MCL_POC/wp-includes/plugin.php(470): WP_Hook->do_action(Array)
#6 /Users/laurentbinder/Sites/www/MCL_POC/wp-includes/general-template.php(3015): do_action('wp_head')
#7 /Users/laurentbinder/Sites/www/MCL_POC/wp-includes/blocks/legacy-widget.php(104): wp_head()
#8 /Users/laurentbinder/Sites/www/MCL_POC/wp-includes/class-wp-hook.php(303): handle_legacy_widget_preview_iframe('')
#9 /Users/laurentbinder/Sites/www/MCL_POC/wp-includes/class-wp-hook.php(327): WP_Hook->apply_filters(NULL, Array)
#10 /Users/laurentbinder/Sites/www/MCL_POC/wp-includes/plugin.php(470): WP_Hook->do_action(Array)
#11 /Users/laurentbinder/Sites/www/MCL_POC/wp-admin/admin.php(175): do_action('admin_init')
#12 /Users/laurentbinder/Sites/www/MCL_POC/wp-admin/widgets.php(10): require_once('/Users/laurentb...')
#13 {main}
  thrown in /Users/laurentbinder/Sites/www/MCL_POC/wp-includes/class-wp-hook.php on line 303

2021-08-31T14:00:13+00:00 CRITICAL Uncaught TypeError: call_user_func_array(): Argument #1 ($function) must be a valid callback, function "duplicator_global_scripts" not found or invalid function name in /Users/laurentbinder/Sites/www/MCL_POC/wp-includes/class-wp-hook.php:303
Stack trace:
#0 /Users/laurentbinder/Sites/www/MCL_POC/wp-includes/class-wp-hook.php(327): WP_Hook->apply_filters(NULL, Array)
#1 /Users/laurentbinder/Sites/www/MCL_POC/wp-includes/plugin.php(470): WP_Hook->do_action(Array)
#2 /Users/laurentbinder/Sites/www/MCL_POC/wp-includes/script-loader.php(2083): do_action('wp_enqueue_scri...')
#3 /Users/laurentbinder/Sites/www/MCL_POC/wp-includes/class-wp-hook.php(303): wp_enqueue_scripts('')
#4 /Users/laurentbinder/Sites/www/MCL_POC/wp-includes/class-wp-hook.php(327): WP_Hook->apply_filters(NULL, Array)
#5 /Users/laurentbinder/Sites/www/MCL_POC/wp-includes/plugin.php(470): WP_Hook->do_action(Array)
#6 /Users/laurentbinder/Sites/www/MCL_POC/wp-includes/general-template.php(3015): do_action('wp_head')
#7 /Users/laurentbinder/Sites/www/MCL_POC/wp-includes/blocks/legacy-widget.php(104): wp_head()
#8 /Users/laurentbinder/Sites/www/MCL_POC/wp-includes/class-wp-hook.php(303): handle_legacy_widget_preview_iframe('')
#9 /Users/laurentbinder/Sites/www/MCL_POC/wp-includes/class-wp-hook.php(327): WP_Hook->apply_filters(NULL, Array)
#10 /Users/laurentbinder/Sites/www/MCL_POC/wp-includes/plugin.php(470): WP_Hook->do_action(Array)
#11 /Users/laurentbinder/Sites/www/MCL_POC/wp-admin/admin.php(175): do_action('admin_init')
#12 /Users/laurentbinder/Sites/www/MCL_POC/wp-admin/widgets.php(10): require_once('/Users/laurentb...')
#13 {main}
  thrown in /Users/laurentbinder/Sites/www/MCL_POC/wp-includes/class-wp-hook.php on line 303

2021-08-31T14:00:13+00:00 CRITICAL Uncaught TypeError: call_user_func_array(): Argument #1 ($function) must be a valid callback, function "duplicator_global_scripts" not found or invalid function name in /Users/laurentbinder/Sites/www/MCL_POC/wp-includes/class-wp-hook.php:303
Stack trace:
#0 /Users/laurentbinder/Sites/www/MCL_POC/wp-includes/class-wp-hook.php(327): WP_Hook->apply_filters(NULL, Array)
#1 /Users/laurentbinder/Sites/www/MCL_POC/wp-includes/plugin.php(470): WP_Hook->do_action(Array)
#2 /Users/laurentbinder/Sites/www/MCL_POC/wp-includes/script-loader.php(2083): do_action('wp_enqueue_scri...')
#3 /Users/laurentbinder/Sites/www/MCL_POC/wp-includes/class-wp-hook.php(303): wp_enqueue_scripts('')
#4 /Users/laurentbinder/Sites/www/MCL_POC/wp-includes/class-wp-hook.php(327): WP_Hook->apply_filters(NULL, Array)
#5 /Users/laurentbinder/Sites/www/MCL_POC/wp-includes/plugin.php(470): WP_Hook->do_action(Array)
#6 /Users/laurentbinder/Sites/www/MCL_POC/wp-includes/general-template.php(3015): do_action('wp_head')
#7 /Users/laurentbinder/Sites/www/MCL_POC/wp-includes/blocks/legacy-widget.php(104): wp_head()
#8 /Users/laurentbinder/Sites/www/MCL_POC/wp-includes/class-wp-hook.php(303): handle_legacy_widget_preview_iframe('')
#9 /Users/laurentbinder/Sites/www/MCL_POC/wp-includes/class-wp-hook.php(327): WP_Hook->apply_filters(NULL, Array)
#10 /Users/laurentbinder/Sites/www/MCL_POC/wp-includes/plugin.php(470): WP_Hook->do_action(Array)
#11 /Users/laurentbinder/Sites/www/MCL_POC/wp-admin/admin.php(175): do_action('admin_init')
#12 /Users/laurentbinder/Sites/www/MCL_POC/wp-admin/widgets.php(10): require_once('/Users/laurentb...')
#13 {main}
  thrown in /Users/laurentbinder/Sites/www/MCL_POC/wp-includes/class-wp-hook.php on line 303

2021-08-31T14:00:13+00:00 CRITICAL Uncaught TypeError: call_user_func_array(): Argument #1 ($function) must be a valid callback, function "duplicator_global_scripts" not found or invalid function name in /Users/laurentbinder/Sites/www/MCL_POC/wp-includes/class-wp-hook.php:303
Stack trace:
#0 /Users/laurentbinder/Sites/www/MCL_POC/wp-includes/class-wp-hook.php(327): WP_Hook->apply_filters(NULL, Array)
#1 /Users/laurentbinder/Sites/www/MCL_POC/wp-includes/plugin.php(470): WP_Hook->do_action(Array)
#2 /Users/laurentbinder/Sites/www/MCL_POC/wp-includes/script-loader.php(2083): do_action('wp_enqueue_scri...')
#3 /Users/laurentbinder/Sites/www/MCL_POC/wp-includes/class-wp-hook.php(303): wp_enqueue_scripts('')
#4 /Users/laurentbinder/Sites/www/MCL_POC/wp-includes/class-wp-hook.php(327): WP_Hook->apply_filters(NULL, Array)
#5 /Users/laurentbinder/Sites/www/MCL_POC/wp-includes/plugin.php(470): WP_Hook->do_action(Array)
#6 /Users/laurentbinder/Sites/www/MCL_POC/wp-includes/general-template.php(3015): do_action('wp_head')
#7 /Users/laurentbinder/Sites/www/MCL_POC/wp-includes/blocks/legacy-widget.php(104): wp_head()
#8 /Users/laurentbinder/Sites/www/MCL_POC/wp-includes/class-wp-hook.php(303): handle_legacy_widget_preview_iframe('')
#9 /Users/laurentbinder/Sites/www/MCL_POC/wp-includes/class-wp-hook.php(327): WP_Hook->apply_filters(NULL, Array)
#10 /Users/laurentbinder/Sites/www/MCL_POC/wp-includes/plugin.php(470): WP_Hook->do_action(Array)
#11 /Users/laurentbinder/Sites/www/MCL_POC/wp-admin/admin.php(175): do_action('admin_init')
#12 /Users/laurentbinder/Sites/www/MCL_POC/wp-admin/widgets.php(10): require_once('/Users/laurentb...')
#13 {main}
  thrown in /Users/laurentbinder/Sites/www/MCL_POC/wp-includes/class-wp-hook.php on line 303

2021-08-31T14:00:13+00:00 CRITICAL Uncaught TypeError: call_user_func_array(): Argument #1 ($function) must be a valid callback, function "duplicator_global_scripts" not found or invalid function name in /Users/laurentbinder/Sites/www/MCL_POC/wp-includes/class-wp-hook.php:303
Stack trace:
#0 /Users/laurentbinder/Sites/www/MCL_POC/wp-includes/class-wp-hook.php(327): WP_Hook->apply_filters(NULL, Array)
#1 /Users/laurentbinder/Sites/www/MCL_POC/wp-includes/plugin.php(470): WP_Hook->do_action(Array)
#2 /Users/laurentbinder/Sites/www/MCL_POC/wp-includes/script-loader.php(2083): do_action('wp_enqueue_scri...')
#3 /Users/laurentbinder/Sites/www/MCL_POC/wp-includes/class-wp-hook.php(303): wp_enqueue_scripts('')
#4 /Users/laurentbinder/Sites/www/MCL_POC/wp-includes/class-wp-hook.php(327): WP_Hook->apply_filters(NULL, Array)
#5 /Users/laurentbinder/Sites/www/MCL_POC/wp-includes/plugin.php(470): WP_Hook->do_action(Array)
#6 /Users/laurentbinder/Sites/www/MCL_POC/wp-includes/general-template.php(3015): do_action('wp_head')
#7 /Users/laurentbinder/Sites/www/MCL_POC/wp-includes/blocks/legacy-widget.php(104): wp_head()
#8 /Users/laurentbinder/Sites/www/MCL_POC/wp-includes/class-wp-hook.php(303): handle_legacy_widget_preview_iframe('')
#9 /Users/laurentbinder/Sites/www/MCL_POC/wp-includes/class-wp-hook.php(327): WP_Hook->apply_filters(NULL, Array)
#10 /Users/laurentbinder/Sites/www/MCL_POC/wp-includes/plugin.php(470): WP_Hook->do_action(Array)
#11 /Users/laurentbinder/Sites/www/MCL_POC/wp-admin/admin.php(175): do_action('admin_init')
#12 /Users/laurentbinder/Sites/www/MCL_POC/wp-admin/widgets.php(10): require_once('/Users/laurentb...')
#13 {main}
  thrown in /Users/laurentbinder/Sites/www/MCL_POC/wp-includes/class-wp-hook.php on line 303

2021-08-31T14:00:14+00:00 CRITICAL Uncaught TypeError: call_user_func_array(): Argument #1 ($function) must be a valid callback, function "duplicator_global_scripts" not found or invalid function name in /Users/laurentbinder/Sites/www/MCL_POC/wp-includes/class-wp-hook.php:303
Stack trace:
#0 /Users/laurentbinder/Sites/www/MCL_POC/wp-includes/class-wp-hook.php(327): WP_Hook->apply_filters(NULL, Array)
#1 /Users/laurentbinder/Sites/www/MCL_POC/wp-includes/plugin.php(470): WP_Hook->do_action(Array)
#2 /Users/laurentbinder/Sites/www/MCL_POC/wp-includes/script-loader.php(2083): do_action('wp_enqueue_scri...')
#3 /Users/laurentbinder/Sites/www/MCL_POC/wp-includes/class-wp-hook.php(303): wp_enqueue_scripts('')
#4 /Users/laurentbinder/Sites/www/MCL_POC/wp-includes/class-wp-hook.php(327): WP_Hook->apply_filters(NULL, Array)
#5 /Users/laurentbinder/Sites/www/MCL_POC/wp-includes/plugin.php(470): WP_Hook->do_action(Array)
#6 /Users/laurentbinder/Sites/www/MCL_POC/wp-includes/general-template.php(3015): do_action('wp_head')
#7 /Users/laurentbinder/Sites/www/MCL_POC/wp-includes/blocks/legacy-widget.php(104): wp_head()
#8 /Users/laurentbinder/Sites/www/MCL_POC/wp-includes/class-wp-hook.php(303): handle_legacy_widget_preview_iframe('')
#9 /Users/laurentbinder/Sites/www/MCL_POC/wp-includes/class-wp-hook.php(327): WP_Hook->apply_filters(NULL, Array)
#10 /Users/laurentbinder/Sites/www/MCL_POC/wp-includes/plugin.php(470): WP_Hook->do_action(Array)
#11 /Users/laurentbinder/Sites/www/MCL_POC/wp-admin/admin.php(175): do_action('admin_init')
#12 /Users/laurentbinder/Sites/www/MCL_POC/wp-admin/widgets.php(10): require_once('/Users/laurentb...')
#13 {main}
  thrown in /Users/laurentbinder/Sites/www/MCL_POC/wp-includes/class-wp-hook.php on line 303

2021-08-31T14:00:14+00:00 CRITICAL Uncaught TypeError: call_user_func_array(): Argument #1 ($function) must be a valid callback, function "duplicator_global_scripts" not found or invalid function name in /Users/laurentbinder/Sites/www/MCL_POC/wp-includes/class-wp-hook.php:303
Stack trace:
#0 /Users/laurentbinder/Sites/www/MCL_POC/wp-includes/class-wp-hook.php(327): WP_Hook->apply_filters(NULL, Array)
#1 /Users/laurentbinder/Sites/www/MCL_POC/wp-includes/plugin.php(470): WP_Hook->do_action(Array)
#2 /Users/laurentbinder/Sites/www/MCL_POC/wp-includes/script-loader.php(2083): do_action('wp_enqueue_scri...')
#3 /Users/laurentbinder/Sites/www/MCL_POC/wp-includes/class-wp-hook.php(303): wp_enqueue_scripts('')
#4 /Users/laurentbinder/Sites/www/MCL_POC/wp-includes/class-wp-hook.php(327): WP_Hook->apply_filters(NULL, Array)
#5 /Users/laurentbinder/Sites/www/MCL_POC/wp-includes/plugin.php(470): WP_Hook->do_action(Array)
#6 /Users/laurentbinder/Sites/www/MCL_POC/wp-includes/general-template.php(3015): do_action('wp_head')
#7 /Users/laurentbinder/Sites/www/MCL_POC/wp-includes/blocks/legacy-widget.php(104): wp_head()
#8 /Users/laurentbinder/Sites/www/MCL_POC/wp-includes/class-wp-hook.php(303): handle_legacy_widget_preview_iframe('')
#9 /Users/laurentbinder/Sites/www/MCL_POC/wp-includes/class-wp-hook.php(327): WP_Hook->apply_filters(NULL, Array)
#10 /Users/laurentbinder/Sites/www/MCL_POC/wp-includes/plugin.php(470): WP_Hook->do_action(Array)
#11 /Users/laurentbinder/Sites/www/MCL_POC/wp-admin/admin.php(175): do_action('admin_init')
#12 /Users/laurentbinder/Sites/www/MCL_POC/wp-admin/widgets.php(10): require_once('/Users/laurentb...')
#13 {main}
  thrown in /Users/laurentbinder/Sites/www/MCL_POC/wp-includes/class-wp-hook.php on line 303

2021-08-31T14:00:14+00:00 CRITICAL Uncaught TypeError: call_user_func_array(): Argument #1 ($function) must be a valid callback, function "duplicator_global_scripts" not found or invalid function name in /Users/laurentbinder/Sites/www/MCL_POC/wp-includes/class-wp-hook.php:303
Stack trace:
#0 /Users/laurentbinder/Sites/www/MCL_POC/wp-includes/class-wp-hook.php(327): WP_Hook->apply_filters(NULL, Array)
#1 /Users/laurentbinder/Sites/www/MCL_POC/wp-includes/plugin.php(470): WP_Hook->do_action(Array)
#2 /Users/laurentbinder/Sites/www/MCL_POC/wp-includes/script-loader.php(2083): do_action('wp_enqueue_scri...')
#3 /Users/laurentbinder/Sites/www/MCL_POC/wp-includes/class-wp-hook.php(303): wp_enqueue_scripts('')
#4 /Users/laurentbinder/Sites/www/MCL_POC/wp-includes/class-wp-hook.php(327): WP_Hook->apply_filters(NULL, Array)
#5 /Users/laurentbinder/Sites/www/MCL_POC/wp-includes/plugin.php(470): WP_Hook->do_action(Array)
#6 /Users/laurentbinder/Sites/www/MCL_POC/wp-includes/general-template.php(3015): do_action('wp_head')
#7 /Users/laurentbinder/Sites/www/MCL_POC/wp-includes/blocks/legacy-widget.php(104): wp_head()
#8 /Users/laurentbinder/Sites/www/MCL_POC/wp-includes/class-wp-hook.php(303): handle_legacy_widget_preview_iframe('')
#9 /Users/laurentbinder/Sites/www/MCL_POC/wp-includes/class-wp-hook.php(327): WP_Hook->apply_filters(NULL, Array)
#10 /Users/laurentbinder/Sites/www/MCL_POC/wp-includes/plugin.php(470): WP_Hook->do_action(Array)
#11 /Users/laurentbinder/Sites/www/MCL_POC/wp-admin/admin.php(175): do_action('admin_init')
#12 /Users/laurentbinder/Sites/www/MCL_POC/wp-admin/widgets.php(10): require_once('/Users/laurentb...')
#13 {main}
  thrown in /Users/laurentbinder/Sites/www/MCL_POC/wp-includes/class-wp-hook.php on line 303

2021-08-31T14:00:14+00:00 CRITICAL Uncaught TypeError: call_user_func_array(): Argument #1 ($function) must be a valid callback, function "duplicator_global_scripts" not found or invalid function name in /Users/laurentbinder/Sites/www/MCL_POC/wp-includes/class-wp-hook.php:303
Stack trace:
#0 /Users/laurentbinder/Sites/www/MCL_POC/wp-includes/class-wp-hook.php(327): WP_Hook->apply_filters(NULL, Array)
#1 /Users/laurentbinder/Sites/www/MCL_POC/wp-includes/plugin.php(470): WP_Hook->do_action(Array)
#2 /Users/laurentbinder/Sites/www/MCL_POC/wp-includes/script-loader.php(2083): do_action('wp_enqueue_scri...')
#3 /Users/laurentbinder/Sites/www/MCL_POC/wp-includes/class-wp-hook.php(303): wp_enqueue_scripts('')
#4 /Users/laurentbinder/Sites/www/MCL_POC/wp-includes/class-wp-hook.php(327): WP_Hook->apply_filters(NULL, Array)
#5 /Users/laurentbinder/Sites/www/MCL_POC/wp-includes/plugin.php(470): WP_Hook->do_action(Array)
#6 /Users/laurentbinder/Sites/www/MCL_POC/wp-includes/general-template.php(3015): do_action('wp_head')
#7 /Users/laurentbinder/Sites/www/MCL_POC/wp-includes/blocks/legacy-widget.php(104): wp_head()
#8 /Users/laurentbinder/Sites/www/MCL_POC/wp-includes/class-wp-hook.php(303): handle_legacy_widget_preview_iframe('')
#9 /Users/laurentbinder/Sites/www/MCL_POC/wp-includes/class-wp-hook.php(327): WP_Hook->apply_filters(NULL, Array)
#10 /Users/laurentbinder/Sites/www/MCL_POC/wp-includes/plugin.php(470): WP_Hook->do_action(Array)
#11 /Users/laurentbinder/Sites/www/MCL_POC/wp-admin/admin.php(175): do_action('admin_init')
#12 /Users/laurentbinder/Sites/www/MCL_POC/wp-admin/widgets.php(10): require_once('/Users/laurentb...')
#13 {main}
  thrown in /Users/laurentbinder/Sites/www/MCL_POC/wp-includes/class-wp-hook.php on line 303

2021-08-31T14:00:15+00:00 CRITICAL Uncaught TypeError: call_user_func_array(): Argument #1 ($function) must be a valid callback, function "duplicator_global_scripts" not found or invalid function name in /Users/laurentbinder/Sites/www/MCL_POC/wp-includes/class-wp-hook.php:303
Stack trace:
#0 /Users/laurentbinder/Sites/www/MCL_POC/wp-includes/class-wp-hook.php(327): WP_Hook->apply_filters(NULL, Array)
#1 /Users/laurentbinder/Sites/www/MCL_POC/wp-includes/plugin.php(470): WP_Hook->do_action(Array)
#2 /Users/laurentbinder/Sites/www/MCL_POC/wp-includes/script-loader.php(2083): do_action('wp_enqueue_scri...')
#3 /Users/laurentbinder/Sites/www/MCL_POC/wp-includes/class-wp-hook.php(303): wp_enqueue_scripts('')
#4 /Users/laurentbinder/Sites/www/MCL_POC/wp-includes/class-wp-hook.php(327): WP_Hook->apply_filters(NULL, Array)
#5 /Users/laurentbinder/Sites/www/MCL_POC/wp-includes/plugin.php(470): WP_Hook->do_action(Array)
#6 /Users/laurentbinder/Sites/www/MCL_POC/wp-includes/general-template.php(3015): do_action('wp_head')
#7 /Users/laurentbinder/Sites/www/MCL_POC/wp-includes/blocks/legacy-widget.php(104): wp_head()
#8 /Users/laurentbinder/Sites/www/MCL_POC/wp-includes/class-wp-hook.php(303): handle_legacy_widget_preview_iframe('')
#9 /Users/laurentbinder/Sites/www/MCL_POC/wp-includes/class-wp-hook.php(327): WP_Hook->apply_filters(NULL, Array)
#10 /Users/laurentbinder/Sites/www/MCL_POC/wp-includes/plugin.php(470): WP_Hook->do_action(Array)
#11 /Users/laurentbinder/Sites/www/MCL_POC/wp-admin/admin.php(175): do_action('admin_init')
#12 /Users/laurentbinder/Sites/www/MCL_POC/wp-admin/widgets.php(10): require_once('/Users/laurentb...')
#13 {main}
  thrown in /Users/laurentbinder/Sites/www/MCL_POC/wp-includes/class-wp-hook.php on line 303

2021-08-31T14:00:15+00:00 CRITICAL Uncaught TypeError: call_user_func_array(): Argument #1 ($function) must be a valid callback, function "duplicator_global_scripts" not found or invalid function name in /Users/laurentbinder/Sites/www/MCL_POC/wp-includes/class-wp-hook.php:303
Stack trace:
#0 /Users/laurentbinder/Sites/www/MCL_POC/wp-includes/class-wp-hook.php(327): WP_Hook->apply_filters(NULL, Array)
#1 /Users/laurentbinder/Sites/www/MCL_POC/wp-includes/plugin.php(470): WP_Hook->do_action(Array)
#2 /Users/laurentbinder/Sites/www/MCL_POC/wp-includes/script-loader.php(2083): do_action('wp_enqueue_scri...')
#3 /Users/laurentbinder/Sites/www/MCL_POC/wp-includes/class-wp-hook.php(303): wp_enqueue_scripts('')
#4 /Users/laurentbinder/Sites/www/MCL_POC/wp-includes/class-wp-hook.php(327): WP_Hook->apply_filters(NULL, Array)
#5 /Users/laurentbinder/Sites/www/MCL_POC/wp-includes/plugin.php(470): WP_Hook->do_action(Array)
#6 /Users/laurentbinder/Sites/www/MCL_POC/wp-includes/general-template.php(3015): do_action('wp_head')
#7 /Users/laurentbinder/Sites/www/MCL_POC/wp-includes/blocks/legacy-widget.php(104): wp_head()
#8 /Users/laurentbinder/Sites/www/MCL_POC/wp-includes/class-wp-hook.php(303): handle_legacy_widget_preview_iframe('')
#9 /Users/laurentbinder/Sites/www/MCL_POC/wp-includes/class-wp-hook.php(327): WP_Hook->apply_filters(NULL, Array)
#10 /Users/laurentbinder/Sites/www/MCL_POC/wp-includes/plugin.php(470): WP_Hook->do_action(Array)
#11 /Users/laurentbinder/Sites/www/MCL_POC/wp-admin/admin.php(175): do_action('admin_init')
#12 /Users/laurentbinder/Sites/www/MCL_POC/wp-admin/widgets.php(10): require_once('/Users/laurentb...')
#13 {main}
  thrown in /Users/laurentbinder/Sites/www/MCL_POC/wp-includes/class-wp-hook.php on line 303

2021-08-31T14:00:15+00:00 CRITICAL Uncaught TypeError: call_user_func_array(): Argument #1 ($function) must be a valid callback, function "duplicator_global_scripts" not found or invalid function name in /Users/laurentbinder/Sites/www/MCL_POC/wp-includes/class-wp-hook.php:303
Stack trace:
#0 /Users/laurentbinder/Sites/www/MCL_POC/wp-includes/class-wp-hook.php(327): WP_Hook->apply_filters(NULL, Array)
#1 /Users/laurentbinder/Sites/www/MCL_POC/wp-includes/plugin.php(470): WP_Hook->do_action(Array)
#2 /Users/laurentbinder/Sites/www/MCL_POC/wp-includes/script-loader.php(2083): do_action('wp_enqueue_scri...')
#3 /Users/laurentbinder/Sites/www/MCL_POC/wp-includes/class-wp-hook.php(303): wp_enqueue_scripts('')
#4 /Users/laurentbinder/Sites/www/MCL_POC/wp-includes/class-wp-hook.php(327): WP_Hook->apply_filters(NULL, Array)
#5 /Users/laurentbinder/Sites/www/MCL_POC/wp-includes/plugin.php(470): WP_Hook->do_action(Array)
#6 /Users/laurentbinder/Sites/www/MCL_POC/wp-includes/general-template.php(3015): do_action('wp_head')
#7 /Users/laurentbinder/Sites/www/MCL_POC/wp-includes/blocks/legacy-widget.php(104): wp_head()
#8 /Users/laurentbinder/Sites/www/MCL_POC/wp-includes/class-wp-hook.php(303): handle_legacy_widget_preview_iframe('')
#9 /Users/laurentbinder/Sites/www/MCL_POC/wp-includes/class-wp-hook.php(327): WP_Hook->apply_filters(NULL, Array)
#10 /Users/laurentbinder/Sites/www/MCL_POC/wp-includes/plugin.php(470): WP_Hook->do_action(Array)
#11 /Users/laurentbinder/Sites/www/MCL_POC/wp-admin/admin.php(175): do_action('admin_init')
#12 /Users/laurentbinder/Sites/www/MCL_POC/wp-admin/widgets.php(10): require_once('/Users/laurentb...')
#13 {main}
  thrown in /Users/laurentbinder/Sites/www/MCL_POC/wp-includes/class-wp-hook.php on line 303

