2021-09-03T15:22:35+00:00 CRITICAL Uncaught PDOException: SQLSTATE[HY000]: General error: 2006 MySQL server has gone away in /Users/laurentbinder/Sites/www/MCL_POC/wp-content/plugins/mailpoet/vendor-prefixed/doctrine/dbal/lib/Doctrine/DBAL/Driver/PDOStatement.php:2
Stack trace:
#0 /Users/laurentbinder/Sites/www/MCL_POC/wp-content/plugins/mailpoet/vendor-prefixed/doctrine/dbal/lib/Doctrine/DBAL/Driver/PDOStatement.php(2): PDOStatement->execute(NULL)
#1 /Users/laurentbinder/Sites/www/MCL_POC/wp-content/plugins/mailpoet/lib-3rd-party/Idiorm/idiorm.php(520): MailPoetVendor\Doctrine\DBAL\Driver\PDOStatement->execute()
#2 /Users/laurentbinder/Sites/www/MCL_POC/wp-content/plugins/mailpoet/lib-3rd-party/Idiorm/idiorm.php(1924): MailPoetVendor\Idiorm\ORM::_execute('SELECT `wp_mail...', Array, 'default')
#3 /Users/laurentbinder/Sites/www/MCL_POC/wp-content/plugins/mailpoet/lib-3rd-party/Idiorm/idiorm.php(733): MailPoetVendor\Idiorm\ORM->_run()
#4 /Users/laurentbinder/Sites/www/MCL_POC/wp-content/plugins/mailpoet/lib-3rd-party/Idiorm/idiorm.php(722): MailPoetVendor\Idiorm\ORM->_find_many()
#5 /Users/laurentbinder/Sites/www/MCL_POC/wp-content/plugins/mailpoet/lib-3rd-party/Paris/paris.php(164): MailPoetVendor\Idiorm\ORM->find_many()
#6 [internal function]: MailPoetVendor\Paris\ORMWrapper->find_many()
#7 /Users/laurentbinder/Sites/www/MCL_POC/wp-content/plugins/mailpoet/lib-3rd-party/Idiorm/idiorm.php(2284): call_user_func_array(Array, Array)
#8 /Users/laurentbinder/Sites/www/MCL_POC/wp-content/plugins/mailpoet/lib/Newsletter/Scheduler/Scheduler.php(61): MailPoetVendor\Idiorm\ORM->__call('findMany', Array)
#9 /Users/laurentbinder/Sites/www/MCL_POC/wp-content/plugins/mailpoet/lib/Newsletter/Scheduler/AutomaticEmailScheduler.php(66): MailPoet\Newsletter\Scheduler\Scheduler::getNewsletters('automatic', 'woocommerce')
#10 /Users/laurentbinder/Sites/www/MCL_POC/wp-content/plugins/mailpoet/lib/AutomaticEmails/WooCommerce/Events/AbandonedCart.php(183): MailPoet\Newsletter\Scheduler\AutomaticEmailScheduler->cancelAutomaticEmail('woocommerce', 'woocommerce_aba...', '1')
#11 /Users/laurentbinder/Sites/www/MCL_POC/wp-content/plugins/mailpoet/lib/AutomaticEmails/WooCommerce/Events/AbandonedCart.php(139): MailPoet\AutomaticEmails\WooCommerce\Events\AbandonedCart->cancelAbandonedCartEmail()
#12 /Users/laurentbinder/Sites/www/MCL_POC/wp-includes/class-wp-hook.php(305): MailPoet\AutomaticEmails\WooCommerce\Events\AbandonedCart->handleCartChange('94e4451ad239090...')
#13 /Users/laurentbinder/Sites/www/MCL_POC/wp-includes/class-wp-hook.php(327): WP_Hook->apply_filters(NULL, Array)
#14 /Users/laurentbinder/Sites/www/MCL_POC/wp-includes/plugin.php(470): WP_Hook->do_action(Array)
#15 /Users/laurentbinder/Sites/www/MCL_POC/wp-content/plugins/woocommerce/includes/class-wc-cart.php(1305): do_action('woocommerce_car...', '94e4451ad239090...', Object(WC_Cart))
#16 /Users/laurentbinder/Sites/www/MCL_POC/wp-content/plugins/woocommerce/includes/class-wc-ajax.php(454): WC_Cart->remove_cart_item('94e4451ad239090...')
#17 /Users/laurentbinder/Sites/www/MCL_POC/wp-includes/class-wp-hook.php(303): WC_AJAX::remove_from_cart('')
#18 /Users/laurentbinder/Sites/www/MCL_POC/wp-includes/class-wp-hook.php(327): WP_Hook->apply_filters('', Array)
#19 /Users/laurentbinder/Sites/www/MCL_POC/wp-includes/plugin.php(470): WP_Hook->do_action(Array)
#20 /Users/laurentbinder/Sites/www/MCL_POC/wp-content/plugins/woocommerce/includes/class-wc-ajax.php(90): do_action('wc_ajax_remove_...')
#21 /Users/laurentbinder/Sites/www/MCL_POC/wp-includes/class-wp-hook.php(303): WC_AJAX::do_wc_ajax('')
#22 /Users/laurentbinder/Sites/www/MCL_POC/wp-includes/class-wp-hook.php(327): WP_Hook->apply_filters(false, Array)
#23 /Users/laurentbinder/Sites/www/MCL_POC/wp-includes/plugin.php(470): WP_Hook->do_action(Array)
#24 /Users/laurentbinder/Sites/www/MCL_POC/wp-includes/template-loader.php(13): do_action('template_redire...')
#25 /Users/laurentbinder/Sites/www/MCL_POC/wp-blog-header.php(19): require_once('/Users/laurentb...')
#26 /Users/laurentbinder/Sites/www/MCL_POC/index.php(17): require('/Users/laurentb...')
#27 {main}

Next MailPoetVendor\Doctrine\DBAL\Driver\PDO\Exception: SQLSTATE[HY000]: General error: 2006 MySQL server has gone away in /Users/laurentbinder/Sites/www/MCL_POC/wp-content/plugins/mailpoet/vendor-prefixed/doctrine/dbal/lib/Doctrine/DBAL/Driver/PDO/Exception.php:2
Stack trace:
#0 /Users/laurentbinder/Sites/www/MCL_POC/wp-content/plugins/mailpoet/vendor-prefixed/doctrine/dbal/lib/Doctrine/DBAL/Driver/PDOStatement.php(2): MailPoetVendor\Doctrine\DBAL\Driver\PDO\Exception::new(Object(PDOException))
#1 /Users/laurentbinder/Sites/www/MCL_POC/wp-content/plugins/mailpoet/lib-3rd-party/Idiorm/idiorm.php(520): MailPoetVendor\Doctrine\DBAL\Driver\PDOStatement->execute()
#2 /Users/laurentbinder/Sites/www/MCL_POC/wp-content/plugins/mailpoet/lib-3rd-party/Idiorm/idiorm.php(1924): MailPoetVendor\Idiorm\ORM::_execute('SELECT `wp_mail...', Array, 'default')
#3 /Users/laurentbinder/Sites/www/MCL_POC/wp-content/plugins/mailpoet/lib-3rd-party/Idiorm/idiorm.php(733): MailPoetVendor\Idiorm\ORM->_run()
#4 /Users/laurentbinder/Sites/www/MCL_POC/wp-content/plugins/mailpoet/lib-3rd-party/Idiorm/idiorm.php(722): MailPoetVendor\Idiorm\ORM->_find_many()
#5 /Users/laurentbinder/Sites/www/MCL_POC/wp-content/plugins/mailpoet/lib-3rd-party/Paris/paris.php(164): MailPoetVendor\Idiorm\ORM->find_many()
#6 [internal function]: MailPoetVendor\Paris\ORMWrapper->find_many()
#7 /Users/laurentbinder/Sites/www/MCL_POC/wp-content/plugins/mailpoet/lib-3rd-party/Idiorm/idiorm.php(2284): call_user_func_array(Array, Array)
#8 /Users/laurentbinder/Sites/www/MCL_POC/wp-content/plugins/mailpoet/lib/Newsletter/Scheduler/Scheduler.php(61): MailPoetVendor\Idiorm\ORM->__call('findMany', Array)
#9 /Users/laurentbinder/Sites/www/MCL_POC/wp-content/plugins/mailpoet/lib/Newsletter/Scheduler/AutomaticEmailScheduler.php(66): MailPoet\Newsletter\Scheduler\Scheduler::getNewsletters('automatic', 'woocommerce')
#10 /Users/laurentbinder/Sites/www/MCL_POC/wp-content/plugins/mailpoet/lib/AutomaticEmails/WooCommerce/Events/AbandonedCart.php(183): MailPoet\Newsletter\Scheduler\AutomaticEmailScheduler->cancelAutomaticEmail('woocommerce', 'woocommerce_aba...', '1')
#11 /Users/laurentbinder/Sites/www/MCL_POC/wp-content/plugins/mailpoet/lib/AutomaticEmails/WooCommerce/Events/AbandonedCart.php(139): MailPoet\AutomaticEmails\WooCommerce\Events\AbandonedCart->cancelAbandonedCartEmail()
#12 /Users/laurentbinder/Sites/www/MCL_POC/wp-includes/class-wp-hook.php(305): MailPoet\AutomaticEmails\WooCommerce\Events\AbandonedCart->handleCartChange('94e4451ad239090...')
#13 /Users/laurentbinder/Sites/www/MCL_POC/wp-includes/class-wp-hook.php(327): WP_Hook->apply_filters(NULL, Array)
#14 /Users/laurentbinder/Sites/www/MCL_POC/wp-includes/plugin.php(470): WP_Hook->do_action(Array)
#15 /Users/laurentbinder/Sites/www/MCL_POC/wp-content/plugins/woocommerce/includes/class-wc-cart.php(1305): do_action('woocommerce_car...', '94e4451ad239090...', Object(WC_Cart))
#16 /Users/laurentbinder/Sites/www/MCL_POC/wp-content/plugins/woocommerce/includes/class-wc-ajax.php(454): WC_Cart->remove_cart_item('94e4451ad239090...')
#17 /Users/laurentbinder/Sites/www/MCL_POC/wp-includes/class-wp-hook.php(303): WC_AJAX::remove_from_cart('')
#18 /Users/laurentbinder/Sites/www/MCL_POC/wp-includes/class-wp-hook.php(327): WP_Hook->apply_filters('', Array)
#19 /Users/laurentbinder/Sites/www/MCL_POC/wp-includes/plugin.php(470): WP_Hook->do_action(Array)
#20 /Users/laurentbinder/Sites/www/MCL_POC/wp-content/plugins/woocommerce/includes/class-wc-ajax.php(90): do_action('wc_ajax_remove_...')
#21 /Users/laurentbinder/Sites/www/MCL_POC/wp-includes/class-wp-hook.php(303): WC_AJAX::do_wc_ajax('')
#22 /Users/laurentbinder/Sites/www/MCL_POC/wp-includes/class-wp-hook.php(327): WP_Hook->apply_filters(false, Array)
#23 /Users/laurentbinder/Sites/www/MCL_POC/wp-includes/plugin.php(470): WP_Hook->do_action(Array)
#24 /Users/laurentbinder/Sites/www/MCL_POC/wp-includes/template-loader.php(13): do_action('template_redire...')
#25 /Users/laurentbinder/Sites/www/MCL_POC/wp-blog-header.php(19): require_once('/Users/laurentb...')
#26 /Users/laurentbinder/Sites/www/MCL_POC/index.php(17): require('/Users/laurentb...')
#27 {main}
  thrown dans /Users/laurentbinder/Sites/www/MCL_POC/wp-content/plugins/mailpoet/vendor-prefixed/doctrine/dbal/lib/Doctrine/DBAL/Driver/PDO/Exception.php à la ligne 2

