2021-07-21T01:04:32+00:00 CRITICAL Unclosed '(' dans /Users/laurentbinder/Sites/www/MCL_POC/wp-content/themes/bootcommerce-5-child/functions.php à la ligne 95

2021-07-21T13:32:56+00:00 CRITICAL syntax error, unexpected identifier "text", expecting "," or ";" dans /Users/laurentbinder/Sites/www/MCL_POC/wp-content/themes/bootcommerce-5-child/woocommerce/content-single-product.php à la ligne 50

2021-07-21T14:00:03+00:00 CRITICAL Uncaught Error: Call to undefined function wc_get_3D_url() in /Users/laurentbinder/Sites/www/MCL_POC/wp-content/themes/bootcommerce-5-child/functions.php:52
Stack trace:
#0 /Users/laurentbinder/Sites/www/MCL_POC/wp-includes/class-wp-hook.php(292): custom_3D_button('')
#1 /Users/laurentbinder/Sites/www/MCL_POC/wp-includes/class-wp-hook.php(316): WP_Hook->apply_filters(NULL, Array)
#2 /Users/laurentbinder/Sites/www/MCL_POC/wp-includes/plugin.php(484): WP_Hook->do_action(Array)
#3 /Users/laurentbinder/Sites/www/MCL_POC/wp-content/themes/bootcommerce-5-child/woocommerce/content-single-product.php(62): do_action('woocommerce_sin...')
#4 /Users/laurentbinder/Sites/www/MCL_POC/wp-includes/template.php(732): require('/Users/laurentb...')
#5 /Users/laurentbinder/Sites/www/MCL_POC/wp-content/plugins/woocommerce/includes/wc-core-functions.php(284): load_template('/Users/laurentb...', false)
#6 /Users/laurentbinder/Sites/www/MCL_POC/wp-content/plugins/woocommerce/includes/wc-template-functions.php(971): wc_get_template_part('content', 'single-product')
#7 /Users/laurentbinder/Sites/www/MCL_POC/wp-content/themes/bootscore-5/woocommerce.php(30): woocommerce_content()
#8 /Users/laurentbinder/Sites/www/MCL_POC/wp-includes/template-loader.php(106): include('/Users/laurentb...')
#9 /Users/laurentbinder/Sites/www/MCL_POC/wp-blog-header.php(19): require_once('/Users/laurentb...')
#10 /Users/laurentbinder/Sites/www/MCL_POC/index.php(17): require('/Users/laurentb...')
#11 {main}
  thrown dans /Users/laurentbinder/Sites/www/MCL_POC/wp-content/themes/bootcommerce-5-child/functions.php à la ligne 52

2021-07-21T14:00:29+00:00 CRITICAL syntax error, unexpected token ":" dans /Users/laurentbinder/Sites/www/MCL_POC/wp-content/themes/bootcommerce-5-child/functions.php à la ligne 52

2021-07-21T14:10:51+00:00 CRITICAL syntax error, unexpected token ";" dans /Users/laurentbinder/Sites/www/MCL_POC/wp-content/themes/bootcommerce-5-child/functions.php à la ligne 42

2021-07-21T14:14:15+00:00 CRITICAL Unclosed '{' on line 22 dans /Users/laurentbinder/Sites/www/MCL_POC/wp-content/themes/bootcommerce-5-child/functions.php à la ligne 139

2021-07-21T14:15:58+00:00 CRITICAL Unclosed '{' on line 22 dans /Users/laurentbinder/Sites/www/MCL_POC/wp-content/themes/bootcommerce-5-child/functions.php à la ligne 139

2021-07-21T14:16:47+00:00 CRITICAL Uncaught Error: Call to a member function is_type() on null in /Users/laurentbinder/Sites/www/MCL_POC/wp-content/themes/bootcommerce-5-child/functions.php:25
Stack trace:
#0 /Users/laurentbinder/Sites/www/MCL_POC/wp-settings.php(528): include()
#1 /Users/laurentbinder/Sites/www/MCL_POC/wp-config.php(90): require_once('/Users/laurentb...')
#2 /Users/laurentbinder/Sites/www/MCL_POC/wp-load.php(37): require_once('/Users/laurentb...')
#3 /Users/laurentbinder/Sites/www/MCL_POC/wp-blog-header.php(13): require_once('/Users/laurentb...')
#4 /Users/laurentbinder/Sites/www/MCL_POC/index.php(17): require('/Users/laurentb...')
#5 {main}
  thrown dans /Users/laurentbinder/Sites/www/MCL_POC/wp-content/themes/bootcommerce-5-child/functions.php à la ligne 25

