2021-07-19T08:14:50+00:00 CRITICAL Uncaught Error: Class "bootstrap_5_wp_nav_menu_walker" not found in /Users/laurentbinder/Sites/www/MCL_POC/wp-content/themes/bootcommerce-5-child/header.php:67
Stack trace:
#0 /Users/laurentbinder/Sites/www/MCL_POC/wp-includes/template.php(730): require_once()
#1 /Users/laurentbinder/Sites/www/MCL_POC/wp-includes/template.php(676): load_template('/Users/laurentb...', true, Array)
#2 /Users/laurentbinder/Sites/www/MCL_POC/wp-includes/general-template.php(48): locate_template(Array, true, true, Array)
#3 /Users/laurentbinder/Sites/www/MCL_POC/wp-content/themes/bootcommerce-5-child/template-home-page-cl.php(10): get_header()
#4 /Users/laurentbinder/Sites/www/MCL_POC/wp-includes/template-loader.php(106): include('/Users/laurentb...')
#5 /Users/laurentbinder/Sites/www/MCL_POC/wp-blog-header.php(19): require_once('/Users/laurentb...')
#6 /Users/laurentbinder/Sites/www/MCL_POC/index.php(17): require('/Users/laurentb...')
#7 {main}
  thrown dans /Users/laurentbinder/Sites/www/MCL_POC/wp-content/themes/bootcommerce-5-child/header.php à la ligne 67

2021-07-19T08:15:17+00:00 CRITICAL Uncaught Error: Class "bootstrap_5_wp_nav_menu_walker" not found in /Users/laurentbinder/Sites/www/MCL_POC/wp-content/themes/bootcommerce-5-child/header.php:67
Stack trace:
#0 /Users/laurentbinder/Sites/www/MCL_POC/wp-includes/template.php(730): require_once()
#1 /Users/laurentbinder/Sites/www/MCL_POC/wp-includes/template.php(676): load_template('/Users/laurentb...', true, Array)
#2 /Users/laurentbinder/Sites/www/MCL_POC/wp-includes/general-template.php(48): locate_template(Array, true, true, Array)
#3 /Users/laurentbinder/Sites/www/MCL_POC/wp-content/themes/bootcommerce-5-child/template-home-page-cl.php(10): get_header()
#4 /Users/laurentbinder/Sites/www/MCL_POC/wp-includes/template-loader.php(106): include('/Users/laurentb...')
#5 /Users/laurentbinder/Sites/www/MCL_POC/wp-blog-header.php(19): require_once('/Users/laurentb...')
#6 /Users/laurentbinder/Sites/www/MCL_POC/index.php(17): require('/Users/laurentb...')
#7 {main}
  thrown dans /Users/laurentbinder/Sites/www/MCL_POC/wp-content/themes/bootcommerce-5-child/header.php à la ligne 67

2021-07-19T08:15:19+00:00 CRITICAL Uncaught Error: Class "bootstrap_5_wp_nav_menu_walker" not found in /Users/laurentbinder/Sites/www/MCL_POC/wp-content/themes/bootcommerce-5-child/header.php:67
Stack trace:
#0 /Users/laurentbinder/Sites/www/MCL_POC/wp-includes/template.php(730): require_once()
#1 /Users/laurentbinder/Sites/www/MCL_POC/wp-includes/template.php(676): load_template('/Users/laurentb...', true, Array)
#2 /Users/laurentbinder/Sites/www/MCL_POC/wp-includes/general-template.php(48): locate_template(Array, true, true, Array)
#3 /Users/laurentbinder/Sites/www/MCL_POC/wp-content/themes/bootcommerce-5-child/template-home-page-cl.php(10): get_header()
#4 /Users/laurentbinder/Sites/www/MCL_POC/wp-includes/template-loader.php(106): include('/Users/laurentb...')
#5 /Users/laurentbinder/Sites/www/MCL_POC/wp-blog-header.php(19): require_once('/Users/laurentb...')
#6 /Users/laurentbinder/Sites/www/MCL_POC/index.php(17): require('/Users/laurentb...')
#7 {main}
  thrown dans /Users/laurentbinder/Sites/www/MCL_POC/wp-content/themes/bootcommerce-5-child/header.php à la ligne 67

2021-07-19T08:15:22+00:00 CRITICAL Uncaught Error: Class "bootstrap_5_wp_nav_menu_walker" not found in /Users/laurentbinder/Sites/www/MCL_POC/wp-content/themes/bootcommerce-5-child/header.php:67
Stack trace:
#0 /Users/laurentbinder/Sites/www/MCL_POC/wp-includes/template.php(730): require_once()
#1 /Users/laurentbinder/Sites/www/MCL_POC/wp-includes/template.php(676): load_template('/Users/laurentb...', true, Array)
#2 /Users/laurentbinder/Sites/www/MCL_POC/wp-includes/general-template.php(48): locate_template(Array, true, true, Array)
#3 /Users/laurentbinder/Sites/www/MCL_POC/wp-content/themes/bootcommerce-5-child/template-home-page-cl.php(10): get_header()
#4 /Users/laurentbinder/Sites/www/MCL_POC/wp-includes/template-loader.php(106): include('/Users/laurentb...')
#5 /Users/laurentbinder/Sites/www/MCL_POC/wp-blog-header.php(19): require_once('/Users/laurentb...')
#6 /Users/laurentbinder/Sites/www/MCL_POC/index.php(17): require('/Users/laurentb...')
#7 {main}
  thrown dans /Users/laurentbinder/Sites/www/MCL_POC/wp-content/themes/bootcommerce-5-child/header.php à la ligne 67

2021-07-19T13:55:13+00:00 CRITICAL syntax error, unexpected token "<", expecting end of file dans /Users/laurentbinder/Sites/www/MCL_POC/wp-content/themes/bootcommerce-5-child/woocommerce/content-single-product.php à la ligne 66

2021-07-19T17:33:35+00:00 CRITICAL syntax error, unexpected single-quoted string ""]", expecting ")" dans /Users/laurentbinder/Sites/www/MCL_POC/wp-content/themes/bootcommerce-5-child/template-home-page-lw.php à la ligne 170

2021-07-19T17:34:52+00:00 CRITICAL syntax error, unexpected token "echo" dans /Users/laurentbinder/Sites/www/MCL_POC/wp-content/themes/bootcommerce-5-child/template-home-page-lw.php à la ligne 179

2021-07-19T17:35:00+00:00 CRITICAL syntax error, unexpected token "echo" dans /Users/laurentbinder/Sites/www/MCL_POC/wp-content/themes/bootcommerce-5-child/template-home-page-lw.php à la ligne 179

2021-07-19T17:49:44+00:00 CRITICAL Uncaught Error: Undefined constant "toto" in /Users/laurentbinder/Sites/www/MCL_POC/wp-content/themes/bootcommerce-5-child/template-home-page-lw.php:181
Stack trace:
#0 /Users/laurentbinder/Sites/www/MCL_POC/wp-includes/template-loader.php(106): include()
#1 /Users/laurentbinder/Sites/www/MCL_POC/wp-blog-header.php(19): require_once('/Users/laurentb...')
#2 /Users/laurentbinder/Sites/www/MCL_POC/index.php(17): require('/Users/laurentb...')
#3 {main}
  thrown dans /Users/laurentbinder/Sites/www/MCL_POC/wp-content/themes/bootcommerce-5-child/template-home-page-lw.php à la ligne 181

2021-07-19T17:49:49+00:00 CRITICAL Uncaught Error: Undefined constant "toto" in /Users/laurentbinder/Sites/www/MCL_POC/wp-content/themes/bootcommerce-5-child/template-home-page-lw.php:181
Stack trace:
#0 /Users/laurentbinder/Sites/www/MCL_POC/wp-includes/template-loader.php(106): include()
#1 /Users/laurentbinder/Sites/www/MCL_POC/wp-blog-header.php(19): require_once('/Users/laurentb...')
#2 /Users/laurentbinder/Sites/www/MCL_POC/index.php(17): require('/Users/laurentb...')
#3 {main}
  thrown dans /Users/laurentbinder/Sites/www/MCL_POC/wp-content/themes/bootcommerce-5-child/template-home-page-lw.php à la ligne 181

2021-07-19T17:49:53+00:00 CRITICAL Uncaught Error: Undefined constant "toto" in /Users/laurentbinder/Sites/www/MCL_POC/wp-content/themes/bootcommerce-5-child/template-home-page-lw.php:181
Stack trace:
#0 /Users/laurentbinder/Sites/www/MCL_POC/wp-includes/template-loader.php(106): include()
#1 /Users/laurentbinder/Sites/www/MCL_POC/wp-blog-header.php(19): require_once('/Users/laurentb...')
#2 /Users/laurentbinder/Sites/www/MCL_POC/index.php(17): require('/Users/laurentb...')
#3 {main}
  thrown dans /Users/laurentbinder/Sites/www/MCL_POC/wp-content/themes/bootcommerce-5-child/template-home-page-lw.php à la ligne 181

2021-07-19T17:58:06+00:00 CRITICAL syntax error, unexpected token "echo", expecting "," or ";" dans /Users/laurentbinder/Sites/www/MCL_POC/wp-content/themes/bootcommerce-5-child/template-home-page-lw.php à la ligne 184

2021-07-19T20:19:42+00:00 CRITICAL syntax error, unexpected token "print" dans /Users/laurentbinder/Sites/www/MCL_POC/wp-content/themes/bootcommerce-5-child/template-home-page-lw.php à la ligne 177

2021-07-19T20:20:15+00:00 CRITICAL syntax error, unexpected token "echo" dans /Users/laurentbinder/Sites/www/MCL_POC/wp-content/themes/bootcommerce-5-child/template-home-page-lw.php à la ligne 177

2021-07-19T20:47:15+00:00 CRITICAL Cannot redeclare remove_breadcrumbs() (previously declared in /Users/laurentbinder/Sites/www/MCL_POC/wp-content/themes/bootcommerce-5-child/functions.php:49) dans /Users/laurentbinder/Sites/www/MCL_POC/wp-content/themes/bootcommerce-5-child/functions.php à la ligne 55

2021-07-19T20:47:15+00:00 CRITICAL Cannot redeclare remove_breadcrumbs() (previously declared in /Users/laurentbinder/Sites/www/MCL_POC/wp-content/themes/bootcommerce-5-child/functions.php:49) dans /Users/laurentbinder/Sites/www/MCL_POC/wp-content/themes/bootcommerce-5-child/functions.php à la ligne 55

