2021-08-26T10:43:25+00:00 CRITICAL syntax error, unexpected single-quoted string "url3d", expecting ")" dans /Users/laurentbinder/Sites/www/MCL_POC/wp-content/themes/bootcommerce-5-child/functions.php à la ligne 128

2021-08-26T15:04:35+00:00 CRITICAL Uncaught Error: Call to a member function get_id() on null in /Users/laurentbinder/Sites/www/MCL_POC/wp-content/themes/bootcommerce-5-child/functions.php:102
Stack trace:
#0 /Users/laurentbinder/Sites/www/MCL_POC/wp-includes/rest-api/class-wp-rest-server.php(1140): my_3D_func(Object(WP_REST_Request))
#1 /Users/laurentbinder/Sites/www/MCL_POC/wp-includes/rest-api/class-wp-rest-server.php(987): WP_REST_Server->respond_to_request(Object(WP_REST_Request), '/3D/v1/product/...', Array, NULL)
#2 /Users/laurentbinder/Sites/www/MCL_POC/wp-includes/rest-api/class-wp-rest-server.php(414): WP_REST_Server->dispatch(Object(WP_REST_Request))
#3 /Users/laurentbinder/Sites/www/MCL_POC/wp-includes/rest-api.php(370): WP_REST_Server->serve_request('/3D/v1/product/...')
#4 /Users/laurentbinder/Sites/www/MCL_POC/wp-includes/class-wp-hook.php(303): rest_api_loaded(Object(WP))
#5 /Users/laurentbinder/Sites/www/MCL_POC/wp-includes/class-wp-hook.php(327): WP_Hook->apply_filters(NULL, Array)
#6 /Users/laurentbinder/Sites/www/MCL_POC/wp-includes/plugin.php(518): WP_Hook->do_action(Array)
#7 /Users/laurentbinder/Sites/www/MCL_POC/wp-includes/class-wp.php(388): do_action_ref_array('parse_request', Array)
#8 /Users/laurentbinder/Sites/www/MCL_POC/wp-includes/class-wp.php(750): WP->parse_request('')
#9 /Users/laurentbinder/Sites/www/MCL_POC/wp-includes/functions.php(1291): WP->main('')
#10 /Users/laurentbinder/Sites/www/MCL_POC/wp-blog-header.php(16): wp()
#11 /Users/laurentbinder/Sites/www/MCL_POC/index.php(17): require('/Users/laurentb...')
#12 {main}
  thrown dans /Users/laurentbinder/Sites/www/MCL_POC/wp-content/themes/bootcommerce-5-child/functions.php à la ligne 102

2021-08-26T15:05:32+00:00 CRITICAL Uncaught Error: Call to a member function get_id() on null in /Users/laurentbinder/Sites/www/MCL_POC/wp-content/themes/bootcommerce-5-child/functions.php:102
Stack trace:
#0 /Users/laurentbinder/Sites/www/MCL_POC/wp-includes/rest-api/class-wp-rest-server.php(1140): my_3D_func(Object(WP_REST_Request))
#1 /Users/laurentbinder/Sites/www/MCL_POC/wp-includes/rest-api/class-wp-rest-server.php(987): WP_REST_Server->respond_to_request(Object(WP_REST_Request), '/3D/v1/product/...', Array, NULL)
#2 /Users/laurentbinder/Sites/www/MCL_POC/wp-includes/rest-api/class-wp-rest-server.php(414): WP_REST_Server->dispatch(Object(WP_REST_Request))
#3 /Users/laurentbinder/Sites/www/MCL_POC/wp-includes/rest-api.php(370): WP_REST_Server->serve_request('/3D/v1/product/...')
#4 /Users/laurentbinder/Sites/www/MCL_POC/wp-includes/class-wp-hook.php(303): rest_api_loaded(Object(WP))
#5 /Users/laurentbinder/Sites/www/MCL_POC/wp-includes/class-wp-hook.php(327): WP_Hook->apply_filters(NULL, Array)
#6 /Users/laurentbinder/Sites/www/MCL_POC/wp-includes/plugin.php(518): WP_Hook->do_action(Array)
#7 /Users/laurentbinder/Sites/www/MCL_POC/wp-includes/class-wp.php(388): do_action_ref_array('parse_request', Array)
#8 /Users/laurentbinder/Sites/www/MCL_POC/wp-includes/class-wp.php(750): WP->parse_request('')
#9 /Users/laurentbinder/Sites/www/MCL_POC/wp-includes/functions.php(1291): WP->main('')
#10 /Users/laurentbinder/Sites/www/MCL_POC/wp-blog-header.php(16): wp()
#11 /Users/laurentbinder/Sites/www/MCL_POC/index.php(17): require('/Users/laurentb...')
#12 {main}
  thrown dans /Users/laurentbinder/Sites/www/MCL_POC/wp-content/themes/bootcommerce-5-child/functions.php à la ligne 102

2021-08-26T15:06:51+00:00 CRITICAL Uncaught Error: Call to a member function get_id() on null in /Users/laurentbinder/Sites/www/MCL_POC/wp-content/themes/bootcommerce-5-child/functions.php:102
Stack trace:
#0 /Users/laurentbinder/Sites/www/MCL_POC/wp-includes/rest-api/class-wp-rest-server.php(1140): my_3D_func(Object(WP_REST_Request))
#1 /Users/laurentbinder/Sites/www/MCL_POC/wp-includes/rest-api/class-wp-rest-server.php(987): WP_REST_Server->respond_to_request(Object(WP_REST_Request), '/3D/v1/product/...', Array, NULL)
#2 /Users/laurentbinder/Sites/www/MCL_POC/wp-includes/rest-api/class-wp-rest-server.php(414): WP_REST_Server->dispatch(Object(WP_REST_Request))
#3 /Users/laurentbinder/Sites/www/MCL_POC/wp-includes/rest-api.php(370): WP_REST_Server->serve_request('/3D/v1/product/...')
#4 /Users/laurentbinder/Sites/www/MCL_POC/wp-includes/class-wp-hook.php(303): rest_api_loaded(Object(WP))
#5 /Users/laurentbinder/Sites/www/MCL_POC/wp-includes/class-wp-hook.php(327): WP_Hook->apply_filters(NULL, Array)
#6 /Users/laurentbinder/Sites/www/MCL_POC/wp-includes/plugin.php(518): WP_Hook->do_action(Array)
#7 /Users/laurentbinder/Sites/www/MCL_POC/wp-includes/class-wp.php(388): do_action_ref_array('parse_request', Array)
#8 /Users/laurentbinder/Sites/www/MCL_POC/wp-includes/class-wp.php(750): WP->parse_request('')
#9 /Users/laurentbinder/Sites/www/MCL_POC/wp-includes/functions.php(1291): WP->main('')
#10 /Users/laurentbinder/Sites/www/MCL_POC/wp-blog-header.php(16): wp()
#11 /Users/laurentbinder/Sites/www/MCL_POC/index.php(17): require('/Users/laurentb...')
#12 {main}
  thrown dans /Users/laurentbinder/Sites/www/MCL_POC/wp-content/themes/bootcommerce-5-child/functions.php à la ligne 102

