2021-07-25T15:21:12+00:00 CRITICAL Uncaught TypeError: call_user_func_array(): Argument #1 ($function) must be a valid callback, function "duplicator_global_scripts" not found or invalid function name in /Users/laurentbinder/Sites/www/MCL_POC/wp-includes/class-wp-hook.php:303
Stack trace:
#0 /Users/laurentbinder/Sites/www/MCL_POC/wp-includes/class-wp-hook.php(327): WP_Hook->apply_filters(NULL, Array)
#1 /Users/laurentbinder/Sites/www/MCL_POC/wp-includes/plugin.php(470): WP_Hook->do_action(Array)
#2 /Users/laurentbinder/Sites/www/MCL_POC/wp-includes/script-loader.php(2083): do_action('wp_enqueue_scri...')
#3 /Users/laurentbinder/Sites/www/MCL_POC/wp-includes/class-wp-hook.php(303): wp_enqueue_scripts('')
#4 /Users/laurentbinder/Sites/www/MCL_POC/wp-includes/class-wp-hook.php(327): WP_Hook->apply_filters(NULL, Array)
#5 /Users/laurentbinder/Sites/www/MCL_POC/wp-includes/plugin.php(470): WP_Hook->do_action(Array)
#6 /Users/laurentbinder/Sites/www/MCL_POC/wp-includes/general-template.php(3015): do_action('wp_head')
#7 /Users/laurentbinder/Sites/www/MCL_POC/wp-includes/blocks/legacy-widget.php(104): wp_head()
#8 /Users/laurentbinder/Sites/www/MCL_POC/wp-includes/class-wp-hook.php(303): handle_legacy_widget_preview_iframe('')
#9 /Users/laurentbinder/Sites/www/MCL_POC/wp-includes/class-wp-hook.php(327): WP_Hook->apply_filters(false, Array)
#10 /Users/laurentbinder/Sites/www/MCL_POC/wp-includes/plugin.php(470): WP_Hook->do_action(Array)
#11 /Users/laurentbinder/Sites/www/MCL_POC/wp-admin/admin.php(175): do_action('admin_init')
#12 /Users/laurentbinder/Sites/www/MCL_POC/wp-admin/widgets.php(10): require_once('/Users/laurentb...')
#13 {main}
  thrown in /Users/laurentbinder/Sites/www/MCL_POC/wp-includes/class-wp-hook.php on line 303

2021-07-25T15:21:12+00:00 CRITICAL Uncaught TypeError: call_user_func_array(): Argument #1 ($function) must be a valid callback, function "duplicator_global_scripts" not found or invalid function name in /Users/laurentbinder/Sites/www/MCL_POC/wp-includes/class-wp-hook.php:303
Stack trace:
#0 /Users/laurentbinder/Sites/www/MCL_POC/wp-includes/class-wp-hook.php(327): WP_Hook->apply_filters(NULL, Array)
#1 /Users/laurentbinder/Sites/www/MCL_POC/wp-includes/plugin.php(470): WP_Hook->do_action(Array)
#2 /Users/laurentbinder/Sites/www/MCL_POC/wp-includes/script-loader.php(2083): do_action('wp_enqueue_scri...')
#3 /Users/laurentbinder/Sites/www/MCL_POC/wp-includes/class-wp-hook.php(303): wp_enqueue_scripts('')
#4 /Users/laurentbinder/Sites/www/MCL_POC/wp-includes/class-wp-hook.php(327): WP_Hook->apply_filters(NULL, Array)
#5 /Users/laurentbinder/Sites/www/MCL_POC/wp-includes/plugin.php(470): WP_Hook->do_action(Array)
#6 /Users/laurentbinder/Sites/www/MCL_POC/wp-includes/general-template.php(3015): do_action('wp_head')
#7 /Users/laurentbinder/Sites/www/MCL_POC/wp-includes/blocks/legacy-widget.php(104): wp_head()
#8 /Users/laurentbinder/Sites/www/MCL_POC/wp-includes/class-wp-hook.php(303): handle_legacy_widget_preview_iframe('')
#9 /Users/laurentbinder/Sites/www/MCL_POC/wp-includes/class-wp-hook.php(327): WP_Hook->apply_filters(false, Array)
#10 /Users/laurentbinder/Sites/www/MCL_POC/wp-includes/plugin.php(470): WP_Hook->do_action(Array)
#11 /Users/laurentbinder/Sites/www/MCL_POC/wp-admin/admin.php(175): do_action('admin_init')
#12 /Users/laurentbinder/Sites/www/MCL_POC/wp-admin/widgets.php(10): require_once('/Users/laurentb...')
#13 {main}
  thrown in /Users/laurentbinder/Sites/www/MCL_POC/wp-includes/class-wp-hook.php on line 303

2021-07-25T15:21:12+00:00 CRITICAL Uncaught TypeError: call_user_func_array(): Argument #1 ($function) must be a valid callback, function "duplicator_global_scripts" not found or invalid function name in /Users/laurentbinder/Sites/www/MCL_POC/wp-includes/class-wp-hook.php:303
Stack trace:
#0 /Users/laurentbinder/Sites/www/MCL_POC/wp-includes/class-wp-hook.php(327): WP_Hook->apply_filters(NULL, Array)
#1 /Users/laurentbinder/Sites/www/MCL_POC/wp-includes/plugin.php(470): WP_Hook->do_action(Array)
#2 /Users/laurentbinder/Sites/www/MCL_POC/wp-includes/script-loader.php(2083): do_action('wp_enqueue_scri...')
#3 /Users/laurentbinder/Sites/www/MCL_POC/wp-includes/class-wp-hook.php(303): wp_enqueue_scripts('')
#4 /Users/laurentbinder/Sites/www/MCL_POC/wp-includes/class-wp-hook.php(327): WP_Hook->apply_filters(NULL, Array)
#5 /Users/laurentbinder/Sites/www/MCL_POC/wp-includes/plugin.php(470): WP_Hook->do_action(Array)
#6 /Users/laurentbinder/Sites/www/MCL_POC/wp-includes/general-template.php(3015): do_action('wp_head')
#7 /Users/laurentbinder/Sites/www/MCL_POC/wp-includes/blocks/legacy-widget.php(104): wp_head()
#8 /Users/laurentbinder/Sites/www/MCL_POC/wp-includes/class-wp-hook.php(303): handle_legacy_widget_preview_iframe('')
#9 /Users/laurentbinder/Sites/www/MCL_POC/wp-includes/class-wp-hook.php(327): WP_Hook->apply_filters(false, Array)
#10 /Users/laurentbinder/Sites/www/MCL_POC/wp-includes/plugin.php(470): WP_Hook->do_action(Array)
#11 /Users/laurentbinder/Sites/www/MCL_POC/wp-admin/admin.php(175): do_action('admin_init')
#12 /Users/laurentbinder/Sites/www/MCL_POC/wp-admin/widgets.php(10): require_once('/Users/laurentb...')
#13 {main}
  thrown in /Users/laurentbinder/Sites/www/MCL_POC/wp-includes/class-wp-hook.php on line 303

2021-07-25T15:21:12+00:00 CRITICAL Uncaught TypeError: call_user_func_array(): Argument #1 ($function) must be a valid callback, function "duplicator_global_scripts" not found or invalid function name in /Users/laurentbinder/Sites/www/MCL_POC/wp-includes/class-wp-hook.php:303
Stack trace:
#0 /Users/laurentbinder/Sites/www/MCL_POC/wp-includes/class-wp-hook.php(327): WP_Hook->apply_filters(NULL, Array)
#1 /Users/laurentbinder/Sites/www/MCL_POC/wp-includes/plugin.php(470): WP_Hook->do_action(Array)
#2 /Users/laurentbinder/Sites/www/MCL_POC/wp-includes/script-loader.php(2083): do_action('wp_enqueue_scri...')
#3 /Users/laurentbinder/Sites/www/MCL_POC/wp-includes/class-wp-hook.php(303): wp_enqueue_scripts('')
#4 /Users/laurentbinder/Sites/www/MCL_POC/wp-includes/class-wp-hook.php(327): WP_Hook->apply_filters(NULL, Array)
#5 /Users/laurentbinder/Sites/www/MCL_POC/wp-includes/plugin.php(470): WP_Hook->do_action(Array)
#6 /Users/laurentbinder/Sites/www/MCL_POC/wp-includes/general-template.php(3015): do_action('wp_head')
#7 /Users/laurentbinder/Sites/www/MCL_POC/wp-includes/blocks/legacy-widget.php(104): wp_head()
#8 /Users/laurentbinder/Sites/www/MCL_POC/wp-includes/class-wp-hook.php(303): handle_legacy_widget_preview_iframe('')
#9 /Users/laurentbinder/Sites/www/MCL_POC/wp-includes/class-wp-hook.php(327): WP_Hook->apply_filters(false, Array)
#10 /Users/laurentbinder/Sites/www/MCL_POC/wp-includes/plugin.php(470): WP_Hook->do_action(Array)
#11 /Users/laurentbinder/Sites/www/MCL_POC/wp-admin/admin.php(175): do_action('admin_init')
#12 /Users/laurentbinder/Sites/www/MCL_POC/wp-admin/widgets.php(10): require_once('/Users/laurentb...')
#13 {main}
  thrown in /Users/laurentbinder/Sites/www/MCL_POC/wp-includes/class-wp-hook.php on line 303

2021-07-25T15:21:13+00:00 CRITICAL Uncaught TypeError: call_user_func_array(): Argument #1 ($function) must be a valid callback, function "duplicator_global_scripts" not found or invalid function name in /Users/laurentbinder/Sites/www/MCL_POC/wp-includes/class-wp-hook.php:303
Stack trace:
#0 /Users/laurentbinder/Sites/www/MCL_POC/wp-includes/class-wp-hook.php(327): WP_Hook->apply_filters(NULL, Array)
#1 /Users/laurentbinder/Sites/www/MCL_POC/wp-includes/plugin.php(470): WP_Hook->do_action(Array)
#2 /Users/laurentbinder/Sites/www/MCL_POC/wp-includes/script-loader.php(2083): do_action('wp_enqueue_scri...')
#3 /Users/laurentbinder/Sites/www/MCL_POC/wp-includes/class-wp-hook.php(303): wp_enqueue_scripts('')
#4 /Users/laurentbinder/Sites/www/MCL_POC/wp-includes/class-wp-hook.php(327): WP_Hook->apply_filters(NULL, Array)
#5 /Users/laurentbinder/Sites/www/MCL_POC/wp-includes/plugin.php(470): WP_Hook->do_action(Array)
#6 /Users/laurentbinder/Sites/www/MCL_POC/wp-includes/general-template.php(3015): do_action('wp_head')
#7 /Users/laurentbinder/Sites/www/MCL_POC/wp-includes/blocks/legacy-widget.php(104): wp_head()
#8 /Users/laurentbinder/Sites/www/MCL_POC/wp-includes/class-wp-hook.php(303): handle_legacy_widget_preview_iframe('')
#9 /Users/laurentbinder/Sites/www/MCL_POC/wp-includes/class-wp-hook.php(327): WP_Hook->apply_filters(false, Array)
#10 /Users/laurentbinder/Sites/www/MCL_POC/wp-includes/plugin.php(470): WP_Hook->do_action(Array)
#11 /Users/laurentbinder/Sites/www/MCL_POC/wp-admin/admin.php(175): do_action('admin_init')
#12 /Users/laurentbinder/Sites/www/MCL_POC/wp-admin/widgets.php(10): require_once('/Users/laurentb...')
#13 {main}
  thrown in /Users/laurentbinder/Sites/www/MCL_POC/wp-includes/class-wp-hook.php on line 303

2021-07-25T15:21:13+00:00 CRITICAL Uncaught TypeError: call_user_func_array(): Argument #1 ($function) must be a valid callback, function "duplicator_global_scripts" not found or invalid function name in /Users/laurentbinder/Sites/www/MCL_POC/wp-includes/class-wp-hook.php:303
Stack trace:
#0 /Users/laurentbinder/Sites/www/MCL_POC/wp-includes/class-wp-hook.php(327): WP_Hook->apply_filters(NULL, Array)
#1 /Users/laurentbinder/Sites/www/MCL_POC/wp-includes/plugin.php(470): WP_Hook->do_action(Array)
#2 /Users/laurentbinder/Sites/www/MCL_POC/wp-includes/script-loader.php(2083): do_action('wp_enqueue_scri...')
#3 /Users/laurentbinder/Sites/www/MCL_POC/wp-includes/class-wp-hook.php(303): wp_enqueue_scripts('')
#4 /Users/laurentbinder/Sites/www/MCL_POC/wp-includes/class-wp-hook.php(327): WP_Hook->apply_filters(NULL, Array)
#5 /Users/laurentbinder/Sites/www/MCL_POC/wp-includes/plugin.php(470): WP_Hook->do_action(Array)
#6 /Users/laurentbinder/Sites/www/MCL_POC/wp-includes/general-template.php(3015): do_action('wp_head')
#7 /Users/laurentbinder/Sites/www/MCL_POC/wp-includes/blocks/legacy-widget.php(104): wp_head()
#8 /Users/laurentbinder/Sites/www/MCL_POC/wp-includes/class-wp-hook.php(303): handle_legacy_widget_preview_iframe('')
#9 /Users/laurentbinder/Sites/www/MCL_POC/wp-includes/class-wp-hook.php(327): WP_Hook->apply_filters(false, Array)
#10 /Users/laurentbinder/Sites/www/MCL_POC/wp-includes/plugin.php(470): WP_Hook->do_action(Array)
#11 /Users/laurentbinder/Sites/www/MCL_POC/wp-admin/admin.php(175): do_action('admin_init')
#12 /Users/laurentbinder/Sites/www/MCL_POC/wp-admin/widgets.php(10): require_once('/Users/laurentb...')
#13 {main}
  thrown in /Users/laurentbinder/Sites/www/MCL_POC/wp-includes/class-wp-hook.php on line 303

2021-07-25T15:21:13+00:00 CRITICAL Uncaught TypeError: call_user_func_array(): Argument #1 ($function) must be a valid callback, function "duplicator_global_scripts" not found or invalid function name in /Users/laurentbinder/Sites/www/MCL_POC/wp-includes/class-wp-hook.php:303
Stack trace:
#0 /Users/laurentbinder/Sites/www/MCL_POC/wp-includes/class-wp-hook.php(327): WP_Hook->apply_filters(NULL, Array)
#1 /Users/laurentbinder/Sites/www/MCL_POC/wp-includes/plugin.php(470): WP_Hook->do_action(Array)
#2 /Users/laurentbinder/Sites/www/MCL_POC/wp-includes/script-loader.php(2083): do_action('wp_enqueue_scri...')
#3 /Users/laurentbinder/Sites/www/MCL_POC/wp-includes/class-wp-hook.php(303): wp_enqueue_scripts('')
#4 /Users/laurentbinder/Sites/www/MCL_POC/wp-includes/class-wp-hook.php(327): WP_Hook->apply_filters(NULL, Array)
#5 /Users/laurentbinder/Sites/www/MCL_POC/wp-includes/plugin.php(470): WP_Hook->do_action(Array)
#6 /Users/laurentbinder/Sites/www/MCL_POC/wp-includes/general-template.php(3015): do_action('wp_head')
#7 /Users/laurentbinder/Sites/www/MCL_POC/wp-includes/blocks/legacy-widget.php(104): wp_head()
#8 /Users/laurentbinder/Sites/www/MCL_POC/wp-includes/class-wp-hook.php(303): handle_legacy_widget_preview_iframe('')
#9 /Users/laurentbinder/Sites/www/MCL_POC/wp-includes/class-wp-hook.php(327): WP_Hook->apply_filters(false, Array)
#10 /Users/laurentbinder/Sites/www/MCL_POC/wp-includes/plugin.php(470): WP_Hook->do_action(Array)
#11 /Users/laurentbinder/Sites/www/MCL_POC/wp-admin/admin.php(175): do_action('admin_init')
#12 /Users/laurentbinder/Sites/www/MCL_POC/wp-admin/widgets.php(10): require_once('/Users/laurentb...')
#13 {main}
  thrown in /Users/laurentbinder/Sites/www/MCL_POC/wp-includes/class-wp-hook.php on line 303

2021-07-25T15:21:13+00:00 CRITICAL Uncaught TypeError: call_user_func_array(): Argument #1 ($function) must be a valid callback, function "duplicator_global_scripts" not found or invalid function name in /Users/laurentbinder/Sites/www/MCL_POC/wp-includes/class-wp-hook.php:303
Stack trace:
#0 /Users/laurentbinder/Sites/www/MCL_POC/wp-includes/class-wp-hook.php(327): WP_Hook->apply_filters(NULL, Array)
#1 /Users/laurentbinder/Sites/www/MCL_POC/wp-includes/plugin.php(470): WP_Hook->do_action(Array)
#2 /Users/laurentbinder/Sites/www/MCL_POC/wp-includes/script-loader.php(2083): do_action('wp_enqueue_scri...')
#3 /Users/laurentbinder/Sites/www/MCL_POC/wp-includes/class-wp-hook.php(303): wp_enqueue_scripts('')
#4 /Users/laurentbinder/Sites/www/MCL_POC/wp-includes/class-wp-hook.php(327): WP_Hook->apply_filters(NULL, Array)
#5 /Users/laurentbinder/Sites/www/MCL_POC/wp-includes/plugin.php(470): WP_Hook->do_action(Array)
#6 /Users/laurentbinder/Sites/www/MCL_POC/wp-includes/general-template.php(3015): do_action('wp_head')
#7 /Users/laurentbinder/Sites/www/MCL_POC/wp-includes/blocks/legacy-widget.php(104): wp_head()
#8 /Users/laurentbinder/Sites/www/MCL_POC/wp-includes/class-wp-hook.php(303): handle_legacy_widget_preview_iframe('')
#9 /Users/laurentbinder/Sites/www/MCL_POC/wp-includes/class-wp-hook.php(327): WP_Hook->apply_filters(false, Array)
#10 /Users/laurentbinder/Sites/www/MCL_POC/wp-includes/plugin.php(470): WP_Hook->do_action(Array)
#11 /Users/laurentbinder/Sites/www/MCL_POC/wp-admin/admin.php(175): do_action('admin_init')
#12 /Users/laurentbinder/Sites/www/MCL_POC/wp-admin/widgets.php(10): require_once('/Users/laurentb...')
#13 {main}
  thrown in /Users/laurentbinder/Sites/www/MCL_POC/wp-includes/class-wp-hook.php on line 303

2021-07-25T15:21:13+00:00 CRITICAL Uncaught TypeError: call_user_func_array(): Argument #1 ($function) must be a valid callback, function "duplicator_global_scripts" not found or invalid function name in /Users/laurentbinder/Sites/www/MCL_POC/wp-includes/class-wp-hook.php:303
Stack trace:
#0 /Users/laurentbinder/Sites/www/MCL_POC/wp-includes/class-wp-hook.php(327): WP_Hook->apply_filters(NULL, Array)
#1 /Users/laurentbinder/Sites/www/MCL_POC/wp-includes/plugin.php(470): WP_Hook->do_action(Array)
#2 /Users/laurentbinder/Sites/www/MCL_POC/wp-includes/script-loader.php(2083): do_action('wp_enqueue_scri...')
#3 /Users/laurentbinder/Sites/www/MCL_POC/wp-includes/class-wp-hook.php(303): wp_enqueue_scripts('')
#4 /Users/laurentbinder/Sites/www/MCL_POC/wp-includes/class-wp-hook.php(327): WP_Hook->apply_filters(NULL, Array)
#5 /Users/laurentbinder/Sites/www/MCL_POC/wp-includes/plugin.php(470): WP_Hook->do_action(Array)
#6 /Users/laurentbinder/Sites/www/MCL_POC/wp-includes/general-template.php(3015): do_action('wp_head')
#7 /Users/laurentbinder/Sites/www/MCL_POC/wp-includes/blocks/legacy-widget.php(104): wp_head()
#8 /Users/laurentbinder/Sites/www/MCL_POC/wp-includes/class-wp-hook.php(303): handle_legacy_widget_preview_iframe('')
#9 /Users/laurentbinder/Sites/www/MCL_POC/wp-includes/class-wp-hook.php(327): WP_Hook->apply_filters(false, Array)
#10 /Users/laurentbinder/Sites/www/MCL_POC/wp-includes/plugin.php(470): WP_Hook->do_action(Array)
#11 /Users/laurentbinder/Sites/www/MCL_POC/wp-admin/admin.php(175): do_action('admin_init')
#12 /Users/laurentbinder/Sites/www/MCL_POC/wp-admin/widgets.php(10): require_once('/Users/laurentb...')
#13 {main}
  thrown in /Users/laurentbinder/Sites/www/MCL_POC/wp-includes/class-wp-hook.php on line 303

2021-07-25T15:21:13+00:00 CRITICAL Uncaught TypeError: call_user_func_array(): Argument #1 ($function) must be a valid callback, function "duplicator_global_scripts" not found or invalid function name in /Users/laurentbinder/Sites/www/MCL_POC/wp-includes/class-wp-hook.php:303
Stack trace:
#0 /Users/laurentbinder/Sites/www/MCL_POC/wp-includes/class-wp-hook.php(327): WP_Hook->apply_filters(NULL, Array)
#1 /Users/laurentbinder/Sites/www/MCL_POC/wp-includes/plugin.php(470): WP_Hook->do_action(Array)
#2 /Users/laurentbinder/Sites/www/MCL_POC/wp-includes/script-loader.php(2083): do_action('wp_enqueue_scri...')
#3 /Users/laurentbinder/Sites/www/MCL_POC/wp-includes/class-wp-hook.php(303): wp_enqueue_scripts('')
#4 /Users/laurentbinder/Sites/www/MCL_POC/wp-includes/class-wp-hook.php(327): WP_Hook->apply_filters(NULL, Array)
#5 /Users/laurentbinder/Sites/www/MCL_POC/wp-includes/plugin.php(470): WP_Hook->do_action(Array)
#6 /Users/laurentbinder/Sites/www/MCL_POC/wp-includes/general-template.php(3015): do_action('wp_head')
#7 /Users/laurentbinder/Sites/www/MCL_POC/wp-includes/blocks/legacy-widget.php(104): wp_head()
#8 /Users/laurentbinder/Sites/www/MCL_POC/wp-includes/class-wp-hook.php(303): handle_legacy_widget_preview_iframe('')
#9 /Users/laurentbinder/Sites/www/MCL_POC/wp-includes/class-wp-hook.php(327): WP_Hook->apply_filters(false, Array)
#10 /Users/laurentbinder/Sites/www/MCL_POC/wp-includes/plugin.php(470): WP_Hook->do_action(Array)
#11 /Users/laurentbinder/Sites/www/MCL_POC/wp-admin/admin.php(175): do_action('admin_init')
#12 /Users/laurentbinder/Sites/www/MCL_POC/wp-admin/widgets.php(10): require_once('/Users/laurentb...')
#13 {main}
  thrown in /Users/laurentbinder/Sites/www/MCL_POC/wp-includes/class-wp-hook.php on line 303

2021-07-25T15:21:13+00:00 CRITICAL Uncaught TypeError: call_user_func_array(): Argument #1 ($function) must be a valid callback, function "duplicator_global_scripts" not found or invalid function name in /Users/laurentbinder/Sites/www/MCL_POC/wp-includes/class-wp-hook.php:303
Stack trace:
#0 /Users/laurentbinder/Sites/www/MCL_POC/wp-includes/class-wp-hook.php(327): WP_Hook->apply_filters(NULL, Array)
#1 /Users/laurentbinder/Sites/www/MCL_POC/wp-includes/plugin.php(470): WP_Hook->do_action(Array)
#2 /Users/laurentbinder/Sites/www/MCL_POC/wp-includes/script-loader.php(2083): do_action('wp_enqueue_scri...')
#3 /Users/laurentbinder/Sites/www/MCL_POC/wp-includes/class-wp-hook.php(303): wp_enqueue_scripts('')
#4 /Users/laurentbinder/Sites/www/MCL_POC/wp-includes/class-wp-hook.php(327): WP_Hook->apply_filters(NULL, Array)
#5 /Users/laurentbinder/Sites/www/MCL_POC/wp-includes/plugin.php(470): WP_Hook->do_action(Array)
#6 /Users/laurentbinder/Sites/www/MCL_POC/wp-includes/general-template.php(3015): do_action('wp_head')
#7 /Users/laurentbinder/Sites/www/MCL_POC/wp-includes/blocks/legacy-widget.php(104): wp_head()
#8 /Users/laurentbinder/Sites/www/MCL_POC/wp-includes/class-wp-hook.php(303): handle_legacy_widget_preview_iframe('')
#9 /Users/laurentbinder/Sites/www/MCL_POC/wp-includes/class-wp-hook.php(327): WP_Hook->apply_filters(false, Array)
#10 /Users/laurentbinder/Sites/www/MCL_POC/wp-includes/plugin.php(470): WP_Hook->do_action(Array)
#11 /Users/laurentbinder/Sites/www/MCL_POC/wp-admin/admin.php(175): do_action('admin_init')
#12 /Users/laurentbinder/Sites/www/MCL_POC/wp-admin/widgets.php(10): require_once('/Users/laurentb...')
#13 {main}
  thrown in /Users/laurentbinder/Sites/www/MCL_POC/wp-includes/class-wp-hook.php on line 303

2021-07-25T15:21:13+00:00 CRITICAL Uncaught TypeError: call_user_func_array(): Argument #1 ($function) must be a valid callback, function "duplicator_global_scripts" not found or invalid function name in /Users/laurentbinder/Sites/www/MCL_POC/wp-includes/class-wp-hook.php:303
Stack trace:
#0 /Users/laurentbinder/Sites/www/MCL_POC/wp-includes/class-wp-hook.php(327): WP_Hook->apply_filters(NULL, Array)
#1 /Users/laurentbinder/Sites/www/MCL_POC/wp-includes/plugin.php(470): WP_Hook->do_action(Array)
#2 /Users/laurentbinder/Sites/www/MCL_POC/wp-includes/script-loader.php(2083): do_action('wp_enqueue_scri...')
#3 /Users/laurentbinder/Sites/www/MCL_POC/wp-includes/class-wp-hook.php(303): wp_enqueue_scripts('')
#4 /Users/laurentbinder/Sites/www/MCL_POC/wp-includes/class-wp-hook.php(327): WP_Hook->apply_filters(NULL, Array)
#5 /Users/laurentbinder/Sites/www/MCL_POC/wp-includes/plugin.php(470): WP_Hook->do_action(Array)
#6 /Users/laurentbinder/Sites/www/MCL_POC/wp-includes/general-template.php(3015): do_action('wp_head')
#7 /Users/laurentbinder/Sites/www/MCL_POC/wp-includes/blocks/legacy-widget.php(104): wp_head()
#8 /Users/laurentbinder/Sites/www/MCL_POC/wp-includes/class-wp-hook.php(303): handle_legacy_widget_preview_iframe('')
#9 /Users/laurentbinder/Sites/www/MCL_POC/wp-includes/class-wp-hook.php(327): WP_Hook->apply_filters(false, Array)
#10 /Users/laurentbinder/Sites/www/MCL_POC/wp-includes/plugin.php(470): WP_Hook->do_action(Array)
#11 /Users/laurentbinder/Sites/www/MCL_POC/wp-admin/admin.php(175): do_action('admin_init')
#12 /Users/laurentbinder/Sites/www/MCL_POC/wp-admin/widgets.php(10): require_once('/Users/laurentb...')
#13 {main}
  thrown in /Users/laurentbinder/Sites/www/MCL_POC/wp-includes/class-wp-hook.php on line 303

2021-07-25T15:21:14+00:00 CRITICAL Uncaught TypeError: call_user_func_array(): Argument #1 ($function) must be a valid callback, function "duplicator_global_scripts" not found or invalid function name in /Users/laurentbinder/Sites/www/MCL_POC/wp-includes/class-wp-hook.php:303
Stack trace:
#0 /Users/laurentbinder/Sites/www/MCL_POC/wp-includes/class-wp-hook.php(327): WP_Hook->apply_filters(NULL, Array)
#1 /Users/laurentbinder/Sites/www/MCL_POC/wp-includes/plugin.php(470): WP_Hook->do_action(Array)
#2 /Users/laurentbinder/Sites/www/MCL_POC/wp-includes/script-loader.php(2083): do_action('wp_enqueue_scri...')
#3 /Users/laurentbinder/Sites/www/MCL_POC/wp-includes/class-wp-hook.php(303): wp_enqueue_scripts('')
#4 /Users/laurentbinder/Sites/www/MCL_POC/wp-includes/class-wp-hook.php(327): WP_Hook->apply_filters(NULL, Array)
#5 /Users/laurentbinder/Sites/www/MCL_POC/wp-includes/plugin.php(470): WP_Hook->do_action(Array)
#6 /Users/laurentbinder/Sites/www/MCL_POC/wp-includes/general-template.php(3015): do_action('wp_head')
#7 /Users/laurentbinder/Sites/www/MCL_POC/wp-includes/blocks/legacy-widget.php(104): wp_head()
#8 /Users/laurentbinder/Sites/www/MCL_POC/wp-includes/class-wp-hook.php(303): handle_legacy_widget_preview_iframe('')
#9 /Users/laurentbinder/Sites/www/MCL_POC/wp-includes/class-wp-hook.php(327): WP_Hook->apply_filters(false, Array)
#10 /Users/laurentbinder/Sites/www/MCL_POC/wp-includes/plugin.php(470): WP_Hook->do_action(Array)
#11 /Users/laurentbinder/Sites/www/MCL_POC/wp-admin/admin.php(175): do_action('admin_init')
#12 /Users/laurentbinder/Sites/www/MCL_POC/wp-admin/widgets.php(10): require_once('/Users/laurentb...')
#13 {main}
  thrown in /Users/laurentbinder/Sites/www/MCL_POC/wp-includes/class-wp-hook.php on line 303

2021-07-25T15:21:14+00:00 CRITICAL Uncaught TypeError: call_user_func_array(): Argument #1 ($function) must be a valid callback, function "duplicator_global_scripts" not found or invalid function name in /Users/laurentbinder/Sites/www/MCL_POC/wp-includes/class-wp-hook.php:303
Stack trace:
#0 /Users/laurentbinder/Sites/www/MCL_POC/wp-includes/class-wp-hook.php(327): WP_Hook->apply_filters(NULL, Array)
#1 /Users/laurentbinder/Sites/www/MCL_POC/wp-includes/plugin.php(470): WP_Hook->do_action(Array)
#2 /Users/laurentbinder/Sites/www/MCL_POC/wp-includes/script-loader.php(2083): do_action('wp_enqueue_scri...')
#3 /Users/laurentbinder/Sites/www/MCL_POC/wp-includes/class-wp-hook.php(303): wp_enqueue_scripts('')
#4 /Users/laurentbinder/Sites/www/MCL_POC/wp-includes/class-wp-hook.php(327): WP_Hook->apply_filters(NULL, Array)
#5 /Users/laurentbinder/Sites/www/MCL_POC/wp-includes/plugin.php(470): WP_Hook->do_action(Array)
#6 /Users/laurentbinder/Sites/www/MCL_POC/wp-includes/general-template.php(3015): do_action('wp_head')
#7 /Users/laurentbinder/Sites/www/MCL_POC/wp-includes/blocks/legacy-widget.php(104): wp_head()
#8 /Users/laurentbinder/Sites/www/MCL_POC/wp-includes/class-wp-hook.php(303): handle_legacy_widget_preview_iframe('')
#9 /Users/laurentbinder/Sites/www/MCL_POC/wp-includes/class-wp-hook.php(327): WP_Hook->apply_filters(false, Array)
#10 /Users/laurentbinder/Sites/www/MCL_POC/wp-includes/plugin.php(470): WP_Hook->do_action(Array)
#11 /Users/laurentbinder/Sites/www/MCL_POC/wp-admin/admin.php(175): do_action('admin_init')
#12 /Users/laurentbinder/Sites/www/MCL_POC/wp-admin/widgets.php(10): require_once('/Users/laurentb...')
#13 {main}
  thrown in /Users/laurentbinder/Sites/www/MCL_POC/wp-includes/class-wp-hook.php on line 303

2021-07-25T15:21:14+00:00 CRITICAL Uncaught TypeError: call_user_func_array(): Argument #1 ($function) must be a valid callback, function "duplicator_global_scripts" not found or invalid function name in /Users/laurentbinder/Sites/www/MCL_POC/wp-includes/class-wp-hook.php:303
Stack trace:
#0 /Users/laurentbinder/Sites/www/MCL_POC/wp-includes/class-wp-hook.php(327): WP_Hook->apply_filters(NULL, Array)
#1 /Users/laurentbinder/Sites/www/MCL_POC/wp-includes/plugin.php(470): WP_Hook->do_action(Array)
#2 /Users/laurentbinder/Sites/www/MCL_POC/wp-includes/script-loader.php(2083): do_action('wp_enqueue_scri...')
#3 /Users/laurentbinder/Sites/www/MCL_POC/wp-includes/class-wp-hook.php(303): wp_enqueue_scripts('')
#4 /Users/laurentbinder/Sites/www/MCL_POC/wp-includes/class-wp-hook.php(327): WP_Hook->apply_filters(NULL, Array)
#5 /Users/laurentbinder/Sites/www/MCL_POC/wp-includes/plugin.php(470): WP_Hook->do_action(Array)
#6 /Users/laurentbinder/Sites/www/MCL_POC/wp-includes/general-template.php(3015): do_action('wp_head')
#7 /Users/laurentbinder/Sites/www/MCL_POC/wp-includes/blocks/legacy-widget.php(104): wp_head()
#8 /Users/laurentbinder/Sites/www/MCL_POC/wp-includes/class-wp-hook.php(303): handle_legacy_widget_preview_iframe('')
#9 /Users/laurentbinder/Sites/www/MCL_POC/wp-includes/class-wp-hook.php(327): WP_Hook->apply_filters(false, Array)
#10 /Users/laurentbinder/Sites/www/MCL_POC/wp-includes/plugin.php(470): WP_Hook->do_action(Array)
#11 /Users/laurentbinder/Sites/www/MCL_POC/wp-admin/admin.php(175): do_action('admin_init')
#12 /Users/laurentbinder/Sites/www/MCL_POC/wp-admin/widgets.php(10): require_once('/Users/laurentb...')
#13 {main}
  thrown in /Users/laurentbinder/Sites/www/MCL_POC/wp-includes/class-wp-hook.php on line 303

2021-07-25T15:21:14+00:00 CRITICAL Uncaught TypeError: call_user_func_array(): Argument #1 ($function) must be a valid callback, function "duplicator_global_scripts" not found or invalid function name in /Users/laurentbinder/Sites/www/MCL_POC/wp-includes/class-wp-hook.php:303
Stack trace:
#0 /Users/laurentbinder/Sites/www/MCL_POC/wp-includes/class-wp-hook.php(327): WP_Hook->apply_filters(NULL, Array)
#1 /Users/laurentbinder/Sites/www/MCL_POC/wp-includes/plugin.php(470): WP_Hook->do_action(Array)
#2 /Users/laurentbinder/Sites/www/MCL_POC/wp-includes/script-loader.php(2083): do_action('wp_enqueue_scri...')
#3 /Users/laurentbinder/Sites/www/MCL_POC/wp-includes/class-wp-hook.php(303): wp_enqueue_scripts('')
#4 /Users/laurentbinder/Sites/www/MCL_POC/wp-includes/class-wp-hook.php(327): WP_Hook->apply_filters(NULL, Array)
#5 /Users/laurentbinder/Sites/www/MCL_POC/wp-includes/plugin.php(470): WP_Hook->do_action(Array)
#6 /Users/laurentbinder/Sites/www/MCL_POC/wp-includes/general-template.php(3015): do_action('wp_head')
#7 /Users/laurentbinder/Sites/www/MCL_POC/wp-includes/blocks/legacy-widget.php(104): wp_head()
#8 /Users/laurentbinder/Sites/www/MCL_POC/wp-includes/class-wp-hook.php(303): handle_legacy_widget_preview_iframe('')
#9 /Users/laurentbinder/Sites/www/MCL_POC/wp-includes/class-wp-hook.php(327): WP_Hook->apply_filters(false, Array)
#10 /Users/laurentbinder/Sites/www/MCL_POC/wp-includes/plugin.php(470): WP_Hook->do_action(Array)
#11 /Users/laurentbinder/Sites/www/MCL_POC/wp-admin/admin.php(175): do_action('admin_init')
#12 /Users/laurentbinder/Sites/www/MCL_POC/wp-admin/widgets.php(10): require_once('/Users/laurentb...')
#13 {main}
  thrown in /Users/laurentbinder/Sites/www/MCL_POC/wp-includes/class-wp-hook.php on line 303

2021-07-25T15:24:00+00:00 CRITICAL Uncaught TypeError: call_user_func_array(): Argument #1 ($function) must be a valid callback, function "duplicator_global_scripts" not found or invalid function name in /Users/laurentbinder/Sites/www/MCL_POC/wp-includes/class-wp-hook.php:303
Stack trace:
#0 /Users/laurentbinder/Sites/www/MCL_POC/wp-includes/class-wp-hook.php(327): WP_Hook->apply_filters(NULL, Array)
#1 /Users/laurentbinder/Sites/www/MCL_POC/wp-includes/plugin.php(470): WP_Hook->do_action(Array)
#2 /Users/laurentbinder/Sites/www/MCL_POC/wp-includes/script-loader.php(2083): do_action('wp_enqueue_scri...')
#3 /Users/laurentbinder/Sites/www/MCL_POC/wp-includes/class-wp-hook.php(303): wp_enqueue_scripts('')
#4 /Users/laurentbinder/Sites/www/MCL_POC/wp-includes/class-wp-hook.php(327): WP_Hook->apply_filters(NULL, Array)
#5 /Users/laurentbinder/Sites/www/MCL_POC/wp-includes/plugin.php(470): WP_Hook->do_action(Array)
#6 /Users/laurentbinder/Sites/www/MCL_POC/wp-includes/general-template.php(3015): do_action('wp_head')
#7 /Users/laurentbinder/Sites/www/MCL_POC/wp-includes/blocks/legacy-widget.php(104): wp_head()
#8 /Users/laurentbinder/Sites/www/MCL_POC/wp-includes/class-wp-hook.php(303): handle_legacy_widget_preview_iframe('')
#9 /Users/laurentbinder/Sites/www/MCL_POC/wp-includes/class-wp-hook.php(327): WP_Hook->apply_filters(false, Array)
#10 /Users/laurentbinder/Sites/www/MCL_POC/wp-includes/plugin.php(470): WP_Hook->do_action(Array)
#11 /Users/laurentbinder/Sites/www/MCL_POC/wp-admin/admin.php(175): do_action('admin_init')
#12 /Users/laurentbinder/Sites/www/MCL_POC/wp-admin/widgets.php(10): require_once('/Users/laurentb...')
#13 {main}
  thrown in /Users/laurentbinder/Sites/www/MCL_POC/wp-includes/class-wp-hook.php on line 303

2021-07-25T15:35:37+00:00 CRITICAL Uncaught TypeError: call_user_func_array(): Argument #1 ($function) must be a valid callback, function "duplicator_global_scripts" not found or invalid function name in /Users/laurentbinder/Sites/www/MCL_POC/wp-includes/class-wp-hook.php:303
Stack trace:
#0 /Users/laurentbinder/Sites/www/MCL_POC/wp-includes/class-wp-hook.php(327): WP_Hook->apply_filters(NULL, Array)
#1 /Users/laurentbinder/Sites/www/MCL_POC/wp-includes/plugin.php(470): WP_Hook->do_action(Array)
#2 /Users/laurentbinder/Sites/www/MCL_POC/wp-includes/script-loader.php(2083): do_action('wp_enqueue_scri...')
#3 /Users/laurentbinder/Sites/www/MCL_POC/wp-includes/class-wp-hook.php(303): wp_enqueue_scripts('')
#4 /Users/laurentbinder/Sites/www/MCL_POC/wp-includes/class-wp-hook.php(327): WP_Hook->apply_filters(NULL, Array)
#5 /Users/laurentbinder/Sites/www/MCL_POC/wp-includes/plugin.php(470): WP_Hook->do_action(Array)
#6 /Users/laurentbinder/Sites/www/MCL_POC/wp-includes/general-template.php(3015): do_action('wp_head')
#7 /Users/laurentbinder/Sites/www/MCL_POC/wp-includes/blocks/legacy-widget.php(104): wp_head()
#8 /Users/laurentbinder/Sites/www/MCL_POC/wp-includes/class-wp-hook.php(303): handle_legacy_widget_preview_iframe('')
#9 /Users/laurentbinder/Sites/www/MCL_POC/wp-includes/class-wp-hook.php(327): WP_Hook->apply_filters(false, Array)
#10 /Users/laurentbinder/Sites/www/MCL_POC/wp-includes/plugin.php(470): WP_Hook->do_action(Array)
#11 /Users/laurentbinder/Sites/www/MCL_POC/wp-admin/admin.php(175): do_action('admin_init')
#12 /Users/laurentbinder/Sites/www/MCL_POC/wp-admin/widgets.php(10): require_once('/Users/laurentb...')
#13 {main}
  thrown in /Users/laurentbinder/Sites/www/MCL_POC/wp-includes/class-wp-hook.php on line 303

2021-07-25T15:41:34+00:00 CRITICAL Uncaught TypeError: call_user_func_array(): Argument #1 ($function) must be a valid callback, function "duplicator_global_scripts" not found or invalid function name in /Users/laurentbinder/Sites/www/MCL_POC/wp-includes/class-wp-hook.php:303
Stack trace:
#0 /Users/laurentbinder/Sites/www/MCL_POC/wp-includes/class-wp-hook.php(327): WP_Hook->apply_filters(NULL, Array)
#1 /Users/laurentbinder/Sites/www/MCL_POC/wp-includes/plugin.php(470): WP_Hook->do_action(Array)
#2 /Users/laurentbinder/Sites/www/MCL_POC/wp-includes/script-loader.php(2083): do_action('wp_enqueue_scri...')
#3 /Users/laurentbinder/Sites/www/MCL_POC/wp-includes/class-wp-hook.php(303): wp_enqueue_scripts('')
#4 /Users/laurentbinder/Sites/www/MCL_POC/wp-includes/class-wp-hook.php(327): WP_Hook->apply_filters(NULL, Array)
#5 /Users/laurentbinder/Sites/www/MCL_POC/wp-includes/plugin.php(470): WP_Hook->do_action(Array)
#6 /Users/laurentbinder/Sites/www/MCL_POC/wp-includes/general-template.php(3015): do_action('wp_head')
#7 /Users/laurentbinder/Sites/www/MCL_POC/wp-includes/blocks/legacy-widget.php(104): wp_head()
#8 /Users/laurentbinder/Sites/www/MCL_POC/wp-includes/class-wp-hook.php(303): handle_legacy_widget_preview_iframe('')
#9 /Users/laurentbinder/Sites/www/MCL_POC/wp-includes/class-wp-hook.php(327): WP_Hook->apply_filters(false, Array)
#10 /Users/laurentbinder/Sites/www/MCL_POC/wp-includes/plugin.php(470): WP_Hook->do_action(Array)
#11 /Users/laurentbinder/Sites/www/MCL_POC/wp-admin/admin.php(175): do_action('admin_init')
#12 /Users/laurentbinder/Sites/www/MCL_POC/wp-admin/widgets.php(10): require_once('/Users/laurentb...')
#13 {main}
  thrown in /Users/laurentbinder/Sites/www/MCL_POC/wp-includes/class-wp-hook.php on line 303

2021-07-25T15:41:34+00:00 CRITICAL Uncaught TypeError: call_user_func_array(): Argument #1 ($function) must be a valid callback, function "duplicator_global_scripts" not found or invalid function name in /Users/laurentbinder/Sites/www/MCL_POC/wp-includes/class-wp-hook.php:303
Stack trace:
#0 /Users/laurentbinder/Sites/www/MCL_POC/wp-includes/class-wp-hook.php(327): WP_Hook->apply_filters(NULL, Array)
#1 /Users/laurentbinder/Sites/www/MCL_POC/wp-includes/plugin.php(470): WP_Hook->do_action(Array)
#2 /Users/laurentbinder/Sites/www/MCL_POC/wp-includes/script-loader.php(2083): do_action('wp_enqueue_scri...')
#3 /Users/laurentbinder/Sites/www/MCL_POC/wp-includes/class-wp-hook.php(303): wp_enqueue_scripts('')
#4 /Users/laurentbinder/Sites/www/MCL_POC/wp-includes/class-wp-hook.php(327): WP_Hook->apply_filters(NULL, Array)
#5 /Users/laurentbinder/Sites/www/MCL_POC/wp-includes/plugin.php(470): WP_Hook->do_action(Array)
#6 /Users/laurentbinder/Sites/www/MCL_POC/wp-includes/general-template.php(3015): do_action('wp_head')
#7 /Users/laurentbinder/Sites/www/MCL_POC/wp-includes/blocks/legacy-widget.php(104): wp_head()
#8 /Users/laurentbinder/Sites/www/MCL_POC/wp-includes/class-wp-hook.php(303): handle_legacy_widget_preview_iframe('')
#9 /Users/laurentbinder/Sites/www/MCL_POC/wp-includes/class-wp-hook.php(327): WP_Hook->apply_filters(false, Array)
#10 /Users/laurentbinder/Sites/www/MCL_POC/wp-includes/plugin.php(470): WP_Hook->do_action(Array)
#11 /Users/laurentbinder/Sites/www/MCL_POC/wp-admin/admin.php(175): do_action('admin_init')
#12 /Users/laurentbinder/Sites/www/MCL_POC/wp-admin/widgets.php(10): require_once('/Users/laurentb...')
#13 {main}
  thrown in /Users/laurentbinder/Sites/www/MCL_POC/wp-includes/class-wp-hook.php on line 303

2021-07-25T15:41:40+00:00 CRITICAL Uncaught TypeError: call_user_func_array(): Argument #1 ($function) must be a valid callback, function "duplicator_global_scripts" not found or invalid function name in /Users/laurentbinder/Sites/www/MCL_POC/wp-includes/class-wp-hook.php:303
Stack trace:
#0 /Users/laurentbinder/Sites/www/MCL_POC/wp-includes/class-wp-hook.php(327): WP_Hook->apply_filters(NULL, Array)
#1 /Users/laurentbinder/Sites/www/MCL_POC/wp-includes/plugin.php(470): WP_Hook->do_action(Array)
#2 /Users/laurentbinder/Sites/www/MCL_POC/wp-includes/script-loader.php(2083): do_action('wp_enqueue_scri...')
#3 /Users/laurentbinder/Sites/www/MCL_POC/wp-includes/class-wp-hook.php(303): wp_enqueue_scripts('')
#4 /Users/laurentbinder/Sites/www/MCL_POC/wp-includes/class-wp-hook.php(327): WP_Hook->apply_filters(NULL, Array)
#5 /Users/laurentbinder/Sites/www/MCL_POC/wp-includes/plugin.php(470): WP_Hook->do_action(Array)
#6 /Users/laurentbinder/Sites/www/MCL_POC/wp-includes/general-template.php(3015): do_action('wp_head')
#7 /Users/laurentbinder/Sites/www/MCL_POC/wp-includes/blocks/legacy-widget.php(104): wp_head()
#8 /Users/laurentbinder/Sites/www/MCL_POC/wp-includes/class-wp-hook.php(303): handle_legacy_widget_preview_iframe('')
#9 /Users/laurentbinder/Sites/www/MCL_POC/wp-includes/class-wp-hook.php(327): WP_Hook->apply_filters(false, Array)
#10 /Users/laurentbinder/Sites/www/MCL_POC/wp-includes/plugin.php(470): WP_Hook->do_action(Array)
#11 /Users/laurentbinder/Sites/www/MCL_POC/wp-admin/admin.php(175): do_action('admin_init')
#12 /Users/laurentbinder/Sites/www/MCL_POC/wp-admin/widgets.php(10): require_once('/Users/laurentb...')
#13 {main}
  thrown in /Users/laurentbinder/Sites/www/MCL_POC/wp-includes/class-wp-hook.php on line 303

2021-07-25T15:41:41+00:00 CRITICAL Uncaught TypeError: call_user_func_array(): Argument #1 ($function) must be a valid callback, function "duplicator_global_scripts" not found or invalid function name in /Users/laurentbinder/Sites/www/MCL_POC/wp-includes/class-wp-hook.php:303
Stack trace:
#0 /Users/laurentbinder/Sites/www/MCL_POC/wp-includes/class-wp-hook.php(327): WP_Hook->apply_filters(NULL, Array)
#1 /Users/laurentbinder/Sites/www/MCL_POC/wp-includes/plugin.php(470): WP_Hook->do_action(Array)
#2 /Users/laurentbinder/Sites/www/MCL_POC/wp-includes/script-loader.php(2083): do_action('wp_enqueue_scri...')
#3 /Users/laurentbinder/Sites/www/MCL_POC/wp-includes/class-wp-hook.php(303): wp_enqueue_scripts('')
#4 /Users/laurentbinder/Sites/www/MCL_POC/wp-includes/class-wp-hook.php(327): WP_Hook->apply_filters(NULL, Array)
#5 /Users/laurentbinder/Sites/www/MCL_POC/wp-includes/plugin.php(470): WP_Hook->do_action(Array)
#6 /Users/laurentbinder/Sites/www/MCL_POC/wp-includes/general-template.php(3015): do_action('wp_head')
#7 /Users/laurentbinder/Sites/www/MCL_POC/wp-includes/blocks/legacy-widget.php(104): wp_head()
#8 /Users/laurentbinder/Sites/www/MCL_POC/wp-includes/class-wp-hook.php(303): handle_legacy_widget_preview_iframe('')
#9 /Users/laurentbinder/Sites/www/MCL_POC/wp-includes/class-wp-hook.php(327): WP_Hook->apply_filters(false, Array)
#10 /Users/laurentbinder/Sites/www/MCL_POC/wp-includes/plugin.php(470): WP_Hook->do_action(Array)
#11 /Users/laurentbinder/Sites/www/MCL_POC/wp-admin/admin.php(175): do_action('admin_init')
#12 /Users/laurentbinder/Sites/www/MCL_POC/wp-admin/widgets.php(10): require_once('/Users/laurentb...')
#13 {main}
  thrown in /Users/laurentbinder/Sites/www/MCL_POC/wp-includes/class-wp-hook.php on line 303

2021-07-25T15:41:45+00:00 CRITICAL Uncaught TypeError: call_user_func_array(): Argument #1 ($function) must be a valid callback, function "duplicator_global_scripts" not found or invalid function name in /Users/laurentbinder/Sites/www/MCL_POC/wp-includes/class-wp-hook.php:303
Stack trace:
#0 /Users/laurentbinder/Sites/www/MCL_POC/wp-includes/class-wp-hook.php(327): WP_Hook->apply_filters(NULL, Array)
#1 /Users/laurentbinder/Sites/www/MCL_POC/wp-includes/plugin.php(470): WP_Hook->do_action(Array)
#2 /Users/laurentbinder/Sites/www/MCL_POC/wp-includes/script-loader.php(2083): do_action('wp_enqueue_scri...')
#3 /Users/laurentbinder/Sites/www/MCL_POC/wp-includes/class-wp-hook.php(303): wp_enqueue_scripts('')
#4 /Users/laurentbinder/Sites/www/MCL_POC/wp-includes/class-wp-hook.php(327): WP_Hook->apply_filters(NULL, Array)
#5 /Users/laurentbinder/Sites/www/MCL_POC/wp-includes/plugin.php(470): WP_Hook->do_action(Array)
#6 /Users/laurentbinder/Sites/www/MCL_POC/wp-includes/general-template.php(3015): do_action('wp_head')
#7 /Users/laurentbinder/Sites/www/MCL_POC/wp-includes/blocks/legacy-widget.php(104): wp_head()
#8 /Users/laurentbinder/Sites/www/MCL_POC/wp-includes/class-wp-hook.php(303): handle_legacy_widget_preview_iframe('')
#9 /Users/laurentbinder/Sites/www/MCL_POC/wp-includes/class-wp-hook.php(327): WP_Hook->apply_filters(false, Array)
#10 /Users/laurentbinder/Sites/www/MCL_POC/wp-includes/plugin.php(470): WP_Hook->do_action(Array)
#11 /Users/laurentbinder/Sites/www/MCL_POC/wp-admin/admin.php(175): do_action('admin_init')
#12 /Users/laurentbinder/Sites/www/MCL_POC/wp-admin/widgets.php(10): require_once('/Users/laurentb...')
#13 {main}
  thrown in /Users/laurentbinder/Sites/www/MCL_POC/wp-includes/class-wp-hook.php on line 303

2021-07-25T15:41:45+00:00 CRITICAL Uncaught TypeError: call_user_func_array(): Argument #1 ($function) must be a valid callback, function "duplicator_global_scripts" not found or invalid function name in /Users/laurentbinder/Sites/www/MCL_POC/wp-includes/class-wp-hook.php:303
Stack trace:
#0 /Users/laurentbinder/Sites/www/MCL_POC/wp-includes/class-wp-hook.php(327): WP_Hook->apply_filters(NULL, Array)
#1 /Users/laurentbinder/Sites/www/MCL_POC/wp-includes/plugin.php(470): WP_Hook->do_action(Array)
#2 /Users/laurentbinder/Sites/www/MCL_POC/wp-includes/script-loader.php(2083): do_action('wp_enqueue_scri...')
#3 /Users/laurentbinder/Sites/www/MCL_POC/wp-includes/class-wp-hook.php(303): wp_enqueue_scripts('')
#4 /Users/laurentbinder/Sites/www/MCL_POC/wp-includes/class-wp-hook.php(327): WP_Hook->apply_filters(NULL, Array)
#5 /Users/laurentbinder/Sites/www/MCL_POC/wp-includes/plugin.php(470): WP_Hook->do_action(Array)
#6 /Users/laurentbinder/Sites/www/MCL_POC/wp-includes/general-template.php(3015): do_action('wp_head')
#7 /Users/laurentbinder/Sites/www/MCL_POC/wp-includes/blocks/legacy-widget.php(104): wp_head()
#8 /Users/laurentbinder/Sites/www/MCL_POC/wp-includes/class-wp-hook.php(303): handle_legacy_widget_preview_iframe('')
#9 /Users/laurentbinder/Sites/www/MCL_POC/wp-includes/class-wp-hook.php(327): WP_Hook->apply_filters(false, Array)
#10 /Users/laurentbinder/Sites/www/MCL_POC/wp-includes/plugin.php(470): WP_Hook->do_action(Array)
#11 /Users/laurentbinder/Sites/www/MCL_POC/wp-admin/admin.php(175): do_action('admin_init')
#12 /Users/laurentbinder/Sites/www/MCL_POC/wp-admin/widgets.php(10): require_once('/Users/laurentb...')
#13 {main}
  thrown in /Users/laurentbinder/Sites/www/MCL_POC/wp-includes/class-wp-hook.php on line 303

2021-07-25T15:41:46+00:00 CRITICAL Uncaught TypeError: call_user_func_array(): Argument #1 ($function) must be a valid callback, function "duplicator_global_scripts" not found or invalid function name in /Users/laurentbinder/Sites/www/MCL_POC/wp-includes/class-wp-hook.php:303
Stack trace:
#0 /Users/laurentbinder/Sites/www/MCL_POC/wp-includes/class-wp-hook.php(327): WP_Hook->apply_filters(NULL, Array)
#1 /Users/laurentbinder/Sites/www/MCL_POC/wp-includes/plugin.php(470): WP_Hook->do_action(Array)
#2 /Users/laurentbinder/Sites/www/MCL_POC/wp-includes/script-loader.php(2083): do_action('wp_enqueue_scri...')
#3 /Users/laurentbinder/Sites/www/MCL_POC/wp-includes/class-wp-hook.php(303): wp_enqueue_scripts('')
#4 /Users/laurentbinder/Sites/www/MCL_POC/wp-includes/class-wp-hook.php(327): WP_Hook->apply_filters(NULL, Array)
#5 /Users/laurentbinder/Sites/www/MCL_POC/wp-includes/plugin.php(470): WP_Hook->do_action(Array)
#6 /Users/laurentbinder/Sites/www/MCL_POC/wp-includes/general-template.php(3015): do_action('wp_head')
#7 /Users/laurentbinder/Sites/www/MCL_POC/wp-includes/blocks/legacy-widget.php(104): wp_head()
#8 /Users/laurentbinder/Sites/www/MCL_POC/wp-includes/class-wp-hook.php(303): handle_legacy_widget_preview_iframe('')
#9 /Users/laurentbinder/Sites/www/MCL_POC/wp-includes/class-wp-hook.php(327): WP_Hook->apply_filters(false, Array)
#10 /Users/laurentbinder/Sites/www/MCL_POC/wp-includes/plugin.php(470): WP_Hook->do_action(Array)
#11 /Users/laurentbinder/Sites/www/MCL_POC/wp-admin/admin.php(175): do_action('admin_init')
#12 /Users/laurentbinder/Sites/www/MCL_POC/wp-admin/widgets.php(10): require_once('/Users/laurentb...')
#13 {main}
  thrown in /Users/laurentbinder/Sites/www/MCL_POC/wp-includes/class-wp-hook.php on line 303

2021-07-25T15:41:46+00:00 CRITICAL Uncaught TypeError: call_user_func_array(): Argument #1 ($function) must be a valid callback, function "duplicator_global_scripts" not found or invalid function name in /Users/laurentbinder/Sites/www/MCL_POC/wp-includes/class-wp-hook.php:303
Stack trace:
#0 /Users/laurentbinder/Sites/www/MCL_POC/wp-includes/class-wp-hook.php(327): WP_Hook->apply_filters(NULL, Array)
#1 /Users/laurentbinder/Sites/www/MCL_POC/wp-includes/plugin.php(470): WP_Hook->do_action(Array)
#2 /Users/laurentbinder/Sites/www/MCL_POC/wp-includes/script-loader.php(2083): do_action('wp_enqueue_scri...')
#3 /Users/laurentbinder/Sites/www/MCL_POC/wp-includes/class-wp-hook.php(303): wp_enqueue_scripts('')
#4 /Users/laurentbinder/Sites/www/MCL_POC/wp-includes/class-wp-hook.php(327): WP_Hook->apply_filters(NULL, Array)
#5 /Users/laurentbinder/Sites/www/MCL_POC/wp-includes/plugin.php(470): WP_Hook->do_action(Array)
#6 /Users/laurentbinder/Sites/www/MCL_POC/wp-includes/general-template.php(3015): do_action('wp_head')
#7 /Users/laurentbinder/Sites/www/MCL_POC/wp-includes/blocks/legacy-widget.php(104): wp_head()
#8 /Users/laurentbinder/Sites/www/MCL_POC/wp-includes/class-wp-hook.php(303): handle_legacy_widget_preview_iframe('')
#9 /Users/laurentbinder/Sites/www/MCL_POC/wp-includes/class-wp-hook.php(327): WP_Hook->apply_filters(false, Array)
#10 /Users/laurentbinder/Sites/www/MCL_POC/wp-includes/plugin.php(470): WP_Hook->do_action(Array)
#11 /Users/laurentbinder/Sites/www/MCL_POC/wp-admin/admin.php(175): do_action('admin_init')
#12 /Users/laurentbinder/Sites/www/MCL_POC/wp-admin/widgets.php(10): require_once('/Users/laurentb...')
#13 {main}
  thrown in /Users/laurentbinder/Sites/www/MCL_POC/wp-includes/class-wp-hook.php on line 303

2021-07-25T15:41:47+00:00 CRITICAL Uncaught TypeError: call_user_func_array(): Argument #1 ($function) must be a valid callback, function "duplicator_global_scripts" not found or invalid function name in /Users/laurentbinder/Sites/www/MCL_POC/wp-includes/class-wp-hook.php:303
Stack trace:
#0 /Users/laurentbinder/Sites/www/MCL_POC/wp-includes/class-wp-hook.php(327): WP_Hook->apply_filters(NULL, Array)
#1 /Users/laurentbinder/Sites/www/MCL_POC/wp-includes/plugin.php(470): WP_Hook->do_action(Array)
#2 /Users/laurentbinder/Sites/www/MCL_POC/wp-includes/script-loader.php(2083): do_action('wp_enqueue_scri...')
#3 /Users/laurentbinder/Sites/www/MCL_POC/wp-includes/class-wp-hook.php(303): wp_enqueue_scripts('')
#4 /Users/laurentbinder/Sites/www/MCL_POC/wp-includes/class-wp-hook.php(327): WP_Hook->apply_filters(NULL, Array)
#5 /Users/laurentbinder/Sites/www/MCL_POC/wp-includes/plugin.php(470): WP_Hook->do_action(Array)
#6 /Users/laurentbinder/Sites/www/MCL_POC/wp-includes/general-template.php(3015): do_action('wp_head')
#7 /Users/laurentbinder/Sites/www/MCL_POC/wp-includes/blocks/legacy-widget.php(104): wp_head()
#8 /Users/laurentbinder/Sites/www/MCL_POC/wp-includes/class-wp-hook.php(303): handle_legacy_widget_preview_iframe('')
#9 /Users/laurentbinder/Sites/www/MCL_POC/wp-includes/class-wp-hook.php(327): WP_Hook->apply_filters(false, Array)
#10 /Users/laurentbinder/Sites/www/MCL_POC/wp-includes/plugin.php(470): WP_Hook->do_action(Array)
#11 /Users/laurentbinder/Sites/www/MCL_POC/wp-admin/admin.php(175): do_action('admin_init')
#12 /Users/laurentbinder/Sites/www/MCL_POC/wp-admin/widgets.php(10): require_once('/Users/laurentb...')
#13 {main}
  thrown in /Users/laurentbinder/Sites/www/MCL_POC/wp-includes/class-wp-hook.php on line 303

2021-07-25T15:41:50+00:00 CRITICAL Uncaught TypeError: call_user_func_array(): Argument #1 ($function) must be a valid callback, function "duplicator_global_scripts" not found or invalid function name in /Users/laurentbinder/Sites/www/MCL_POC/wp-includes/class-wp-hook.php:303
Stack trace:
#0 /Users/laurentbinder/Sites/www/MCL_POC/wp-includes/class-wp-hook.php(327): WP_Hook->apply_filters(NULL, Array)
#1 /Users/laurentbinder/Sites/www/MCL_POC/wp-includes/plugin.php(470): WP_Hook->do_action(Array)
#2 /Users/laurentbinder/Sites/www/MCL_POC/wp-includes/script-loader.php(2083): do_action('wp_enqueue_scri...')
#3 /Users/laurentbinder/Sites/www/MCL_POC/wp-includes/class-wp-hook.php(303): wp_enqueue_scripts('')
#4 /Users/laurentbinder/Sites/www/MCL_POC/wp-includes/class-wp-hook.php(327): WP_Hook->apply_filters(NULL, Array)
#5 /Users/laurentbinder/Sites/www/MCL_POC/wp-includes/plugin.php(470): WP_Hook->do_action(Array)
#6 /Users/laurentbinder/Sites/www/MCL_POC/wp-includes/general-template.php(3015): do_action('wp_head')
#7 /Users/laurentbinder/Sites/www/MCL_POC/wp-includes/blocks/legacy-widget.php(104): wp_head()
#8 /Users/laurentbinder/Sites/www/MCL_POC/wp-includes/class-wp-hook.php(303): handle_legacy_widget_preview_iframe('')
#9 /Users/laurentbinder/Sites/www/MCL_POC/wp-includes/class-wp-hook.php(327): WP_Hook->apply_filters(false, Array)
#10 /Users/laurentbinder/Sites/www/MCL_POC/wp-includes/plugin.php(470): WP_Hook->do_action(Array)
#11 /Users/laurentbinder/Sites/www/MCL_POC/wp-admin/admin.php(175): do_action('admin_init')
#12 /Users/laurentbinder/Sites/www/MCL_POC/wp-admin/widgets.php(10): require_once('/Users/laurentb...')
#13 {main}
  thrown in /Users/laurentbinder/Sites/www/MCL_POC/wp-includes/class-wp-hook.php on line 303

2021-07-25T15:41:50+00:00 CRITICAL Uncaught TypeError: call_user_func_array(): Argument #1 ($function) must be a valid callback, function "duplicator_global_scripts" not found or invalid function name in /Users/laurentbinder/Sites/www/MCL_POC/wp-includes/class-wp-hook.php:303
Stack trace:
#0 /Users/laurentbinder/Sites/www/MCL_POC/wp-includes/class-wp-hook.php(327): WP_Hook->apply_filters(NULL, Array)
#1 /Users/laurentbinder/Sites/www/MCL_POC/wp-includes/plugin.php(470): WP_Hook->do_action(Array)
#2 /Users/laurentbinder/Sites/www/MCL_POC/wp-includes/script-loader.php(2083): do_action('wp_enqueue_scri...')
#3 /Users/laurentbinder/Sites/www/MCL_POC/wp-includes/class-wp-hook.php(303): wp_enqueue_scripts('')
#4 /Users/laurentbinder/Sites/www/MCL_POC/wp-includes/class-wp-hook.php(327): WP_Hook->apply_filters(NULL, Array)
#5 /Users/laurentbinder/Sites/www/MCL_POC/wp-includes/plugin.php(470): WP_Hook->do_action(Array)
#6 /Users/laurentbinder/Sites/www/MCL_POC/wp-includes/general-template.php(3015): do_action('wp_head')
#7 /Users/laurentbinder/Sites/www/MCL_POC/wp-includes/blocks/legacy-widget.php(104): wp_head()
#8 /Users/laurentbinder/Sites/www/MCL_POC/wp-includes/class-wp-hook.php(303): handle_legacy_widget_preview_iframe('')
#9 /Users/laurentbinder/Sites/www/MCL_POC/wp-includes/class-wp-hook.php(327): WP_Hook->apply_filters(false, Array)
#10 /Users/laurentbinder/Sites/www/MCL_POC/wp-includes/plugin.php(470): WP_Hook->do_action(Array)
#11 /Users/laurentbinder/Sites/www/MCL_POC/wp-admin/admin.php(175): do_action('admin_init')
#12 /Users/laurentbinder/Sites/www/MCL_POC/wp-admin/widgets.php(10): require_once('/Users/laurentb...')
#13 {main}
  thrown in /Users/laurentbinder/Sites/www/MCL_POC/wp-includes/class-wp-hook.php on line 303

2021-07-25T15:41:51+00:00 CRITICAL Uncaught TypeError: call_user_func_array(): Argument #1 ($function) must be a valid callback, function "duplicator_global_scripts" not found or invalid function name in /Users/laurentbinder/Sites/www/MCL_POC/wp-includes/class-wp-hook.php:303
Stack trace:
#0 /Users/laurentbinder/Sites/www/MCL_POC/wp-includes/class-wp-hook.php(327): WP_Hook->apply_filters(NULL, Array)
#1 /Users/laurentbinder/Sites/www/MCL_POC/wp-includes/plugin.php(470): WP_Hook->do_action(Array)
#2 /Users/laurentbinder/Sites/www/MCL_POC/wp-includes/script-loader.php(2083): do_action('wp_enqueue_scri...')
#3 /Users/laurentbinder/Sites/www/MCL_POC/wp-includes/class-wp-hook.php(303): wp_enqueue_scripts('')
#4 /Users/laurentbinder/Sites/www/MCL_POC/wp-includes/class-wp-hook.php(327): WP_Hook->apply_filters(NULL, Array)
#5 /Users/laurentbinder/Sites/www/MCL_POC/wp-includes/plugin.php(470): WP_Hook->do_action(Array)
#6 /Users/laurentbinder/Sites/www/MCL_POC/wp-includes/general-template.php(3015): do_action('wp_head')
#7 /Users/laurentbinder/Sites/www/MCL_POC/wp-includes/blocks/legacy-widget.php(104): wp_head()
#8 /Users/laurentbinder/Sites/www/MCL_POC/wp-includes/class-wp-hook.php(303): handle_legacy_widget_preview_iframe('')
#9 /Users/laurentbinder/Sites/www/MCL_POC/wp-includes/class-wp-hook.php(327): WP_Hook->apply_filters(false, Array)
#10 /Users/laurentbinder/Sites/www/MCL_POC/wp-includes/plugin.php(470): WP_Hook->do_action(Array)
#11 /Users/laurentbinder/Sites/www/MCL_POC/wp-admin/admin.php(175): do_action('admin_init')
#12 /Users/laurentbinder/Sites/www/MCL_POC/wp-admin/widgets.php(10): require_once('/Users/laurentb...')
#13 {main}
  thrown in /Users/laurentbinder/Sites/www/MCL_POC/wp-includes/class-wp-hook.php on line 303

2021-07-25T15:42:18+00:00 CRITICAL Uncaught TypeError: call_user_func_array(): Argument #1 ($function) must be a valid callback, function "duplicator_global_scripts" not found or invalid function name in /Users/laurentbinder/Sites/www/MCL_POC/wp-includes/class-wp-hook.php:303
Stack trace:
#0 /Users/laurentbinder/Sites/www/MCL_POC/wp-includes/class-wp-hook.php(327): WP_Hook->apply_filters(NULL, Array)
#1 /Users/laurentbinder/Sites/www/MCL_POC/wp-includes/plugin.php(470): WP_Hook->do_action(Array)
#2 /Users/laurentbinder/Sites/www/MCL_POC/wp-includes/script-loader.php(2083): do_action('wp_enqueue_scri...')
#3 /Users/laurentbinder/Sites/www/MCL_POC/wp-includes/class-wp-hook.php(303): wp_enqueue_scripts('')
#4 /Users/laurentbinder/Sites/www/MCL_POC/wp-includes/class-wp-hook.php(327): WP_Hook->apply_filters(NULL, Array)
#5 /Users/laurentbinder/Sites/www/MCL_POC/wp-includes/plugin.php(470): WP_Hook->do_action(Array)
#6 /Users/laurentbinder/Sites/www/MCL_POC/wp-includes/general-template.php(3015): do_action('wp_head')
#7 /Users/laurentbinder/Sites/www/MCL_POC/wp-includes/blocks/legacy-widget.php(104): wp_head()
#8 /Users/laurentbinder/Sites/www/MCL_POC/wp-includes/class-wp-hook.php(303): handle_legacy_widget_preview_iframe('')
#9 /Users/laurentbinder/Sites/www/MCL_POC/wp-includes/class-wp-hook.php(327): WP_Hook->apply_filters(false, Array)
#10 /Users/laurentbinder/Sites/www/MCL_POC/wp-includes/plugin.php(470): WP_Hook->do_action(Array)
#11 /Users/laurentbinder/Sites/www/MCL_POC/wp-admin/admin.php(175): do_action('admin_init')
#12 /Users/laurentbinder/Sites/www/MCL_POC/wp-admin/widgets.php(10): require_once('/Users/laurentb...')
#13 {main}
  thrown in /Users/laurentbinder/Sites/www/MCL_POC/wp-includes/class-wp-hook.php on line 303

2021-07-25T17:42:05+00:00 CRITICAL Uncaught TypeError: call_user_func_array(): Argument #1 ($function) must be a valid callback, function "duplicator_global_scripts" not found or invalid function name in /Users/laurentbinder/Sites/www/MCL_POC/wp-includes/class-wp-hook.php:303
Stack trace:
#0 /Users/laurentbinder/Sites/www/MCL_POC/wp-includes/class-wp-hook.php(327): WP_Hook->apply_filters(NULL, Array)
#1 /Users/laurentbinder/Sites/www/MCL_POC/wp-includes/plugin.php(470): WP_Hook->do_action(Array)
#2 /Users/laurentbinder/Sites/www/MCL_POC/wp-includes/script-loader.php(2083): do_action('wp_enqueue_scri...')
#3 /Users/laurentbinder/Sites/www/MCL_POC/wp-includes/class-wp-hook.php(303): wp_enqueue_scripts('')
#4 /Users/laurentbinder/Sites/www/MCL_POC/wp-includes/class-wp-hook.php(327): WP_Hook->apply_filters(NULL, Array)
#5 /Users/laurentbinder/Sites/www/MCL_POC/wp-includes/plugin.php(470): WP_Hook->do_action(Array)
#6 /Users/laurentbinder/Sites/www/MCL_POC/wp-includes/general-template.php(3015): do_action('wp_head')
#7 /Users/laurentbinder/Sites/www/MCL_POC/wp-includes/blocks/legacy-widget.php(104): wp_head()
#8 /Users/laurentbinder/Sites/www/MCL_POC/wp-includes/class-wp-hook.php(303): handle_legacy_widget_preview_iframe('')
#9 /Users/laurentbinder/Sites/www/MCL_POC/wp-includes/class-wp-hook.php(327): WP_Hook->apply_filters(false, Array)
#10 /Users/laurentbinder/Sites/www/MCL_POC/wp-includes/plugin.php(470): WP_Hook->do_action(Array)
#11 /Users/laurentbinder/Sites/www/MCL_POC/wp-admin/admin.php(175): do_action('admin_init')
#12 /Users/laurentbinder/Sites/www/MCL_POC/wp-admin/widgets.php(10): require_once('/Users/laurentb...')
#13 {main}
  thrown in /Users/laurentbinder/Sites/www/MCL_POC/wp-includes/class-wp-hook.php on line 303

2021-07-25T17:42:05+00:00 CRITICAL Uncaught TypeError: call_user_func_array(): Argument #1 ($function) must be a valid callback, function "duplicator_global_scripts" not found or invalid function name in /Users/laurentbinder/Sites/www/MCL_POC/wp-includes/class-wp-hook.php:303
Stack trace:
#0 /Users/laurentbinder/Sites/www/MCL_POC/wp-includes/class-wp-hook.php(327): WP_Hook->apply_filters(NULL, Array)
#1 /Users/laurentbinder/Sites/www/MCL_POC/wp-includes/plugin.php(470): WP_Hook->do_action(Array)
#2 /Users/laurentbinder/Sites/www/MCL_POC/wp-includes/script-loader.php(2083): do_action('wp_enqueue_scri...')
#3 /Users/laurentbinder/Sites/www/MCL_POC/wp-includes/class-wp-hook.php(303): wp_enqueue_scripts('')
#4 /Users/laurentbinder/Sites/www/MCL_POC/wp-includes/class-wp-hook.php(327): WP_Hook->apply_filters(NULL, Array)
#5 /Users/laurentbinder/Sites/www/MCL_POC/wp-includes/plugin.php(470): WP_Hook->do_action(Array)
#6 /Users/laurentbinder/Sites/www/MCL_POC/wp-includes/general-template.php(3015): do_action('wp_head')
#7 /Users/laurentbinder/Sites/www/MCL_POC/wp-includes/blocks/legacy-widget.php(104): wp_head()
#8 /Users/laurentbinder/Sites/www/MCL_POC/wp-includes/class-wp-hook.php(303): handle_legacy_widget_preview_iframe('')
#9 /Users/laurentbinder/Sites/www/MCL_POC/wp-includes/class-wp-hook.php(327): WP_Hook->apply_filters(false, Array)
#10 /Users/laurentbinder/Sites/www/MCL_POC/wp-includes/plugin.php(470): WP_Hook->do_action(Array)
#11 /Users/laurentbinder/Sites/www/MCL_POC/wp-admin/admin.php(175): do_action('admin_init')
#12 /Users/laurentbinder/Sites/www/MCL_POC/wp-admin/widgets.php(10): require_once('/Users/laurentb...')
#13 {main}
  thrown in /Users/laurentbinder/Sites/www/MCL_POC/wp-includes/class-wp-hook.php on line 303

2021-07-25T17:42:05+00:00 CRITICAL Uncaught TypeError: call_user_func_array(): Argument #1 ($function) must be a valid callback, function "duplicator_global_scripts" not found or invalid function name in /Users/laurentbinder/Sites/www/MCL_POC/wp-includes/class-wp-hook.php:303
Stack trace:
#0 /Users/laurentbinder/Sites/www/MCL_POC/wp-includes/class-wp-hook.php(327): WP_Hook->apply_filters(NULL, Array)
#1 /Users/laurentbinder/Sites/www/MCL_POC/wp-includes/plugin.php(470): WP_Hook->do_action(Array)
#2 /Users/laurentbinder/Sites/www/MCL_POC/wp-includes/script-loader.php(2083): do_action('wp_enqueue_scri...')
#3 /Users/laurentbinder/Sites/www/MCL_POC/wp-includes/class-wp-hook.php(303): wp_enqueue_scripts('')
#4 /Users/laurentbinder/Sites/www/MCL_POC/wp-includes/class-wp-hook.php(327): WP_Hook->apply_filters(NULL, Array)
#5 /Users/laurentbinder/Sites/www/MCL_POC/wp-includes/plugin.php(470): WP_Hook->do_action(Array)
#6 /Users/laurentbinder/Sites/www/MCL_POC/wp-includes/general-template.php(3015): do_action('wp_head')
#7 /Users/laurentbinder/Sites/www/MCL_POC/wp-includes/blocks/legacy-widget.php(104): wp_head()
#8 /Users/laurentbinder/Sites/www/MCL_POC/wp-includes/class-wp-hook.php(303): handle_legacy_widget_preview_iframe('')
#9 /Users/laurentbinder/Sites/www/MCL_POC/wp-includes/class-wp-hook.php(327): WP_Hook->apply_filters(false, Array)
#10 /Users/laurentbinder/Sites/www/MCL_POC/wp-includes/plugin.php(470): WP_Hook->do_action(Array)
#11 /Users/laurentbinder/Sites/www/MCL_POC/wp-admin/admin.php(175): do_action('admin_init')
#12 /Users/laurentbinder/Sites/www/MCL_POC/wp-admin/widgets.php(10): require_once('/Users/laurentb...')
#13 {main}
  thrown in /Users/laurentbinder/Sites/www/MCL_POC/wp-includes/class-wp-hook.php on line 303

2021-07-25T17:42:05+00:00 CRITICAL Uncaught TypeError: call_user_func_array(): Argument #1 ($function) must be a valid callback, function "duplicator_global_scripts" not found or invalid function name in /Users/laurentbinder/Sites/www/MCL_POC/wp-includes/class-wp-hook.php:303
Stack trace:
#0 /Users/laurentbinder/Sites/www/MCL_POC/wp-includes/class-wp-hook.php(327): WP_Hook->apply_filters(NULL, Array)
#1 /Users/laurentbinder/Sites/www/MCL_POC/wp-includes/plugin.php(470): WP_Hook->do_action(Array)
#2 /Users/laurentbinder/Sites/www/MCL_POC/wp-includes/script-loader.php(2083): do_action('wp_enqueue_scri...')
#3 /Users/laurentbinder/Sites/www/MCL_POC/wp-includes/class-wp-hook.php(303): wp_enqueue_scripts('')
#4 /Users/laurentbinder/Sites/www/MCL_POC/wp-includes/class-wp-hook.php(327): WP_Hook->apply_filters(NULL, Array)
#5 /Users/laurentbinder/Sites/www/MCL_POC/wp-includes/plugin.php(470): WP_Hook->do_action(Array)
#6 /Users/laurentbinder/Sites/www/MCL_POC/wp-includes/general-template.php(3015): do_action('wp_head')
#7 /Users/laurentbinder/Sites/www/MCL_POC/wp-includes/blocks/legacy-widget.php(104): wp_head()
#8 /Users/laurentbinder/Sites/www/MCL_POC/wp-includes/class-wp-hook.php(303): handle_legacy_widget_preview_iframe('')
#9 /Users/laurentbinder/Sites/www/MCL_POC/wp-includes/class-wp-hook.php(327): WP_Hook->apply_filters(false, Array)
#10 /Users/laurentbinder/Sites/www/MCL_POC/wp-includes/plugin.php(470): WP_Hook->do_action(Array)
#11 /Users/laurentbinder/Sites/www/MCL_POC/wp-admin/admin.php(175): do_action('admin_init')
#12 /Users/laurentbinder/Sites/www/MCL_POC/wp-admin/widgets.php(10): require_once('/Users/laurentb...')
#13 {main}
  thrown in /Users/laurentbinder/Sites/www/MCL_POC/wp-includes/class-wp-hook.php on line 303

2021-07-25T17:42:05+00:00 CRITICAL Uncaught TypeError: call_user_func_array(): Argument #1 ($function) must be a valid callback, function "duplicator_global_scripts" not found or invalid function name in /Users/laurentbinder/Sites/www/MCL_POC/wp-includes/class-wp-hook.php:303
Stack trace:
#0 /Users/laurentbinder/Sites/www/MCL_POC/wp-includes/class-wp-hook.php(327): WP_Hook->apply_filters(NULL, Array)
#1 /Users/laurentbinder/Sites/www/MCL_POC/wp-includes/plugin.php(470): WP_Hook->do_action(Array)
#2 /Users/laurentbinder/Sites/www/MCL_POC/wp-includes/script-loader.php(2083): do_action('wp_enqueue_scri...')
#3 /Users/laurentbinder/Sites/www/MCL_POC/wp-includes/class-wp-hook.php(303): wp_enqueue_scripts('')
#4 /Users/laurentbinder/Sites/www/MCL_POC/wp-includes/class-wp-hook.php(327): WP_Hook->apply_filters(NULL, Array)
#5 /Users/laurentbinder/Sites/www/MCL_POC/wp-includes/plugin.php(470): WP_Hook->do_action(Array)
#6 /Users/laurentbinder/Sites/www/MCL_POC/wp-includes/general-template.php(3015): do_action('wp_head')
#7 /Users/laurentbinder/Sites/www/MCL_POC/wp-includes/blocks/legacy-widget.php(104): wp_head()
#8 /Users/laurentbinder/Sites/www/MCL_POC/wp-includes/class-wp-hook.php(303): handle_legacy_widget_preview_iframe('')
#9 /Users/laurentbinder/Sites/www/MCL_POC/wp-includes/class-wp-hook.php(327): WP_Hook->apply_filters(false, Array)
#10 /Users/laurentbinder/Sites/www/MCL_POC/wp-includes/plugin.php(470): WP_Hook->do_action(Array)
#11 /Users/laurentbinder/Sites/www/MCL_POC/wp-admin/admin.php(175): do_action('admin_init')
#12 /Users/laurentbinder/Sites/www/MCL_POC/wp-admin/widgets.php(10): require_once('/Users/laurentb...')
#13 {main}
  thrown in /Users/laurentbinder/Sites/www/MCL_POC/wp-includes/class-wp-hook.php on line 303

2021-07-25T17:42:05+00:00 CRITICAL Uncaught TypeError: call_user_func_array(): Argument #1 ($function) must be a valid callback, function "duplicator_global_scripts" not found or invalid function name in /Users/laurentbinder/Sites/www/MCL_POC/wp-includes/class-wp-hook.php:303
Stack trace:
#0 /Users/laurentbinder/Sites/www/MCL_POC/wp-includes/class-wp-hook.php(327): WP_Hook->apply_filters(NULL, Array)
#1 /Users/laurentbinder/Sites/www/MCL_POC/wp-includes/plugin.php(470): WP_Hook->do_action(Array)
#2 /Users/laurentbinder/Sites/www/MCL_POC/wp-includes/script-loader.php(2083): do_action('wp_enqueue_scri...')
#3 /Users/laurentbinder/Sites/www/MCL_POC/wp-includes/class-wp-hook.php(303): wp_enqueue_scripts('')
#4 /Users/laurentbinder/Sites/www/MCL_POC/wp-includes/class-wp-hook.php(327): WP_Hook->apply_filters(NULL, Array)
#5 /Users/laurentbinder/Sites/www/MCL_POC/wp-includes/plugin.php(470): WP_Hook->do_action(Array)
#6 /Users/laurentbinder/Sites/www/MCL_POC/wp-includes/general-template.php(3015): do_action('wp_head')
#7 /Users/laurentbinder/Sites/www/MCL_POC/wp-includes/blocks/legacy-widget.php(104): wp_head()
#8 /Users/laurentbinder/Sites/www/MCL_POC/wp-includes/class-wp-hook.php(303): handle_legacy_widget_preview_iframe('')
#9 /Users/laurentbinder/Sites/www/MCL_POC/wp-includes/class-wp-hook.php(327): WP_Hook->apply_filters(false, Array)
#10 /Users/laurentbinder/Sites/www/MCL_POC/wp-includes/plugin.php(470): WP_Hook->do_action(Array)
#11 /Users/laurentbinder/Sites/www/MCL_POC/wp-admin/admin.php(175): do_action('admin_init')
#12 /Users/laurentbinder/Sites/www/MCL_POC/wp-admin/widgets.php(10): require_once('/Users/laurentb...')
#13 {main}
  thrown in /Users/laurentbinder/Sites/www/MCL_POC/wp-includes/class-wp-hook.php on line 303

2021-07-25T17:42:05+00:00 CRITICAL Uncaught TypeError: call_user_func_array(): Argument #1 ($function) must be a valid callback, function "duplicator_global_scripts" not found or invalid function name in /Users/laurentbinder/Sites/www/MCL_POC/wp-includes/class-wp-hook.php:303
Stack trace:
#0 /Users/laurentbinder/Sites/www/MCL_POC/wp-includes/class-wp-hook.php(327): WP_Hook->apply_filters(NULL, Array)
#1 /Users/laurentbinder/Sites/www/MCL_POC/wp-includes/plugin.php(470): WP_Hook->do_action(Array)
#2 /Users/laurentbinder/Sites/www/MCL_POC/wp-includes/script-loader.php(2083): do_action('wp_enqueue_scri...')
#3 /Users/laurentbinder/Sites/www/MCL_POC/wp-includes/class-wp-hook.php(303): wp_enqueue_scripts('')
#4 /Users/laurentbinder/Sites/www/MCL_POC/wp-includes/class-wp-hook.php(327): WP_Hook->apply_filters(NULL, Array)
#5 /Users/laurentbinder/Sites/www/MCL_POC/wp-includes/plugin.php(470): WP_Hook->do_action(Array)
#6 /Users/laurentbinder/Sites/www/MCL_POC/wp-includes/general-template.php(3015): do_action('wp_head')
#7 /Users/laurentbinder/Sites/www/MCL_POC/wp-includes/blocks/legacy-widget.php(104): wp_head()
#8 /Users/laurentbinder/Sites/www/MCL_POC/wp-includes/class-wp-hook.php(303): handle_legacy_widget_preview_iframe('')
#9 /Users/laurentbinder/Sites/www/MCL_POC/wp-includes/class-wp-hook.php(327): WP_Hook->apply_filters(false, Array)
#10 /Users/laurentbinder/Sites/www/MCL_POC/wp-includes/plugin.php(470): WP_Hook->do_action(Array)
#11 /Users/laurentbinder/Sites/www/MCL_POC/wp-admin/admin.php(175): do_action('admin_init')
#12 /Users/laurentbinder/Sites/www/MCL_POC/wp-admin/widgets.php(10): require_once('/Users/laurentb...')
#13 {main}
  thrown in /Users/laurentbinder/Sites/www/MCL_POC/wp-includes/class-wp-hook.php on line 303

2021-07-25T17:42:06+00:00 CRITICAL Uncaught TypeError: call_user_func_array(): Argument #1 ($function) must be a valid callback, function "duplicator_global_scripts" not found or invalid function name in /Users/laurentbinder/Sites/www/MCL_POC/wp-includes/class-wp-hook.php:303
Stack trace:
#0 /Users/laurentbinder/Sites/www/MCL_POC/wp-includes/class-wp-hook.php(327): WP_Hook->apply_filters(NULL, Array)
#1 /Users/laurentbinder/Sites/www/MCL_POC/wp-includes/plugin.php(470): WP_Hook->do_action(Array)
#2 /Users/laurentbinder/Sites/www/MCL_POC/wp-includes/script-loader.php(2083): do_action('wp_enqueue_scri...')
#3 /Users/laurentbinder/Sites/www/MCL_POC/wp-includes/class-wp-hook.php(303): wp_enqueue_scripts('')
#4 /Users/laurentbinder/Sites/www/MCL_POC/wp-includes/class-wp-hook.php(327): WP_Hook->apply_filters(NULL, Array)
#5 /Users/laurentbinder/Sites/www/MCL_POC/wp-includes/plugin.php(470): WP_Hook->do_action(Array)
#6 /Users/laurentbinder/Sites/www/MCL_POC/wp-includes/general-template.php(3015): do_action('wp_head')
#7 /Users/laurentbinder/Sites/www/MCL_POC/wp-includes/blocks/legacy-widget.php(104): wp_head()
#8 /Users/laurentbinder/Sites/www/MCL_POC/wp-includes/class-wp-hook.php(303): handle_legacy_widget_preview_iframe('')
#9 /Users/laurentbinder/Sites/www/MCL_POC/wp-includes/class-wp-hook.php(327): WP_Hook->apply_filters(false, Array)
#10 /Users/laurentbinder/Sites/www/MCL_POC/wp-includes/plugin.php(470): WP_Hook->do_action(Array)
#11 /Users/laurentbinder/Sites/www/MCL_POC/wp-admin/admin.php(175): do_action('admin_init')
#12 /Users/laurentbinder/Sites/www/MCL_POC/wp-admin/widgets.php(10): require_once('/Users/laurentb...')
#13 {main}
  thrown in /Users/laurentbinder/Sites/www/MCL_POC/wp-includes/class-wp-hook.php on line 303

2021-07-25T17:42:06+00:00 CRITICAL Uncaught TypeError: call_user_func_array(): Argument #1 ($function) must be a valid callback, function "duplicator_global_scripts" not found or invalid function name in /Users/laurentbinder/Sites/www/MCL_POC/wp-includes/class-wp-hook.php:303
Stack trace:
#0 /Users/laurentbinder/Sites/www/MCL_POC/wp-includes/class-wp-hook.php(327): WP_Hook->apply_filters(NULL, Array)
#1 /Users/laurentbinder/Sites/www/MCL_POC/wp-includes/plugin.php(470): WP_Hook->do_action(Array)
#2 /Users/laurentbinder/Sites/www/MCL_POC/wp-includes/script-loader.php(2083): do_action('wp_enqueue_scri...')
#3 /Users/laurentbinder/Sites/www/MCL_POC/wp-includes/class-wp-hook.php(303): wp_enqueue_scripts('')
#4 /Users/laurentbinder/Sites/www/MCL_POC/wp-includes/class-wp-hook.php(327): WP_Hook->apply_filters(NULL, Array)
#5 /Users/laurentbinder/Sites/www/MCL_POC/wp-includes/plugin.php(470): WP_Hook->do_action(Array)
#6 /Users/laurentbinder/Sites/www/MCL_POC/wp-includes/general-template.php(3015): do_action('wp_head')
#7 /Users/laurentbinder/Sites/www/MCL_POC/wp-includes/blocks/legacy-widget.php(104): wp_head()
#8 /Users/laurentbinder/Sites/www/MCL_POC/wp-includes/class-wp-hook.php(303): handle_legacy_widget_preview_iframe('')
#9 /Users/laurentbinder/Sites/www/MCL_POC/wp-includes/class-wp-hook.php(327): WP_Hook->apply_filters(false, Array)
#10 /Users/laurentbinder/Sites/www/MCL_POC/wp-includes/plugin.php(470): WP_Hook->do_action(Array)
#11 /Users/laurentbinder/Sites/www/MCL_POC/wp-admin/admin.php(175): do_action('admin_init')
#12 /Users/laurentbinder/Sites/www/MCL_POC/wp-admin/widgets.php(10): require_once('/Users/laurentb...')
#13 {main}
  thrown in /Users/laurentbinder/Sites/www/MCL_POC/wp-includes/class-wp-hook.php on line 303

2021-07-25T17:42:06+00:00 CRITICAL Uncaught TypeError: call_user_func_array(): Argument #1 ($function) must be a valid callback, function "duplicator_global_scripts" not found or invalid function name in /Users/laurentbinder/Sites/www/MCL_POC/wp-includes/class-wp-hook.php:303
Stack trace:
#0 /Users/laurentbinder/Sites/www/MCL_POC/wp-includes/class-wp-hook.php(327): WP_Hook->apply_filters(NULL, Array)
#1 /Users/laurentbinder/Sites/www/MCL_POC/wp-includes/plugin.php(470): WP_Hook->do_action(Array)
#2 /Users/laurentbinder/Sites/www/MCL_POC/wp-includes/script-loader.php(2083): do_action('wp_enqueue_scri...')
#3 /Users/laurentbinder/Sites/www/MCL_POC/wp-includes/class-wp-hook.php(303): wp_enqueue_scripts('')
#4 /Users/laurentbinder/Sites/www/MCL_POC/wp-includes/class-wp-hook.php(327): WP_Hook->apply_filters(NULL, Array)
#5 /Users/laurentbinder/Sites/www/MCL_POC/wp-includes/plugin.php(470): WP_Hook->do_action(Array)
#6 /Users/laurentbinder/Sites/www/MCL_POC/wp-includes/general-template.php(3015): do_action('wp_head')
#7 /Users/laurentbinder/Sites/www/MCL_POC/wp-includes/blocks/legacy-widget.php(104): wp_head()
#8 /Users/laurentbinder/Sites/www/MCL_POC/wp-includes/class-wp-hook.php(303): handle_legacy_widget_preview_iframe('')
#9 /Users/laurentbinder/Sites/www/MCL_POC/wp-includes/class-wp-hook.php(327): WP_Hook->apply_filters(false, Array)
#10 /Users/laurentbinder/Sites/www/MCL_POC/wp-includes/plugin.php(470): WP_Hook->do_action(Array)
#11 /Users/laurentbinder/Sites/www/MCL_POC/wp-admin/admin.php(175): do_action('admin_init')
#12 /Users/laurentbinder/Sites/www/MCL_POC/wp-admin/widgets.php(10): require_once('/Users/laurentb...')
#13 {main}
  thrown in /Users/laurentbinder/Sites/www/MCL_POC/wp-includes/class-wp-hook.php on line 303

2021-07-25T17:42:06+00:00 CRITICAL Uncaught TypeError: call_user_func_array(): Argument #1 ($function) must be a valid callback, function "duplicator_global_scripts" not found or invalid function name in /Users/laurentbinder/Sites/www/MCL_POC/wp-includes/class-wp-hook.php:303
Stack trace:
#0 /Users/laurentbinder/Sites/www/MCL_POC/wp-includes/class-wp-hook.php(327): WP_Hook->apply_filters(NULL, Array)
#1 /Users/laurentbinder/Sites/www/MCL_POC/wp-includes/plugin.php(470): WP_Hook->do_action(Array)
#2 /Users/laurentbinder/Sites/www/MCL_POC/wp-includes/script-loader.php(2083): do_action('wp_enqueue_scri...')
#3 /Users/laurentbinder/Sites/www/MCL_POC/wp-includes/class-wp-hook.php(303): wp_enqueue_scripts('')
#4 /Users/laurentbinder/Sites/www/MCL_POC/wp-includes/class-wp-hook.php(327): WP_Hook->apply_filters(NULL, Array)
#5 /Users/laurentbinder/Sites/www/MCL_POC/wp-includes/plugin.php(470): WP_Hook->do_action(Array)
#6 /Users/laurentbinder/Sites/www/MCL_POC/wp-includes/general-template.php(3015): do_action('wp_head')
#7 /Users/laurentbinder/Sites/www/MCL_POC/wp-includes/blocks/legacy-widget.php(104): wp_head()
#8 /Users/laurentbinder/Sites/www/MCL_POC/wp-includes/class-wp-hook.php(303): handle_legacy_widget_preview_iframe('')
#9 /Users/laurentbinder/Sites/www/MCL_POC/wp-includes/class-wp-hook.php(327): WP_Hook->apply_filters(false, Array)
#10 /Users/laurentbinder/Sites/www/MCL_POC/wp-includes/plugin.php(470): WP_Hook->do_action(Array)
#11 /Users/laurentbinder/Sites/www/MCL_POC/wp-admin/admin.php(175): do_action('admin_init')
#12 /Users/laurentbinder/Sites/www/MCL_POC/wp-admin/widgets.php(10): require_once('/Users/laurentb...')
#13 {main}
  thrown in /Users/laurentbinder/Sites/www/MCL_POC/wp-includes/class-wp-hook.php on line 303

2021-07-25T17:42:06+00:00 CRITICAL Uncaught TypeError: call_user_func_array(): Argument #1 ($function) must be a valid callback, function "duplicator_global_scripts" not found or invalid function name in /Users/laurentbinder/Sites/www/MCL_POC/wp-includes/class-wp-hook.php:303
Stack trace:
#0 /Users/laurentbinder/Sites/www/MCL_POC/wp-includes/class-wp-hook.php(327): WP_Hook->apply_filters(NULL, Array)
#1 /Users/laurentbinder/Sites/www/MCL_POC/wp-includes/plugin.php(470): WP_Hook->do_action(Array)
#2 /Users/laurentbinder/Sites/www/MCL_POC/wp-includes/script-loader.php(2083): do_action('wp_enqueue_scri...')
#3 /Users/laurentbinder/Sites/www/MCL_POC/wp-includes/class-wp-hook.php(303): wp_enqueue_scripts('')
#4 /Users/laurentbinder/Sites/www/MCL_POC/wp-includes/class-wp-hook.php(327): WP_Hook->apply_filters(NULL, Array)
#5 /Users/laurentbinder/Sites/www/MCL_POC/wp-includes/plugin.php(470): WP_Hook->do_action(Array)
#6 /Users/laurentbinder/Sites/www/MCL_POC/wp-includes/general-template.php(3015): do_action('wp_head')
#7 /Users/laurentbinder/Sites/www/MCL_POC/wp-includes/blocks/legacy-widget.php(104): wp_head()
#8 /Users/laurentbinder/Sites/www/MCL_POC/wp-includes/class-wp-hook.php(303): handle_legacy_widget_preview_iframe('')
#9 /Users/laurentbinder/Sites/www/MCL_POC/wp-includes/class-wp-hook.php(327): WP_Hook->apply_filters(false, Array)
#10 /Users/laurentbinder/Sites/www/MCL_POC/wp-includes/plugin.php(470): WP_Hook->do_action(Array)
#11 /Users/laurentbinder/Sites/www/MCL_POC/wp-admin/admin.php(175): do_action('admin_init')
#12 /Users/laurentbinder/Sites/www/MCL_POC/wp-admin/widgets.php(10): require_once('/Users/laurentb...')
#13 {main}
  thrown in /Users/laurentbinder/Sites/www/MCL_POC/wp-includes/class-wp-hook.php on line 303

