********************************************************************************
DUPLICATOR-LITE PACKAGE-LOG: 20 July 2021 6h55
NOTICE: Do NOT post to public sites or forums 
********************************************************************************
VERSION:	1.4.2
WORDPRESS:	5.7.2
PHP INFO:	8.0.7 | SAPI: apache2handler
SERVER:		Apache/2.4.48 (Unix) OpenSSL/1.1.1k PHP/8.0.7 
PHP TIME LIMIT: (0) no time limit imposed 
PHP MAX MEMORY: 4294967296 (128M default) 
MEMORY STACK: 2MB

********************************************************************************
DATABASE:
********************************************************************************
BUILD MODE:   MYSQLDUMP
MYSQLTIMEOUT: 5000
MYSQLDUMP:    Is Supported
SQL CREATED: 20210720_9am_mclpoc_17e37dd81520e0314319_20210720065447_database.sql
SQL FILE SIZE: 4.26MB (4468346)
SQL FILE TIME: 2021-07-20 06:55:20
SQL RUNTIME: 3.47 sec.

********************************************************************************
ARCHIVE (ZIP):
********************************************************************************
ARCHIVE DIR:  /Users/laurentbinder/Sites/www/MCL_POC
ARCHIVE FILE: 20210720_9am_mclpoc_17e37dd81520e0314319_20210720065447_archive.zip
FILTERS: *OFF*
DIRS:
	not set
FILES:
	not set
EXTS:  not set
----------------------------------------
COMPRESSING
SIZE:	347.9MB
STATS:	Dirs 3,289 | Files 27,961
SQL ADDED: 20210720_9am_mclpoc_17e37dd81520e0314319_20210720065447_database.sql
ZipArchive Object
(
    [lastId] => 31249
    [status] => 0
    [statusSys] => 0
    [numFiles] => 31250
    [filename] => /Users/laurentbinder/Sites/www/MCL_POC/wp-content/backups-dup-lite/tmp/20210720_9am_mclpoc_17e37dd81520e0314319_20210720065447_archive.zip
    [comment] => 
)

FILE ADDED TO ZIP: 31249
COMPRESSION RESULT: '1'
COMPRESSED SIZE: 202.46MB
ARCHIVE RUNTIME: 35.27 sec.
MEMORY STACK: 10.48MB
building installer
add_extra_files1
add_extra_files2
add_extra_files3
add_extra_files4
Doing archive file check
add_extra_files5
add_extra_files6
add_extra_files8
Successfully opened zip /Users/laurentbinder/Sites/www/MCL_POC/wp-content/backups-dup-lite/tmp/20210720_9am_mclpoc_17e37dd81520e0314319_20210720065447_archive.zip
Adding enhanced installer files to archive using ZipArchive
Installer files added to archive
Added to archive
After ziparchive close when adding installer

********************************************************************************
INTEGRITY CHECKS:
********************************************************************************
SQL FILE: 4.26MB
INSTALLER FILE: 64.26KB
ARCHIVE FILE: 204.17MB 
EXPECTED FILE/DIRECTORY COUNT: 31,250
ACTUAL FILE/DIRECTORY COUNT: 31,249
ARCHIVE CONSISTENCY TEST: Pass

********************************************************************************
RECORD ID:[1]
TOTAL PROCESS RUNTIME: 50.40 sec.
PEAK PHP MEMORY USED: 16.48MB
DONE PROCESSING => 20210720_9am_mclpoc 20 July 2021 6h56

